[2.420s] Invoking command in '/home/strathvoyager/new_ws/build/extra_interfaces': CMAKE_PREFIX_PATH=${CMAKE_PREFIX_PATH}:/home/strathvoyager/new_ws/install/computer_vision:/opt/ros/humble /usr/bin/cmake --build /home/strathvoyager/new_ws/build/extra_interfaces -- -j12 -l12
[2.501s] [  2%] Built target extra_interfaces__cpp
[2.501s] [ 12%] Built target extra_interfaces__rosidl_generator_c
[2.515s] [ 12%] Built target ament_cmake_python_copy_extra_interfaces
[2.531s] [ 48%] Built target extra_interfaces__rosidl_typesupport_introspection_c
[2.531s] [ 48%] Built target extra_interfaces__rosidl_typesupport_cpp
[2.531s] [ 53%] Built target extra_interfaces__rosidl_typesupport_fastrtps_cpp
[2.531s] [ 64%] Built target extra_interfaces__rosidl_typesupport_introspection_cpp
[2.531s] [ 64%] Built target extra_interfaces__rosidl_typesupport_c
[2.537s] [ 74%] Built target extra_interfaces__rosidl_typesupport_fastrtps_c
[2.567s] [ 74%] Built target extra_interfaces
[2.600s] [ 76%] Built target extra_interfaces__py
[2.636s] [ 84%] Built target extra_interfaces__rosidl_generator_py
[2.666s] [ 89%] Built target extra_interfaces__rosidl_typesupport_introspection_c__pyext
[2.668s] [100%] Built target extra_interfaces__rosidl_typesupport_c__pyext
[2.668s] [100%] Built target extra_interfaces__rosidl_typesupport_fastrtps_c__pyext
[2.916s] running egg_info
[2.917s] writing extra_interfaces.egg-info/PKG-INFO
[2.917s] writing dependency_links to extra_interfaces.egg-info/dependency_links.txt
[2.917s] writing top-level names to extra_interfaces.egg-info/top_level.txt
[2.921s] reading manifest file 'extra_interfaces.egg-info/SOURCES.txt'
[2.922s] writing manifest file 'extra_interfaces.egg-info/SOURCES.txt'
[2.976s] [100%] Built target ament_cmake_python_build_extra_interfaces_egg
[2.997s] Invoked command in '/home/strathvoyager/new_ws/build/extra_interfaces' returned '0': CMAKE_PREFIX_PATH=${CMAKE_PREFIX_PATH}:/home/strathvoyager/new_ws/install/computer_vision:/opt/ros/humble /usr/bin/cmake --build /home/strathvoyager/new_ws/build/extra_interfaces -- -j12 -l12
[3.137s] Invoking command in '/home/strathvoyager/new_ws/build/extra_interfaces': CMAKE_PREFIX_PATH=${CMAKE_PREFIX_PATH}:/home/strathvoyager/new_ws/install/computer_vision:/opt/ros/humble /usr/bin/cmake --install /home/strathvoyager/new_ws/build/extra_interfaces
[3.151s] -- Install configuration: ""
[3.151s] -- Up-to-date: /home/strathvoyager/new_ws/install/extra_interfaces/share/ament_index/resource_index/rosidl_interfaces/extra_interfaces
[3.152s] -- Up-to-date: /home/strathvoyager/new_ws/install/extra_interfaces/include/extra_interfaces/extra_interfaces
[3.152s] -- Up-to-date: /home/strathvoyager/new_ws/install/extra_interfaces/include/extra_interfaces/extra_interfaces/msg
[3.152s] -- Up-to-date: /home/strathvoyager/new_ws/install/extra_interfaces/include/extra_interfaces/extra_interfaces/msg/detail
[3.152s] -- Up-to-date: /home/strathvoyager/new_ws/install/extra_interfaces/include/extra_interfaces/extra_interfaces/msg/detail/photo__functions.c
[3.152s] -- Up-to-date: /home/strathvoyager/new_ws/install/extra_interfaces/include/extra_interfaces/extra_interfaces/msg/detail/ready__type_support.h
[3.152s] -- Up-to-date: /home/strathvoyager/new_ws/install/extra_interfaces/include/extra_interfaces/extra_interfaces/msg/detail/photo__type_support.h
[3.152s] -- Up-to-date: /home/strathvoyager/new_ws/install/extra_interfaces/include/extra_interfaces/extra_interfaces/msg/detail/photo__functions.h
[3.152s] -- Up-to-date: /home/strathvoyager/new_ws/install/extra_interfaces/include/extra_interfaces/extra_interfaces/msg/detail/ready__functions.h
[3.153s] -- Up-to-date: /home/strathvoyager/new_ws/install/extra_interfaces/include/extra_interfaces/extra_interfaces/msg/detail/ready__functions.c
[3.153s] -- Up-to-date: /home/strathvoyager/new_ws/install/extra_interfaces/include/extra_interfaces/extra_interfaces/msg/detail/photo__struct.h
[3.153s] -- Up-to-date: /home/strathvoyager/new_ws/install/extra_interfaces/include/extra_interfaces/extra_interfaces/msg/detail/ready__struct.h
[3.153s] -- Up-to-date: /home/strathvoyager/new_ws/install/extra_interfaces/include/extra_interfaces/extra_interfaces/msg/photo.h
[3.153s] -- Up-to-date: /home/strathvoyager/new_ws/install/extra_interfaces/include/extra_interfaces/extra_interfaces/msg/rosidl_generator_c__visibility_control.h
[3.153s] -- Up-to-date: /home/strathvoyager/new_ws/install/extra_interfaces/include/extra_interfaces/extra_interfaces/msg/ready.h
[3.154s] -- Up-to-date: /home/strathvoyager/new_ws/install/extra_interfaces/share/extra_interfaces/environment/library_path.sh
[3.154s] -- Up-to-date: /home/strathvoyager/new_ws/install/extra_interfaces/share/extra_interfaces/environment/library_path.dsv
[3.154s] -- Up-to-date: /home/strathvoyager/new_ws/install/extra_interfaces/lib/libextra_interfaces__rosidl_generator_c.so
[3.154s] -- Up-to-date: /home/strathvoyager/new_ws/install/extra_interfaces/include/extra_interfaces/extra_interfaces
[3.154s] -- Up-to-date: /home/strathvoyager/new_ws/install/extra_interfaces/include/extra_interfaces/extra_interfaces/msg
[3.154s] -- Up-to-date: /home/strathvoyager/new_ws/install/extra_interfaces/include/extra_interfaces/extra_interfaces/msg/detail
[3.154s] -- Up-to-date: /home/strathvoyager/new_ws/install/extra_interfaces/include/extra_interfaces/extra_interfaces/msg/detail/photo__rosidl_typesupport_fastrtps_c.h
[3.155s] -- Up-to-date: /home/strathvoyager/new_ws/install/extra_interfaces/include/extra_interfaces/extra_interfaces/msg/detail/ready__rosidl_typesupport_fastrtps_c.h
[3.155s] -- Up-to-date: /home/strathvoyager/new_ws/install/extra_interfaces/include/extra_interfaces/extra_interfaces/msg/rosidl_typesupport_fastrtps_c__visibility_control.h
[3.155s] -- Up-to-date: /home/strathvoyager/new_ws/install/extra_interfaces/lib/libextra_interfaces__rosidl_typesupport_fastrtps_c.so
[3.155s] -- Up-to-date: /home/strathvoyager/new_ws/install/extra_interfaces/include/extra_interfaces/extra_interfaces
[3.155s] -- Up-to-date: /home/strathvoyager/new_ws/install/extra_interfaces/include/extra_interfaces/extra_interfaces/msg
[3.155s] -- Up-to-date: /home/strathvoyager/new_ws/install/extra_interfaces/include/extra_interfaces/extra_interfaces/msg/detail
[3.156s] -- Up-to-date: /home/strathvoyager/new_ws/install/extra_interfaces/include/extra_interfaces/extra_interfaces/msg/detail/photo__type_support.c
[3.156s] -- Up-to-date: /home/strathvoyager/new_ws/install/extra_interfaces/include/extra_interfaces/extra_interfaces/msg/detail/photo__rosidl_typesupport_introspection_c.h
[3.156s] -- Up-to-date: /home/strathvoyager/new_ws/install/extra_interfaces/include/extra_interfaces/extra_interfaces/msg/detail/ready__type_support.c
[3.156s] -- Up-to-date: /home/strathvoyager/new_ws/install/extra_interfaces/include/extra_interfaces/extra_interfaces/msg/detail/ready__rosidl_typesupport_introspection_c.h
[3.156s] -- Up-to-date: /home/strathvoyager/new_ws/install/extra_interfaces/include/extra_interfaces/extra_interfaces/msg/rosidl_typesupport_introspection_c__visibility_control.h
[3.156s] -- Up-to-date: /home/strathvoyager/new_ws/install/extra_interfaces/lib/libextra_interfaces__rosidl_typesupport_introspection_c.so
[3.156s] -- Up-to-date: /home/strathvoyager/new_ws/install/extra_interfaces/lib/libextra_interfaces__rosidl_typesupport_c.so
[3.156s] -- Up-to-date: /home/strathvoyager/new_ws/install/extra_interfaces/include/extra_interfaces/extra_interfaces
[3.156s] -- Up-to-date: /home/strathvoyager/new_ws/install/extra_interfaces/include/extra_interfaces/extra_interfaces/msg
[3.156s] -- Up-to-date: /home/strathvoyager/new_ws/install/extra_interfaces/include/extra_interfaces/extra_interfaces/msg/photo.hpp
[3.157s] -- Up-to-date: /home/strathvoyager/new_ws/install/extra_interfaces/include/extra_interfaces/extra_interfaces/msg/detail
[3.157s] -- Up-to-date: /home/strathvoyager/new_ws/install/extra_interfaces/include/extra_interfaces/extra_interfaces/msg/detail/photo__traits.hpp
[3.157s] -- Up-to-date: /home/strathvoyager/new_ws/install/extra_interfaces/include/extra_interfaces/extra_interfaces/msg/detail/photo__builder.hpp
[3.157s] -- Up-to-date: /home/strathvoyager/new_ws/install/extra_interfaces/include/extra_interfaces/extra_interfaces/msg/detail/ready__builder.hpp
[3.157s] -- Up-to-date: /home/strathvoyager/new_ws/install/extra_interfaces/include/extra_interfaces/extra_interfaces/msg/detail/ready__traits.hpp
[3.157s] -- Up-to-date: /home/strathvoyager/new_ws/install/extra_interfaces/include/extra_interfaces/extra_interfaces/msg/detail/ready__struct.hpp
[3.157s] -- Up-to-date: /home/strathvoyager/new_ws/install/extra_interfaces/include/extra_interfaces/extra_interfaces/msg/detail/photo__struct.hpp
[3.158s] -- Up-to-date: /home/strathvoyager/new_ws/install/extra_interfaces/include/extra_interfaces/extra_interfaces/msg/ready.hpp
[3.158s] -- Up-to-date: /home/strathvoyager/new_ws/install/extra_interfaces/include/extra_interfaces/extra_interfaces
[3.158s] -- Up-to-date: /home/strathvoyager/new_ws/install/extra_interfaces/include/extra_interfaces/extra_interfaces/msg
[3.158s] -- Up-to-date: /home/strathvoyager/new_ws/install/extra_interfaces/include/extra_interfaces/extra_interfaces/msg/detail
[3.158s] -- Up-to-date: /home/strathvoyager/new_ws/install/extra_interfaces/include/extra_interfaces/extra_interfaces/msg/detail/dds_fastrtps
[3.158s] -- Up-to-date: /home/strathvoyager/new_ws/install/extra_interfaces/include/extra_interfaces/extra_interfaces/msg/detail/ready__rosidl_typesupport_fastrtps_cpp.hpp
[3.158s] -- Up-to-date: /home/strathvoyager/new_ws/install/extra_interfaces/include/extra_interfaces/extra_interfaces/msg/detail/photo__rosidl_typesupport_fastrtps_cpp.hpp
[3.158s] -- Up-to-date: /home/strathvoyager/new_ws/install/extra_interfaces/include/extra_interfaces/extra_interfaces/msg/rosidl_typesupport_fastrtps_cpp__visibility_control.h
[3.158s] -- Up-to-date: /home/strathvoyager/new_ws/install/extra_interfaces/lib/libextra_interfaces__rosidl_typesupport_fastrtps_cpp.so
[3.158s] -- Up-to-date: /home/strathvoyager/new_ws/install/extra_interfaces/include/extra_interfaces/extra_interfaces
[3.158s] -- Up-to-date: /home/strathvoyager/new_ws/install/extra_interfaces/include/extra_interfaces/extra_interfaces/msg
[3.158s] -- Up-to-date: /home/strathvoyager/new_ws/install/extra_interfaces/include/extra_interfaces/extra_interfaces/msg/detail
[3.159s] -- Up-to-date: /home/strathvoyager/new_ws/install/extra_interfaces/include/extra_interfaces/extra_interfaces/msg/detail/photo__type_support.cpp
[3.159s] -- Up-to-date: /home/strathvoyager/new_ws/install/extra_interfaces/include/extra_interfaces/extra_interfaces/msg/detail/ready__type_support.cpp
[3.159s] -- Up-to-date: /home/strathvoyager/new_ws/install/extra_interfaces/include/extra_interfaces/extra_interfaces/msg/detail/ready__rosidl_typesupport_introspection_cpp.hpp
[3.159s] -- Up-to-date: /home/strathvoyager/new_ws/install/extra_interfaces/include/extra_interfaces/extra_interfaces/msg/detail/photo__rosidl_typesupport_introspection_cpp.hpp
[3.159s] -- Up-to-date: /home/strathvoyager/new_ws/install/extra_interfaces/lib/libextra_interfaces__rosidl_typesupport_introspection_cpp.so
[3.159s] -- Up-to-date: /home/strathvoyager/new_ws/install/extra_interfaces/lib/libextra_interfaces__rosidl_typesupport_cpp.so
[3.159s] -- Up-to-date: /home/strathvoyager/new_ws/install/extra_interfaces/share/extra_interfaces/environment/pythonpath.sh
[3.159s] -- Up-to-date: /home/strathvoyager/new_ws/install/extra_interfaces/share/extra_interfaces/environment/pythonpath.dsv
[3.159s] -- Up-to-date: /home/strathvoyager/new_ws/install/extra_interfaces/local/lib/python3.10/dist-packages/extra_interfaces-0.0.0-py3.10.egg-info
[3.159s] -- Installing: /home/strathvoyager/new_ws/install/extra_interfaces/local/lib/python3.10/dist-packages/extra_interfaces-0.0.0-py3.10.egg-info/SOURCES.txt
[3.159s] -- Installing: /home/strathvoyager/new_ws/install/extra_interfaces/local/lib/python3.10/dist-packages/extra_interfaces-0.0.0-py3.10.egg-info/PKG-INFO
[3.159s] -- Installing: /home/strathvoyager/new_ws/install/extra_interfaces/local/lib/python3.10/dist-packages/extra_interfaces-0.0.0-py3.10.egg-info/dependency_links.txt
[3.160s] -- Installing: /home/strathvoyager/new_ws/install/extra_interfaces/local/lib/python3.10/dist-packages/extra_interfaces-0.0.0-py3.10.egg-info/top_level.txt
[3.160s] -- Up-to-date: /home/strathvoyager/new_ws/install/extra_interfaces/local/lib/python3.10/dist-packages/extra_interfaces
[3.160s] -- Up-to-date: /home/strathvoyager/new_ws/install/extra_interfaces/local/lib/python3.10/dist-packages/extra_interfaces/libextra_interfaces__rosidl_generator_py.so
[3.160s] -- Up-to-date: /home/strathvoyager/new_ws/install/extra_interfaces/local/lib/python3.10/dist-packages/extra_interfaces/extra_interfaces_s__rosidl_typesupport_fastrtps_c.cpython-310-aarch64-linux-gnu.so
[3.160s] -- Up-to-date: /home/strathvoyager/new_ws/install/extra_interfaces/local/lib/python3.10/dist-packages/extra_interfaces/_extra_interfaces_s.ep.rosidl_typesupport_introspection_c.c
[3.160s] -- Up-to-date: /home/strathvoyager/new_ws/install/extra_interfaces/local/lib/python3.10/dist-packages/extra_interfaces/msg
[3.160s] -- Up-to-date: /home/strathvoyager/new_ws/install/extra_interfaces/local/lib/python3.10/dist-packages/extra_interfaces/msg/__init__.py
[3.160s] -- Up-to-date: /home/strathvoyager/new_ws/install/extra_interfaces/local/lib/python3.10/dist-packages/extra_interfaces/msg/_ready.py
[3.160s] -- Up-to-date: /home/strathvoyager/new_ws/install/extra_interfaces/local/lib/python3.10/dist-packages/extra_interfaces/msg/_photo.py
[3.160s] -- Up-to-date: /home/strathvoyager/new_ws/install/extra_interfaces/local/lib/python3.10/dist-packages/extra_interfaces/msg/_photo_s.c
[3.160s] -- Up-to-date: /home/strathvoyager/new_ws/install/extra_interfaces/local/lib/python3.10/dist-packages/extra_interfaces/msg/_ready_s.c
[3.160s] -- Up-to-date: /home/strathvoyager/new_ws/install/extra_interfaces/local/lib/python3.10/dist-packages/extra_interfaces/extra_interfaces_s__rosidl_typesupport_c.cpython-310-aarch64-linux-gnu.so
[3.161s] -- Up-to-date: /home/strathvoyager/new_ws/install/extra_interfaces/local/lib/python3.10/dist-packages/extra_interfaces/__init__.py
[3.161s] -- Up-to-date: /home/strathvoyager/new_ws/install/extra_interfaces/local/lib/python3.10/dist-packages/extra_interfaces/_extra_interfaces_s.ep.rosidl_typesupport_fastrtps_c.c
[3.161s] -- Up-to-date: /home/strathvoyager/new_ws/install/extra_interfaces/local/lib/python3.10/dist-packages/extra_interfaces/extra_interfaces_s__rosidl_typesupport_introspection_c.cpython-310-aarch64-linux-gnu.so
[3.161s] -- Up-to-date: /home/strathvoyager/new_ws/install/extra_interfaces/local/lib/python3.10/dist-packages/extra_interfaces/_extra_interfaces_s.ep.rosidl_typesupport_c.c
[3.202s] Listing '/home/strathvoyager/new_ws/install/extra_interfaces/local/lib/python3.10/dist-packages/extra_interfaces'...
[3.203s] Listing '/home/strathvoyager/new_ws/install/extra_interfaces/local/lib/python3.10/dist-packages/extra_interfaces/msg'...
[3.210s] -- Up-to-date: /home/strathvoyager/new_ws/install/extra_interfaces/local/lib/python3.10/dist-packages/extra_interfaces/extra_interfaces_s__rosidl_typesupport_fastrtps_c.cpython-310-aarch64-linux-gnu.so
[3.211s] -- Up-to-date: /home/strathvoyager/new_ws/install/extra_interfaces/local/lib/python3.10/dist-packages/extra_interfaces/extra_interfaces_s__rosidl_typesupport_introspection_c.cpython-310-aarch64-linux-gnu.so
[3.211s] -- Up-to-date: /home/strathvoyager/new_ws/install/extra_interfaces/local/lib/python3.10/dist-packages/extra_interfaces/extra_interfaces_s__rosidl_typesupport_c.cpython-310-aarch64-linux-gnu.so
[3.211s] -- Up-to-date: /home/strathvoyager/new_ws/install/extra_interfaces/lib/libextra_interfaces__rosidl_generator_py.so
[3.211s] -- Up-to-date: /home/strathvoyager/new_ws/install/extra_interfaces/share/extra_interfaces/msg/Photo.idl
[3.212s] -- Up-to-date: /home/strathvoyager/new_ws/install/extra_interfaces/share/extra_interfaces/msg/Ready.idl
[3.212s] -- Up-to-date: /home/strathvoyager/new_ws/install/extra_interfaces/share/extra_interfaces/msg/Photo.msg
[3.212s] -- Up-to-date: /home/strathvoyager/new_ws/install/extra_interfaces/share/extra_interfaces/msg/Ready.msg
[3.212s] -- Up-to-date: /home/strathvoyager/new_ws/install/extra_interfaces/share/ament_index/resource_index/package_run_dependencies/extra_interfaces
[3.212s] -- Up-to-date: /home/strathvoyager/new_ws/install/extra_interfaces/share/ament_index/resource_index/parent_prefix_path/extra_interfaces
[3.212s] -- Up-to-date: /home/strathvoyager/new_ws/install/extra_interfaces/share/extra_interfaces/environment/ament_prefix_path.sh
[3.212s] -- Up-to-date: /home/strathvoyager/new_ws/install/extra_interfaces/share/extra_interfaces/environment/ament_prefix_path.dsv
[3.212s] -- Up-to-date: /home/strathvoyager/new_ws/install/extra_interfaces/share/extra_interfaces/environment/path.sh
[3.213s] -- Up-to-date: /home/strathvoyager/new_ws/install/extra_interfaces/share/extra_interfaces/environment/path.dsv
[3.213s] -- Up-to-date: /home/strathvoyager/new_ws/install/extra_interfaces/share/extra_interfaces/local_setup.bash
[3.213s] -- Up-to-date: /home/strathvoyager/new_ws/install/extra_interfaces/share/extra_interfaces/local_setup.sh
[3.213s] -- Up-to-date: /home/strathvoyager/new_ws/install/extra_interfaces/share/extra_interfaces/local_setup.zsh
[3.213s] -- Up-to-date: /home/strathvoyager/new_ws/install/extra_interfaces/share/extra_interfaces/local_setup.dsv
[3.213s] -- Installing: /home/strathvoyager/new_ws/install/extra_interfaces/share/extra_interfaces/package.dsv
[3.213s] -- Up-to-date: /home/strathvoyager/new_ws/install/extra_interfaces/share/ament_index/resource_index/packages/extra_interfaces
[3.213s] -- Up-to-date: /home/strathvoyager/new_ws/install/extra_interfaces/share/extra_interfaces/cmake/export_extra_interfaces__rosidl_generator_cExport.cmake
[3.214s] -- Up-to-date: /home/strathvoyager/new_ws/install/extra_interfaces/share/extra_interfaces/cmake/export_extra_interfaces__rosidl_generator_cExport-noconfig.cmake
[3.214s] -- Up-to-date: /home/strathvoyager/new_ws/install/extra_interfaces/share/extra_interfaces/cmake/export_extra_interfaces__rosidl_typesupport_fastrtps_cExport.cmake
[3.214s] -- Up-to-date: /home/strathvoyager/new_ws/install/extra_interfaces/share/extra_interfaces/cmake/export_extra_interfaces__rosidl_typesupport_fastrtps_cExport-noconfig.cmake
[3.214s] -- Up-to-date: /home/strathvoyager/new_ws/install/extra_interfaces/share/extra_interfaces/cmake/extra_interfaces__rosidl_typesupport_introspection_cExport.cmake
[3.214s] -- Up-to-date: /home/strathvoyager/new_ws/install/extra_interfaces/share/extra_interfaces/cmake/extra_interfaces__rosidl_typesupport_introspection_cExport-noconfig.cmake
[3.214s] -- Up-to-date: /home/strathvoyager/new_ws/install/extra_interfaces/share/extra_interfaces/cmake/extra_interfaces__rosidl_typesupport_cExport.cmake
[3.214s] -- Up-to-date: /home/strathvoyager/new_ws/install/extra_interfaces/share/extra_interfaces/cmake/extra_interfaces__rosidl_typesupport_cExport-noconfig.cmake
[3.214s] -- Up-to-date: /home/strathvoyager/new_ws/install/extra_interfaces/share/extra_interfaces/cmake/export_extra_interfaces__rosidl_generator_cppExport.cmake
[3.214s] -- Up-to-date: /home/strathvoyager/new_ws/install/extra_interfaces/share/extra_interfaces/cmake/export_extra_interfaces__rosidl_typesupport_fastrtps_cppExport.cmake
[3.215s] -- Up-to-date: /home/strathvoyager/new_ws/install/extra_interfaces/share/extra_interfaces/cmake/export_extra_interfaces__rosidl_typesupport_fastrtps_cppExport-noconfig.cmake
[3.215s] -- Up-to-date: /home/strathvoyager/new_ws/install/extra_interfaces/share/extra_interfaces/cmake/extra_interfaces__rosidl_typesupport_introspection_cppExport.cmake
[3.215s] -- Up-to-date: /home/strathvoyager/new_ws/install/extra_interfaces/share/extra_interfaces/cmake/extra_interfaces__rosidl_typesupport_introspection_cppExport-noconfig.cmake
[3.215s] -- Up-to-date: /home/strathvoyager/new_ws/install/extra_interfaces/share/extra_interfaces/cmake/extra_interfaces__rosidl_typesupport_cppExport.cmake
[3.215s] -- Up-to-date: /home/strathvoyager/new_ws/install/extra_interfaces/share/extra_interfaces/cmake/extra_interfaces__rosidl_typesupport_cppExport-noconfig.cmake
[3.215s] -- Up-to-date: /home/strathvoyager/new_ws/install/extra_interfaces/share/extra_interfaces/cmake/export_extra_interfaces__rosidl_generator_pyExport.cmake
[3.215s] -- Up-to-date: /home/strathvoyager/new_ws/install/extra_interfaces/share/extra_interfaces/cmake/export_extra_interfaces__rosidl_generator_pyExport-noconfig.cmake
[3.215s] -- Up-to-date: /home/strathvoyager/new_ws/install/extra_interfaces/share/extra_interfaces/cmake/rosidl_cmake-extras.cmake
[3.215s] -- Up-to-date: /home/strathvoyager/new_ws/install/extra_interfaces/share/extra_interfaces/cmake/ament_cmake_export_include_directories-extras.cmake
[3.216s] -- Up-to-date: /home/strathvoyager/new_ws/install/extra_interfaces/share/extra_interfaces/cmake/ament_cmake_export_libraries-extras.cmake
[3.216s] -- Up-to-date: /home/strathvoyager/new_ws/install/extra_interfaces/share/extra_interfaces/cmake/ament_cmake_export_targets-extras.cmake
[3.216s] -- Up-to-date: /home/strathvoyager/new_ws/install/extra_interfaces/share/extra_interfaces/cmake/rosidl_cmake_export_typesupport_targets-extras.cmake
[3.216s] -- Up-to-date: /home/strathvoyager/new_ws/install/extra_interfaces/share/extra_interfaces/cmake/ament_cmake_export_dependencies-extras.cmake
[3.216s] -- Up-to-date: /home/strathvoyager/new_ws/install/extra_interfaces/share/extra_interfaces/cmake/rosidl_cmake_export_typesupport_libraries-extras.cmake
[3.216s] -- Up-to-date: /home/strathvoyager/new_ws/install/extra_interfaces/share/extra_interfaces/cmake/extra_interfacesConfig.cmake
[3.216s] -- Up-to-date: /home/strathvoyager/new_ws/install/extra_interfaces/share/extra_interfaces/cmake/extra_interfacesConfig-version.cmake
[3.216s] -- Up-to-date: /home/strathvoyager/new_ws/install/extra_interfaces/share/extra_interfaces/package.xml
[3.219s] Invoked command in '/home/strathvoyager/new_ws/build/extra_interfaces' returned '0': CMAKE_PREFIX_PATH=${CMAKE_PREFIX_PATH}:/home/strathvoyager/new_ws/install/computer_vision:/opt/ros/humble /usr/bin/cmake --install /home/strathvoyager/new_ws/build/extra_interfaces
