[1.121s] Invoking command in '/home/strathvoyager/new_ws/src/computer_vision': PYTHONPATH=/home/strathvoyager/new_ws/build/computer_vision/prefix_override:/usr/lib/python3/dist-packages/colcon_core/task/python/colcon_distutils_commands:/home/strathvoyager/new_ws/install/computer_vision/lib/python3.10/site-packages:${PYTHONPATH} /usr/bin/python3 -W ignore:setup.py install is deprecated -W ignore:easy_install command is deprecated setup.py egg_info --egg-base ../../build/computer_vision build --build-base /home/strathvoyager/new_ws/build/computer_vision/build install --record /home/strathvoyager/new_ws/build/computer_vision/install.log --single-version-externally-managed install_data
[1.527s] running egg_info
[1.528s] writing ../../build/computer_vision/computer_vision.egg-info/PKG-INFO
[1.528s] writing dependency_links to ../../build/computer_vision/computer_vision.egg-info/dependency_links.txt
[1.528s] writing entry points to ../../build/computer_vision/computer_vision.egg-info/entry_points.txt
[1.529s] writing requirements to ../../build/computer_vision/computer_vision.egg-info/requires.txt
[1.529s] writing top-level names to ../../build/computer_vision/computer_vision.egg-info/top_level.txt
[1.532s] reading manifest file '../../build/computer_vision/computer_vision.egg-info/SOURCES.txt'
[1.532s] adding license file 'LICENSE'
[1.533s] writing manifest file '../../build/computer_vision/computer_vision.egg-info/SOURCES.txt'
[1.533s] running build
[1.534s] running build_py
[1.534s] copying computer_vision/camera.py -> /home/strathvoyager/new_ws/build/computer_vision/build/lib/computer_vision
[1.534s] running install
[1.534s] running install_lib
[1.536s] copying /home/strathvoyager/new_ws/build/computer_vision/build/lib/computer_vision/camera.py -> /home/strathvoyager/new_ws/install/computer_vision/lib/python3.10/site-packages/computer_vision
[1.536s] byte-compiling /home/strathvoyager/new_ws/install/computer_vision/lib/python3.10/site-packages/computer_vision/camera.py to camera.cpython-310.pyc
[1.538s] running install_data
[1.538s] running install_egg_info
[1.541s] removing '/home/strathvoyager/new_ws/install/computer_vision/lib/python3.10/site-packages/computer_vision-0.0.0-py3.10.egg-info' (and everything under it)
[1.541s] Copying ../../build/computer_vision/computer_vision.egg-info to /home/strathvoyager/new_ws/install/computer_vision/lib/python3.10/site-packages/computer_vision-0.0.0-py3.10.egg-info
[1.542s] running install_scripts
[1.571s] Installing camera script to /home/strathvoyager/new_ws/install/computer_vision/lib/computer_vision
[1.571s] Installing display script to /home/strathvoyager/new_ws/install/computer_vision/lib/computer_vision
[1.572s] writing list of installed files to '/home/strathvoyager/new_ws/build/computer_vision/install.log'
[1.619s] Invoked command in '/home/strathvoyager/new_ws/src/computer_vision' returned '0': PYTHONPATH=/home/strathvoyager/new_ws/build/computer_vision/prefix_override:/usr/lib/python3/dist-packages/colcon_core/task/python/colcon_distutils_commands:/home/strathvoyager/new_ws/install/computer_vision/lib/python3.10/site-packages:${PYTHONPATH} /usr/bin/python3 -W ignore:setup.py install is deprecated -W ignore:easy_install command is deprecated setup.py egg_info --egg-base ../../build/computer_vision build --build-base /home/strathvoyager/new_ws/build/computer_vision/build install --record /home/strathvoyager/new_ws/build/computer_vision/install.log --single-version-externally-managed install_data
