[1.164s] Invoking command in '/home/strathvoyager/new_ws/src/computer_vision': PYTHONPATH=/home/strathvoyager/new_ws/src/build/computer_vision/prefix_override:/usr/lib/python3/dist-packages/colcon_core/task/python/colcon_distutils_commands:/home/strathvoyager/new_ws/src/install/computer_vision/lib/python3.10/site-packages:${PYTHONPATH} /usr/bin/python3 -W ignore:setup.py install is deprecated -W ignore:easy_install command is deprecated setup.py egg_info --egg-base ../build/computer_vision build --build-base /home/strathvoyager/new_ws/src/build/computer_vision/build install --record /home/strathvoyager/new_ws/src/build/computer_vision/install.log --single-version-externally-managed install_data
[1.521s] running egg_info
[1.522s] creating ../build/computer_vision/computer_vision.egg-info
[1.522s] writing ../build/computer_vision/computer_vision.egg-info/PKG-INFO
[1.523s] writing dependency_links to ../build/computer_vision/computer_vision.egg-info/dependency_links.txt
[1.523s] writing entry points to ../build/computer_vision/computer_vision.egg-info/entry_points.txt
[1.523s] writing requirements to ../build/computer_vision/computer_vision.egg-info/requires.txt
[1.523s] writing top-level names to ../build/computer_vision/computer_vision.egg-info/top_level.txt
[1.523s] writing manifest file '../build/computer_vision/computer_vision.egg-info/SOURCES.txt'
[1.526s] reading manifest file '../build/computer_vision/computer_vision.egg-info/SOURCES.txt'
[1.526s] adding license file 'LICENSE'
[1.527s] writing manifest file '../build/computer_vision/computer_vision.egg-info/SOURCES.txt'
[1.527s] running build
[1.527s] running build_py
[1.527s] creating /home/strathvoyager/new_ws/src/build/computer_vision/build
[1.528s] creating /home/strathvoyager/new_ws/src/build/computer_vision/build/lib
[1.528s] creating /home/strathvoyager/new_ws/src/build/computer_vision/build/lib/computer_vision
[1.528s] copying computer_vision/camera.py -> /home/strathvoyager/new_ws/src/build/computer_vision/build/lib/computer_vision
[1.528s] copying computer_vision/detect.py -> /home/strathvoyager/new_ws/src/build/computer_vision/build/lib/computer_vision
[1.528s] copying computer_vision/__init__.py -> /home/strathvoyager/new_ws/src/build/computer_vision/build/lib/computer_vision
[1.528s] copying computer_vision/display.py -> /home/strathvoyager/new_ws/src/build/computer_vision/build/lib/computer_vision
[1.529s] running install
[1.529s] running install_lib
[1.530s] creating /home/strathvoyager/new_ws/src/install/computer_vision/lib/python3.10/site-packages/computer_vision
[1.530s] copying /home/strathvoyager/new_ws/src/build/computer_vision/build/lib/computer_vision/camera.py -> /home/strathvoyager/new_ws/src/install/computer_vision/lib/python3.10/site-packages/computer_vision
[1.530s] copying /home/strathvoyager/new_ws/src/build/computer_vision/build/lib/computer_vision/detect.py -> /home/strathvoyager/new_ws/src/install/computer_vision/lib/python3.10/site-packages/computer_vision
[1.531s] copying /home/strathvoyager/new_ws/src/build/computer_vision/build/lib/computer_vision/__init__.py -> /home/strathvoyager/new_ws/src/install/computer_vision/lib/python3.10/site-packages/computer_vision
[1.531s] copying /home/strathvoyager/new_ws/src/build/computer_vision/build/lib/computer_vision/display.py -> /home/strathvoyager/new_ws/src/install/computer_vision/lib/python3.10/site-packages/computer_vision
[1.531s] byte-compiling /home/strathvoyager/new_ws/src/install/computer_vision/lib/python3.10/site-packages/computer_vision/camera.py to camera.cpython-310.pyc
[1.533s] byte-compiling /home/strathvoyager/new_ws/src/install/computer_vision/lib/python3.10/site-packages/computer_vision/detect.py to detect.cpython-310.pyc
[1.534s] byte-compiling /home/strathvoyager/new_ws/src/install/computer_vision/lib/python3.10/site-packages/computer_vision/__init__.py to __init__.cpython-310.pyc
[1.534s] byte-compiling /home/strathvoyager/new_ws/src/install/computer_vision/lib/python3.10/site-packages/computer_vision/display.py to display.cpython-310.pyc
[1.535s] running install_data
[1.535s] creating /home/strathvoyager/new_ws/src/install/computer_vision/share/ament_index
[1.535s] creating /home/strathvoyager/new_ws/src/install/computer_vision/share/ament_index/resource_index
[1.535s] creating /home/strathvoyager/new_ws/src/install/computer_vision/share/ament_index/resource_index/packages
[1.535s] copying resource/computer_vision -> /home/strathvoyager/new_ws/src/install/computer_vision/share/ament_index/resource_index/packages
[1.536s] copying package.xml -> /home/strathvoyager/new_ws/src/install/computer_vision/share/computer_vision
[1.536s] running install_egg_info
[1.540s] Copying ../build/computer_vision/computer_vision.egg-info to /home/strathvoyager/new_ws/src/install/computer_vision/lib/python3.10/site-packages/computer_vision-0.0.0-py3.10.egg-info
[1.541s] running install_scripts
[1.570s] Installing camera script to /home/strathvoyager/new_ws/src/install/computer_vision/lib/computer_vision
[1.570s] Installing detect script to /home/strathvoyager/new_ws/src/install/computer_vision/lib/computer_vision
[1.571s] Installing display script to /home/strathvoyager/new_ws/src/install/computer_vision/lib/computer_vision
[1.571s] writing list of installed files to '/home/strathvoyager/new_ws/src/build/computer_vision/install.log'
[1.617s] Invoked command in '/home/strathvoyager/new_ws/src/computer_vision' returned '0': PYTHONPATH=/home/strathvoyager/new_ws/src/build/computer_vision/prefix_override:/usr/lib/python3/dist-packages/colcon_core/task/python/colcon_distutils_commands:/home/strathvoyager/new_ws/src/install/computer_vision/lib/python3.10/site-packages:${PYTHONPATH} /usr/bin/python3 -W ignore:setup.py install is deprecated -W ignore:easy_install command is deprecated setup.py egg_info --egg-base ../build/computer_vision build --build-base /home/strathvoyager/new_ws/src/build/computer_vision/build install --record /home/strathvoyager/new_ws/src/build/computer_vision/install.log --single-version-externally-managed install_data
