[0.158s] DEBUG:colcon:Command line arguments: ['/usr/bin/colcon', 'build']
[0.159s] DEBUG:colcon:Parsed command line arguments: Namespace(log_base=None, log_level=None, verb_name='build', build_base='build', install_base='install', merge_install=False, symlink_install=False, test_result_base=None, continue_on_error=False, executor='parallel', parallel_workers=12, event_handlers=None, ignore_user_meta=False, metas=['./colcon.meta'], base_paths=['.'], packages_ignore=None, packages_ignore_regex=None, paths=None, packages_up_to=None, packages_up_to_regex=None, packages_above=None, packages_above_and_dependencies=None, packages_above_depth=None, packages_select_by_dep=None, packages_skip_by_dep=None, packages_skip_up_to=None, packages_select_build_failed=False, packages_skip_build_finished=False, packages_select_test_failures=False, packages_skip_test_passed=False, packages_select=None, packages_skip=None, packages_select_regex=None, packages_skip_regex=None, packages_start=None, packages_end=None, allow_overriding=[], cmake_args=None, cmake_target=None, cmake_target_skip_unavailable=False, cmake_clean_cache=False, cmake_clean_first=False, cmake_force_configure=False, ament_cmake_args=None, catkin_cmake_args=None, catkin_skip_building_tests=False, mixin_files=None, mixin=None, verb_parser=<colcon_mixin.mixin.mixin_argument.MixinArgumentDecorator object at 0xffffab1b3190>, verb_extension=<colcon_core.verb.build.BuildVerb object at 0xffffab1b2530>, main=<bound method BuildVerb.main of <colcon_core.verb.build.BuildVerb object at 0xffffab1b2530>>, mixin_verb=('build',))
[0.410s] Level 1:colcon.colcon_core.package_discovery:discover_packages(colcon_meta) check parameters
[0.410s] Level 1:colcon.colcon_core.package_discovery:discover_packages(recursive) check parameters
[0.410s] Level 1:colcon.colcon_core.package_discovery:discover_packages(ignore) check parameters
[0.410s] Level 1:colcon.colcon_core.package_discovery:discover_packages(path) check parameters
[0.410s] Level 1:colcon.colcon_core.package_discovery:discover_packages(colcon_meta) discover
[0.410s] Level 1:colcon.colcon_core.package_discovery:discover_packages(recursive) discover
[0.410s] INFO:colcon.colcon_core.package_discovery:Crawling recursively for packages in '/home/strathvoyager/new_ws'
[0.411s] Level 1:colcon.colcon_core.package_identification:_identify(.) by extensions ['ignore', 'ignore_ament_install']
[0.411s] Level 1:colcon.colcon_core.package_identification:_identify(.) by extension 'ignore'
[0.411s] Level 1:colcon.colcon_core.package_identification:_identify(.) by extension 'ignore_ament_install'
[0.411s] Level 1:colcon.colcon_core.package_identification:_identify(.) by extensions ['colcon_pkg']
[0.411s] Level 1:colcon.colcon_core.package_identification:_identify(.) by extension 'colcon_pkg'
[0.411s] Level 1:colcon.colcon_core.package_identification:_identify(.) by extensions ['colcon_meta']
[0.411s] Level 1:colcon.colcon_core.package_identification:_identify(.) by extension 'colcon_meta'
[0.411s] Level 1:colcon.colcon_core.package_identification:_identify(.) by extensions ['ros']
[0.411s] Level 1:colcon.colcon_core.package_identification:_identify(.) by extension 'ros'
[0.426s] Level 1:colcon.colcon_core.package_identification:_identify(.) by extensions ['cmake', 'python']
[0.426s] Level 1:colcon.colcon_core.package_identification:_identify(.) by extension 'cmake'
[0.427s] Level 1:colcon.colcon_core.package_identification:_identify(.) by extension 'python'
[0.427s] Level 1:colcon.colcon_core.package_identification:_identify(.) by extensions ['python_setup_py']
[0.427s] Level 1:colcon.colcon_core.package_identification:_identify(.) by extension 'python_setup_py'
[0.427s] Level 1:colcon.colcon_core.package_identification:_identify(__pycache__) by extensions ['ignore', 'ignore_ament_install']
[0.427s] Level 1:colcon.colcon_core.package_identification:_identify(__pycache__) by extension 'ignore'
[0.427s] Level 1:colcon.colcon_core.package_identification:_identify(__pycache__) by extension 'ignore_ament_install'
[0.427s] Level 1:colcon.colcon_core.package_identification:_identify(__pycache__) by extensions ['colcon_pkg']
[0.427s] Level 1:colcon.colcon_core.package_identification:_identify(__pycache__) by extension 'colcon_pkg'
[0.427s] Level 1:colcon.colcon_core.package_identification:_identify(__pycache__) by extensions ['colcon_meta']
[0.427s] Level 1:colcon.colcon_core.package_identification:_identify(__pycache__) by extension 'colcon_meta'
[0.428s] Level 1:colcon.colcon_core.package_identification:_identify(__pycache__) by extensions ['ros']
[0.428s] Level 1:colcon.colcon_core.package_identification:_identify(__pycache__) by extension 'ros'
[0.428s] Level 1:colcon.colcon_core.package_identification:_identify(__pycache__) by extensions ['cmake', 'python']
[0.428s] Level 1:colcon.colcon_core.package_identification:_identify(__pycache__) by extension 'cmake'
[0.428s] Level 1:colcon.colcon_core.package_identification:_identify(__pycache__) by extension 'python'
[0.428s] Level 1:colcon.colcon_core.package_identification:_identify(__pycache__) by extensions ['python_setup_py']
[0.428s] Level 1:colcon.colcon_core.package_identification:_identify(__pycache__) by extension 'python_setup_py'
[0.428s] Level 1:colcon.colcon_core.package_identification:_identify(build) by extensions ['ignore', 'ignore_ament_install']
[0.428s] Level 1:colcon.colcon_core.package_identification:_identify(build) by extension 'ignore'
[0.428s] Level 1:colcon.colcon_core.package_identification:_identify(build) ignored
[0.428s] Level 1:colcon.colcon_core.package_identification:_identify(install) by extensions ['ignore', 'ignore_ament_install']
[0.428s] Level 1:colcon.colcon_core.package_identification:_identify(install) by extension 'ignore'
[0.429s] Level 1:colcon.colcon_core.package_identification:_identify(install) ignored
[0.429s] Level 1:colcon.colcon_core.package_identification:_identify(log) by extensions ['ignore', 'ignore_ament_install']
[0.429s] Level 1:colcon.colcon_core.package_identification:_identify(log) by extension 'ignore'
[0.429s] Level 1:colcon.colcon_core.package_identification:_identify(log) ignored
[0.429s] Level 1:colcon.colcon_core.package_identification:_identify(models) by extensions ['ignore', 'ignore_ament_install']
[0.429s] Level 1:colcon.colcon_core.package_identification:_identify(models) by extension 'ignore'
[0.429s] Level 1:colcon.colcon_core.package_identification:_identify(models) by extension 'ignore_ament_install'
[0.429s] Level 1:colcon.colcon_core.package_identification:_identify(models) by extensions ['colcon_pkg']
[0.430s] Level 1:colcon.colcon_core.package_identification:_identify(models) by extension 'colcon_pkg'
[0.430s] Level 1:colcon.colcon_core.package_identification:_identify(models) by extensions ['colcon_meta']
[0.430s] Level 1:colcon.colcon_core.package_identification:_identify(models) by extension 'colcon_meta'
[0.430s] Level 1:colcon.colcon_core.package_identification:_identify(models) by extensions ['ros']
[0.430s] Level 1:colcon.colcon_core.package_identification:_identify(models) by extension 'ros'
[0.430s] Level 1:colcon.colcon_core.package_identification:_identify(models) by extensions ['cmake', 'python']
[0.430s] Level 1:colcon.colcon_core.package_identification:_identify(models) by extension 'cmake'
[0.430s] Level 1:colcon.colcon_core.package_identification:_identify(models) by extension 'python'
[0.430s] Level 1:colcon.colcon_core.package_identification:_identify(models) by extensions ['python_setup_py']
[0.430s] Level 1:colcon.colcon_core.package_identification:_identify(models) by extension 'python_setup_py'
[0.430s] Level 1:colcon.colcon_core.package_identification:_identify(src) by extensions ['ignore', 'ignore_ament_install']
[0.430s] Level 1:colcon.colcon_core.package_identification:_identify(src) by extension 'ignore'
[0.430s] Level 1:colcon.colcon_core.package_identification:_identify(src) by extension 'ignore_ament_install'
[0.430s] Level 1:colcon.colcon_core.package_identification:_identify(src) by extensions ['colcon_pkg']
[0.430s] Level 1:colcon.colcon_core.package_identification:_identify(src) by extension 'colcon_pkg'
[0.431s] Level 1:colcon.colcon_core.package_identification:_identify(src) by extensions ['colcon_meta']
[0.431s] Level 1:colcon.colcon_core.package_identification:_identify(src) by extension 'colcon_meta'
[0.431s] Level 1:colcon.colcon_core.package_identification:_identify(src) by extensions ['ros']
[0.431s] Level 1:colcon.colcon_core.package_identification:_identify(src) by extension 'ros'
[0.431s] Level 1:colcon.colcon_core.package_identification:_identify(src) by extensions ['cmake', 'python']
[0.431s] Level 1:colcon.colcon_core.package_identification:_identify(src) by extension 'cmake'
[0.431s] Level 1:colcon.colcon_core.package_identification:_identify(src) by extension 'python'
[0.431s] Level 1:colcon.colcon_core.package_identification:_identify(src) by extensions ['python_setup_py']
[0.431s] Level 1:colcon.colcon_core.package_identification:_identify(src) by extension 'python_setup_py'
[0.431s] Level 1:colcon.colcon_core.package_identification:_identify(src/__pycache__) by extensions ['ignore', 'ignore_ament_install']
[0.431s] Level 1:colcon.colcon_core.package_identification:_identify(src/__pycache__) by extension 'ignore'
[0.431s] Level 1:colcon.colcon_core.package_identification:_identify(src/__pycache__) by extension 'ignore_ament_install'
[0.431s] Level 1:colcon.colcon_core.package_identification:_identify(src/__pycache__) by extensions ['colcon_pkg']
[0.431s] Level 1:colcon.colcon_core.package_identification:_identify(src/__pycache__) by extension 'colcon_pkg'
[0.432s] Level 1:colcon.colcon_core.package_identification:_identify(src/__pycache__) by extensions ['colcon_meta']
[0.432s] Level 1:colcon.colcon_core.package_identification:_identify(src/__pycache__) by extension 'colcon_meta'
[0.432s] Level 1:colcon.colcon_core.package_identification:_identify(src/__pycache__) by extensions ['ros']
[0.432s] Level 1:colcon.colcon_core.package_identification:_identify(src/__pycache__) by extension 'ros'
[0.432s] Level 1:colcon.colcon_core.package_identification:_identify(src/__pycache__) by extensions ['cmake', 'python']
[0.432s] Level 1:colcon.colcon_core.package_identification:_identify(src/__pycache__) by extension 'cmake'
[0.432s] Level 1:colcon.colcon_core.package_identification:_identify(src/__pycache__) by extension 'python'
[0.432s] Level 1:colcon.colcon_core.package_identification:_identify(src/__pycache__) by extensions ['python_setup_py']
[0.432s] Level 1:colcon.colcon_core.package_identification:_identify(src/__pycache__) by extension 'python_setup_py'
[0.432s] Level 1:colcon.colcon_core.package_identification:_identify(src/build) by extensions ['ignore', 'ignore_ament_install']
[0.432s] Level 1:colcon.colcon_core.package_identification:_identify(src/build) by extension 'ignore'
[0.432s] Level 1:colcon.colcon_core.package_identification:_identify(src/build) ignored
[0.432s] Level 1:colcon.colcon_core.package_identification:_identify(src/computer_vision) by extensions ['ignore', 'ignore_ament_install']
[0.433s] Level 1:colcon.colcon_core.package_identification:_identify(src/computer_vision) by extension 'ignore'
[0.433s] Level 1:colcon.colcon_core.package_identification:_identify(src/computer_vision) by extension 'ignore_ament_install'
[0.433s] Level 1:colcon.colcon_core.package_identification:_identify(src/computer_vision) by extensions ['colcon_pkg']
[0.433s] Level 1:colcon.colcon_core.package_identification:_identify(src/computer_vision) by extension 'colcon_pkg'
[0.433s] Level 1:colcon.colcon_core.package_identification:_identify(src/computer_vision) by extensions ['colcon_meta']
[0.433s] Level 1:colcon.colcon_core.package_identification:_identify(src/computer_vision) by extension 'colcon_meta'
[0.433s] Level 1:colcon.colcon_core.package_identification:_identify(src/computer_vision) by extensions ['ros']
[0.433s] Level 1:colcon.colcon_core.package_identification:_identify(src/computer_vision) by extension 'ros'
[0.436s] DEBUG:colcon.colcon_core.package_identification:Package 'src/computer_vision' with type 'ros.ament_python' and name 'computer_vision'
[0.436s] Level 1:colcon.colcon_core.package_identification:_identify(src/extra_interfaces) by extensions ['ignore', 'ignore_ament_install']
[0.436s] Level 1:colcon.colcon_core.package_identification:_identify(src/extra_interfaces) by extension 'ignore'
[0.437s] Level 1:colcon.colcon_core.package_identification:_identify(src/extra_interfaces) by extension 'ignore_ament_install'
[0.437s] Level 1:colcon.colcon_core.package_identification:_identify(src/extra_interfaces) by extensions ['colcon_pkg']
[0.437s] Level 1:colcon.colcon_core.package_identification:_identify(src/extra_interfaces) by extension 'colcon_pkg'
[0.437s] Level 1:colcon.colcon_core.package_identification:_identify(src/extra_interfaces) by extensions ['colcon_meta']
[0.437s] Level 1:colcon.colcon_core.package_identification:_identify(src/extra_interfaces) by extension 'colcon_meta'
[0.437s] Level 1:colcon.colcon_core.package_identification:_identify(src/extra_interfaces) by extensions ['ros']
[0.437s] Level 1:colcon.colcon_core.package_identification:_identify(src/extra_interfaces) by extension 'ros'
[0.438s] DEBUG:colcon.colcon_core.package_identification:Package 'src/extra_interfaces' with type 'ros.ament_cmake' and name 'extra_interfaces'
[0.438s] Level 1:colcon.colcon_core.package_identification:_identify(src/install) by extensions ['ignore', 'ignore_ament_install']
[0.438s] Level 1:colcon.colcon_core.package_identification:_identify(src/install) by extension 'ignore'
[0.438s] Level 1:colcon.colcon_core.package_identification:_identify(src/install) ignored
[0.438s] Level 1:colcon.colcon_core.package_identification:_identify(src/log) by extensions ['ignore', 'ignore_ament_install']
[0.439s] Level 1:colcon.colcon_core.package_identification:_identify(src/log) by extension 'ignore'
[0.439s] Level 1:colcon.colcon_core.package_identification:_identify(src/log) ignored
[0.439s] Level 1:colcon.colcon_core.package_discovery:discover_packages(recursive) using defaults
[0.439s] Level 1:colcon.colcon_core.package_discovery:discover_packages(ignore) discover
[0.439s] Level 1:colcon.colcon_core.package_discovery:discover_packages(ignore) using defaults
[0.439s] Level 1:colcon.colcon_core.package_discovery:discover_packages(path) discover
[0.439s] Level 1:colcon.colcon_core.package_discovery:discover_packages(path) using defaults
[0.487s] Level 1:colcon.colcon_core.package_discovery:discover_packages(prefix_path) check parameters
[0.487s] Level 1:colcon.colcon_core.package_discovery:discover_packages(prefix_path) discover
[0.490s] DEBUG:colcon.colcon_installed_package_information.package_discovery:Found 2 installed packages in /home/strathvoyager/new_ws/install
[0.491s] DEBUG:colcon.colcon_installed_package_information.package_discovery:Found 180 installed packages in /opt/ros/humble
[0.492s] Level 1:colcon.colcon_core.package_discovery:discover_packages(prefix_path) using defaults
[0.526s] Level 5:colcon.colcon_core.verb:set package 'computer_vision' build argument 'cmake_args' from command line to 'None'
[0.526s] Level 5:colcon.colcon_core.verb:set package 'computer_vision' build argument 'cmake_target' from command line to 'None'
[0.526s] Level 5:colcon.colcon_core.verb:set package 'computer_vision' build argument 'cmake_target_skip_unavailable' from command line to 'False'
[0.526s] Level 5:colcon.colcon_core.verb:set package 'computer_vision' build argument 'cmake_clean_cache' from command line to 'False'
[0.526s] Level 5:colcon.colcon_core.verb:set package 'computer_vision' build argument 'cmake_clean_first' from command line to 'False'
[0.526s] Level 5:colcon.colcon_core.verb:set package 'computer_vision' build argument 'cmake_force_configure' from command line to 'False'
[0.526s] Level 5:colcon.colcon_core.verb:set package 'computer_vision' build argument 'ament_cmake_args' from command line to 'None'
[0.526s] Level 5:colcon.colcon_core.verb:set package 'computer_vision' build argument 'catkin_cmake_args' from command line to 'None'
[0.526s] Level 5:colcon.colcon_core.verb:set package 'computer_vision' build argument 'catkin_skip_building_tests' from command line to 'False'
[0.526s] DEBUG:colcon.colcon_core.verb:Building package 'computer_vision' with the following arguments: {'ament_cmake_args': None, 'build_base': '/home/strathvoyager/new_ws/build/computer_vision', 'catkin_cmake_args': None, 'catkin_skip_building_tests': False, 'cmake_args': None, 'cmake_clean_cache': False, 'cmake_clean_first': False, 'cmake_force_configure': False, 'cmake_target': None, 'cmake_target_skip_unavailable': False, 'install_base': '/home/strathvoyager/new_ws/install/computer_vision', 'merge_install': False, 'path': '/home/strathvoyager/new_ws/src/computer_vision', 'symlink_install': False, 'test_result_base': None}
[0.527s] Level 5:colcon.colcon_core.verb:set package 'extra_interfaces' build argument 'cmake_args' from command line to 'None'
[0.527s] Level 5:colcon.colcon_core.verb:set package 'extra_interfaces' build argument 'cmake_target' from command line to 'None'
[0.527s] Level 5:colcon.colcon_core.verb:set package 'extra_interfaces' build argument 'cmake_target_skip_unavailable' from command line to 'False'
[0.527s] Level 5:colcon.colcon_core.verb:set package 'extra_interfaces' build argument 'cmake_clean_cache' from command line to 'False'
[0.527s] Level 5:colcon.colcon_core.verb:set package 'extra_interfaces' build argument 'cmake_clean_first' from command line to 'False'
[0.527s] Level 5:colcon.colcon_core.verb:set package 'extra_interfaces' build argument 'cmake_force_configure' from command line to 'False'
[0.527s] Level 5:colcon.colcon_core.verb:set package 'extra_interfaces' build argument 'ament_cmake_args' from command line to 'None'
[0.527s] Level 5:colcon.colcon_core.verb:set package 'extra_interfaces' build argument 'catkin_cmake_args' from command line to 'None'
[0.527s] Level 5:colcon.colcon_core.verb:set package 'extra_interfaces' build argument 'catkin_skip_building_tests' from command line to 'False'
[0.527s] DEBUG:colcon.colcon_core.verb:Building package 'extra_interfaces' with the following arguments: {'ament_cmake_args': None, 'build_base': '/home/strathvoyager/new_ws/build/extra_interfaces', 'catkin_cmake_args': None, 'catkin_skip_building_tests': False, 'cmake_args': None, 'cmake_clean_cache': False, 'cmake_clean_first': False, 'cmake_force_configure': False, 'cmake_target': None, 'cmake_target_skip_unavailable': False, 'install_base': '/home/strathvoyager/new_ws/install/extra_interfaces', 'merge_install': False, 'path': '/home/strathvoyager/new_ws/src/extra_interfaces', 'symlink_install': False, 'test_result_base': None}
[0.527s] INFO:colcon.colcon_core.executor:Executing jobs using 'parallel' executor
[0.529s] DEBUG:colcon.colcon_parallel_executor.executor.parallel:run_until_complete
[0.529s] INFO:colcon.colcon_ros.task.ament_python.build:Building ROS package in '/home/strathvoyager/new_ws/src/computer_vision' with build type 'ament_python'
[0.530s] Level 1:colcon.colcon_core.shell:create_environment_hook('computer_vision', 'ament_prefix_path')
[0.533s] INFO:colcon.colcon_core.plugin_system:Skipping extension 'colcon_core.shell.bat': Not used on non-Windows systems
[0.533s] INFO:colcon.colcon_core.shell:Creating environment hook '/home/strathvoyager/new_ws/install/computer_vision/share/computer_vision/hook/ament_prefix_path.ps1'
[0.534s] INFO:colcon.colcon_core.shell:Creating environment descriptor '/home/strathvoyager/new_ws/install/computer_vision/share/computer_vision/hook/ament_prefix_path.dsv'
[0.535s] INFO:colcon.colcon_core.shell:Creating environment hook '/home/strathvoyager/new_ws/install/computer_vision/share/computer_vision/hook/ament_prefix_path.sh'
[0.536s] INFO:colcon.colcon_core.shell:Skip shell extension 'powershell' for command environment: Not usable outside of PowerShell
[0.536s] DEBUG:colcon.colcon_core.shell:Skip shell extension 'dsv' for command environment
[0.540s] INFO:colcon.colcon_ros.task.ament_cmake.build:Building ROS package in '/home/strathvoyager/new_ws/src/extra_interfaces' with build type 'ament_cmake'
[0.540s] INFO:colcon.colcon_cmake.task.cmake.build:Building CMake package in '/home/strathvoyager/new_ws/src/extra_interfaces'
[0.540s] INFO:colcon.colcon_core.shell:Skip shell extension 'powershell' for command environment: Not usable outside of PowerShell
[0.541s] DEBUG:colcon.colcon_core.shell:Skip shell extension 'dsv' for command environment
[0.929s] INFO:colcon.colcon_core.task.python.build:Building Python package in '/home/strathvoyager/new_ws/src/computer_vision'
[0.929s] INFO:colcon.colcon_core.shell:Skip shell extension 'powershell' for command environment: Not usable outside of PowerShell
[0.930s] DEBUG:colcon.colcon_core.shell:Skip shell extension 'dsv' for command environment
[0.946s] DEBUG:colcon.colcon_core.event_handler.log_command:Invoking command in '/home/strathvoyager/new_ws/build/extra_interfaces': CMAKE_PREFIX_PATH=${CMAKE_PREFIX_PATH}:/home/strathvoyager/new_ws/install/computer_vision:/opt/ros/humble /usr/bin/cmake --build /home/strathvoyager/new_ws/build/extra_interfaces -- -j12 -l12
[1.501s] DEBUG:colcon.colcon_core.event_handler.log_command:Invoked command in '/home/strathvoyager/new_ws/build/extra_interfaces' returned '0': CMAKE_PREFIX_PATH=${CMAKE_PREFIX_PATH}:/home/strathvoyager/new_ws/install/computer_vision:/opt/ros/humble /usr/bin/cmake --build /home/strathvoyager/new_ws/build/extra_interfaces -- -j12 -l12
[1.620s] DEBUG:colcon.colcon_core.event_handler.log_command:Invoking command in '/home/strathvoyager/new_ws/src/computer_vision': PYTHONPATH=/home/strathvoyager/new_ws/build/computer_vision/prefix_override:/usr/lib/python3/dist-packages/colcon_core/task/python/colcon_distutils_commands:/home/strathvoyager/new_ws/install/computer_vision/lib/python3.10/site-packages:${PYTHONPATH} /usr/bin/python3 -W ignore:setup.py install is deprecated -W ignore:easy_install command is deprecated setup.py egg_info --egg-base ../../build/computer_vision build --build-base /home/strathvoyager/new_ws/build/computer_vision/build install --record /home/strathvoyager/new_ws/build/computer_vision/install.log --single-version-externally-managed install_data
[1.678s] DEBUG:colcon.colcon_core.event_handler.log_command:Invoking command in '/home/strathvoyager/new_ws/build/extra_interfaces': CMAKE_PREFIX_PATH=${CMAKE_PREFIX_PATH}:/home/strathvoyager/new_ws/install/computer_vision:/opt/ros/humble /usr/bin/cmake --install /home/strathvoyager/new_ws/build/extra_interfaces
[1.768s] Level 1:colcon.colcon_core.environment:create_environment_scripts_only(extra_interfaces)
[1.780s] DEBUG:colcon.colcon_core.event_handler.log_command:Invoked command in '/home/strathvoyager/new_ws/build/extra_interfaces' returned '0': CMAKE_PREFIX_PATH=${CMAKE_PREFIX_PATH}:/home/strathvoyager/new_ws/install/computer_vision:/opt/ros/humble /usr/bin/cmake --install /home/strathvoyager/new_ws/build/extra_interfaces
[1.784s] Level 1:colcon.colcon_core.environment:checking '/home/strathvoyager/new_ws/install/extra_interfaces' for CMake module files
[1.786s] Level 1:colcon.colcon_core.environment:checking '/home/strathvoyager/new_ws/install/extra_interfaces' for CMake config files
[1.787s] Level 1:colcon.colcon_core.shell:create_environment_hook('extra_interfaces', 'cmake_prefix_path')
[1.788s] INFO:colcon.colcon_core.shell:Creating environment hook '/home/strathvoyager/new_ws/install/extra_interfaces/share/extra_interfaces/hook/cmake_prefix_path.ps1'
[1.789s] INFO:colcon.colcon_core.shell:Creating environment descriptor '/home/strathvoyager/new_ws/install/extra_interfaces/share/extra_interfaces/hook/cmake_prefix_path.dsv'
[1.791s] INFO:colcon.colcon_core.shell:Creating environment hook '/home/strathvoyager/new_ws/install/extra_interfaces/share/extra_interfaces/hook/cmake_prefix_path.sh'
[1.793s] Level 1:colcon.colcon_core.environment:checking '/home/strathvoyager/new_ws/install/extra_interfaces/lib'
[1.794s] Level 1:colcon.colcon_core.shell:create_environment_hook('extra_interfaces', 'ld_library_path_lib')
[1.794s] INFO:colcon.colcon_core.shell:Creating environment hook '/home/strathvoyager/new_ws/install/extra_interfaces/share/extra_interfaces/hook/ld_library_path_lib.ps1'
[1.796s] INFO:colcon.colcon_core.shell:Creating environment descriptor '/home/strathvoyager/new_ws/install/extra_interfaces/share/extra_interfaces/hook/ld_library_path_lib.dsv'
[1.797s] INFO:colcon.colcon_core.shell:Creating environment hook '/home/strathvoyager/new_ws/install/extra_interfaces/share/extra_interfaces/hook/ld_library_path_lib.sh'
[1.799s] Level 1:colcon.colcon_core.environment:checking '/home/strathvoyager/new_ws/install/extra_interfaces/bin'
[1.799s] Level 1:colcon.colcon_core.environment:checking '/home/strathvoyager/new_ws/install/extra_interfaces/lib/pkgconfig/extra_interfaces.pc'
[1.800s] Level 1:colcon.colcon_core.environment:checking '/home/strathvoyager/new_ws/install/extra_interfaces/lib/python3.10/site-packages'
[1.801s] Level 1:colcon.colcon_core.environment:checking '/home/strathvoyager/new_ws/install/extra_interfaces/bin'
[1.802s] INFO:colcon.colcon_core.shell:Creating package script '/home/strathvoyager/new_ws/install/extra_interfaces/share/extra_interfaces/package.ps1'
[1.805s] INFO:colcon.colcon_core.shell:Creating package descriptor '/home/strathvoyager/new_ws/install/extra_interfaces/share/extra_interfaces/package.dsv'
[1.807s] INFO:colcon.colcon_core.shell:Creating package script '/home/strathvoyager/new_ws/install/extra_interfaces/share/extra_interfaces/package.sh'
[1.809s] INFO:colcon.colcon_core.shell:Creating package script '/home/strathvoyager/new_ws/install/extra_interfaces/share/extra_interfaces/package.bash'
[1.812s] INFO:colcon.colcon_core.shell:Creating package script '/home/strathvoyager/new_ws/install/extra_interfaces/share/extra_interfaces/package.zsh'
[1.814s] Level 1:colcon.colcon_core.environment:create_file_with_runtime_dependencies(/home/strathvoyager/new_ws/install/extra_interfaces/share/colcon-core/packages/extra_interfaces)
[1.958s] Level 1:colcon.colcon_core.environment:create_environment_scripts_only(extra_interfaces)
[1.959s] Level 1:colcon.colcon_core.environment:checking '/home/strathvoyager/new_ws/install/extra_interfaces' for CMake module files
[1.960s] Level 1:colcon.colcon_core.environment:checking '/home/strathvoyager/new_ws/install/extra_interfaces' for CMake config files
[1.961s] Level 1:colcon.colcon_core.shell:create_environment_hook('extra_interfaces', 'cmake_prefix_path')
[1.962s] INFO:colcon.colcon_core.shell:Creating environment hook '/home/strathvoyager/new_ws/install/extra_interfaces/share/extra_interfaces/hook/cmake_prefix_path.ps1'
[1.963s] INFO:colcon.colcon_core.shell:Creating environment descriptor '/home/strathvoyager/new_ws/install/extra_interfaces/share/extra_interfaces/hook/cmake_prefix_path.dsv'
[1.965s] INFO:colcon.colcon_core.shell:Creating environment hook '/home/strathvoyager/new_ws/install/extra_interfaces/share/extra_interfaces/hook/cmake_prefix_path.sh'
[1.967s] Level 1:colcon.colcon_core.environment:checking '/home/strathvoyager/new_ws/install/extra_interfaces/lib'
[1.967s] Level 1:colcon.colcon_core.shell:create_environment_hook('extra_interfaces', 'ld_library_path_lib')
[1.968s] INFO:colcon.colcon_core.shell:Creating environment hook '/home/strathvoyager/new_ws/install/extra_interfaces/share/extra_interfaces/hook/ld_library_path_lib.ps1'
[1.969s] INFO:colcon.colcon_core.shell:Creating environment descriptor '/home/strathvoyager/new_ws/install/extra_interfaces/share/extra_interfaces/hook/ld_library_path_lib.dsv'
[1.970s] INFO:colcon.colcon_core.shell:Creating environment hook '/home/strathvoyager/new_ws/install/extra_interfaces/share/extra_interfaces/hook/ld_library_path_lib.sh'
[1.972s] Level 1:colcon.colcon_core.environment:checking '/home/strathvoyager/new_ws/install/extra_interfaces/bin'
[1.972s] Level 1:colcon.colcon_core.environment:checking '/home/strathvoyager/new_ws/install/extra_interfaces/lib/pkgconfig/extra_interfaces.pc'
[1.973s] Level 1:colcon.colcon_core.environment:checking '/home/strathvoyager/new_ws/install/extra_interfaces/lib/python3.10/site-packages'
[1.974s] Level 1:colcon.colcon_core.environment:checking '/home/strathvoyager/new_ws/install/extra_interfaces/bin'
[1.975s] INFO:colcon.colcon_core.shell:Creating package script '/home/strathvoyager/new_ws/install/extra_interfaces/share/extra_interfaces/package.ps1'
[1.977s] INFO:colcon.colcon_core.shell:Creating package descriptor '/home/strathvoyager/new_ws/install/extra_interfaces/share/extra_interfaces/package.dsv'
[1.981s] INFO:colcon.colcon_core.shell:Creating package script '/home/strathvoyager/new_ws/install/extra_interfaces/share/extra_interfaces/package.sh'
[1.983s] INFO:colcon.colcon_core.shell:Creating package script '/home/strathvoyager/new_ws/install/extra_interfaces/share/extra_interfaces/package.bash'
[1.986s] INFO:colcon.colcon_core.shell:Creating package script '/home/strathvoyager/new_ws/install/extra_interfaces/share/extra_interfaces/package.zsh'
[1.989s] Level 1:colcon.colcon_core.environment:create_file_with_runtime_dependencies(/home/strathvoyager/new_ws/install/extra_interfaces/share/colcon-core/packages/extra_interfaces)
[2.070s] Level 1:colcon.colcon_core.environment:checking '/home/strathvoyager/new_ws/install/computer_vision' for CMake module files
[2.071s] DEBUG:colcon.colcon_core.event_handler.log_command:Invoked command in '/home/strathvoyager/new_ws/src/computer_vision' returned '0': PYTHONPATH=/home/strathvoyager/new_ws/build/computer_vision/prefix_override:/usr/lib/python3/dist-packages/colcon_core/task/python/colcon_distutils_commands:/home/strathvoyager/new_ws/install/computer_vision/lib/python3.10/site-packages:${PYTHONPATH} /usr/bin/python3 -W ignore:setup.py install is deprecated -W ignore:easy_install command is deprecated setup.py egg_info --egg-base ../../build/computer_vision build --build-base /home/strathvoyager/new_ws/build/computer_vision/build install --record /home/strathvoyager/new_ws/build/computer_vision/install.log --single-version-externally-managed install_data
[2.072s] Level 1:colcon.colcon_core.environment:checking '/home/strathvoyager/new_ws/install/computer_vision' for CMake config files
[2.074s] Level 1:colcon.colcon_core.environment:checking '/home/strathvoyager/new_ws/install/computer_vision/lib'
[2.075s] Level 1:colcon.colcon_core.environment:checking '/home/strathvoyager/new_ws/install/computer_vision/bin'
[2.075s] Level 1:colcon.colcon_core.environment:checking '/home/strathvoyager/new_ws/install/computer_vision/lib/pkgconfig/computer_vision.pc'
[2.076s] Level 1:colcon.colcon_core.environment:checking '/home/strathvoyager/new_ws/install/computer_vision/lib/python3.10/site-packages'
[2.076s] Level 1:colcon.colcon_core.shell:create_environment_hook('computer_vision', 'pythonpath')
[2.077s] INFO:colcon.colcon_core.shell:Creating environment hook '/home/strathvoyager/new_ws/install/computer_vision/share/computer_vision/hook/pythonpath.ps1'
[2.079s] INFO:colcon.colcon_core.shell:Creating environment descriptor '/home/strathvoyager/new_ws/install/computer_vision/share/computer_vision/hook/pythonpath.dsv'
[2.080s] INFO:colcon.colcon_core.shell:Creating environment hook '/home/strathvoyager/new_ws/install/computer_vision/share/computer_vision/hook/pythonpath.sh'
[2.082s] Level 1:colcon.colcon_core.environment:checking '/home/strathvoyager/new_ws/install/computer_vision/bin'
[2.082s] Level 1:colcon.colcon_core.environment:create_environment_scripts_only(computer_vision)
[2.083s] INFO:colcon.colcon_core.shell:Creating package script '/home/strathvoyager/new_ws/install/computer_vision/share/computer_vision/package.ps1'
[2.085s] INFO:colcon.colcon_core.shell:Creating package descriptor '/home/strathvoyager/new_ws/install/computer_vision/share/computer_vision/package.dsv'
[2.087s] INFO:colcon.colcon_core.shell:Creating package script '/home/strathvoyager/new_ws/install/computer_vision/share/computer_vision/package.sh'
[2.089s] INFO:colcon.colcon_core.shell:Creating package script '/home/strathvoyager/new_ws/install/computer_vision/share/computer_vision/package.bash'
[2.090s] INFO:colcon.colcon_core.shell:Creating package script '/home/strathvoyager/new_ws/install/computer_vision/share/computer_vision/package.zsh'
[2.092s] Level 1:colcon.colcon_core.environment:create_file_with_runtime_dependencies(/home/strathvoyager/new_ws/install/computer_vision/share/colcon-core/packages/computer_vision)
[2.092s] DEBUG:colcon.colcon_parallel_executor.executor.parallel:closing loop
[2.093s] DEBUG:colcon.colcon_parallel_executor.executor.parallel:loop closed
[2.093s] DEBUG:colcon.colcon_parallel_executor.executor.parallel:run_until_complete finished with '0'
[2.094s] DEBUG:colcon.colcon_core.event_reactor:joining thread
[2.112s] INFO:colcon.colcon_core.plugin_system:Skipping extension 'colcon_notification.desktop_notification.terminal_notifier': Not used on non-Darwin systems
[2.112s] INFO:colcon.colcon_core.plugin_system:Skipping extension 'colcon_notification.desktop_notification.win32': Not used on non-Windows systems
[2.112s] INFO:colcon.colcon_notification.desktop_notification:Sending desktop notification using 'notify2'
[2.148s] DEBUG:colcon.colcon_core.event_reactor:joined thread
[2.149s] INFO:colcon.colcon_core.shell:Creating prefix script '/home/strathvoyager/new_ws/install/local_setup.ps1'
[2.153s] INFO:colcon.colcon_core.shell:Creating prefix util module '/home/strathvoyager/new_ws/install/_local_setup_util_ps1.py'
[2.158s] INFO:colcon.colcon_core.shell:Creating prefix chain script '/home/strathvoyager/new_ws/install/setup.ps1'
[2.162s] INFO:colcon.colcon_core.shell:Creating prefix script '/home/strathvoyager/new_ws/install/local_setup.sh'
[2.164s] INFO:colcon.colcon_core.shell:Creating prefix util module '/home/strathvoyager/new_ws/install/_local_setup_util_sh.py'
[2.166s] INFO:colcon.colcon_core.shell:Creating prefix chain script '/home/strathvoyager/new_ws/install/setup.sh'
[2.170s] INFO:colcon.colcon_core.shell:Creating prefix script '/home/strathvoyager/new_ws/install/local_setup.bash'
[2.172s] INFO:colcon.colcon_core.shell:Creating prefix chain script '/home/strathvoyager/new_ws/install/setup.bash'
[2.175s] INFO:colcon.colcon_core.shell:Creating prefix script '/home/strathvoyager/new_ws/install/local_setup.zsh'
[2.177s] INFO:colcon.colcon_core.shell:Creating prefix chain script '/home/strathvoyager/new_ws/install/setup.zsh'
