[1.035s] Invoking command in '/home/strathvoyager/new_ws/src/computer_vision': PYTHONPATH=/home/strathvoyager/new_ws/build/computer_vision/prefix_override:/usr/lib/python3/dist-packages/colcon_core/task/python/colcon_distutils_commands:/home/strathvoyager/new_ws/install/computer_vision/lib/python3.10/site-packages:${PYTHONPATH} /usr/bin/python3 -W ignore:setup.py install is deprecated -W ignore:easy_install command is deprecated setup.py egg_info --egg-base ../../build/computer_vision build --build-base /home/strathvoyager/new_ws/build/computer_vision/build install --record /home/strathvoyager/new_ws/build/computer_vision/install.log --single-version-externally-managed install_data
[1.383s] running egg_info
[1.384s] writing ../../build/computer_vision/computer_vision.egg-info/PKG-INFO
[1.384s] writing dependency_links to ../../build/computer_vision/computer_vision.egg-info/dependency_links.txt
[1.384s] writing entry points to ../../build/computer_vision/computer_vision.egg-info/entry_points.txt
[1.385s] writing requirements to ../../build/computer_vision/computer_vision.egg-info/requires.txt
[1.386s] writing top-level names to ../../build/computer_vision/computer_vision.egg-info/top_level.txt
[1.388s] reading manifest file '../../build/computer_vision/computer_vision.egg-info/SOURCES.txt'
[1.388s] adding license file 'LICENSE'
[1.389s] writing manifest file '../../build/computer_vision/computer_vision.egg-info/SOURCES.txt'
[1.389s] running build
[1.389s] running build_py
[1.389s] copying computer_vision/detect.py -> /home/strathvoyager/new_ws/build/computer_vision/build/lib/computer_vision
[1.390s] running install
[1.390s] running install_lib
[1.391s] copying /home/strathvoyager/new_ws/build/computer_vision/build/lib/computer_vision/detect.py -> /home/strathvoyager/new_ws/install/computer_vision/lib/python3.10/site-packages/computer_vision
[1.393s] byte-compiling /home/strathvoyager/new_ws/install/computer_vision/lib/python3.10/site-packages/computer_vision/detect.py to detect.cpython-310.pyc
[1.394s] running install_data
[1.395s] running install_egg_info
[1.398s] removing '/home/strathvoyager/new_ws/install/computer_vision/lib/python3.10/site-packages/computer_vision-0.0.0-py3.10.egg-info' (and everything under it)
[1.399s] Copying ../../build/computer_vision/computer_vision.egg-info to /home/strathvoyager/new_ws/install/computer_vision/lib/python3.10/site-packages/computer_vision-0.0.0-py3.10.egg-info
[1.401s] running install_scripts
[1.428s] Installing camera script to /home/strathvoyager/new_ws/install/computer_vision/lib/computer_vision
[1.428s] Installing detect script to /home/strathvoyager/new_ws/install/computer_vision/lib/computer_vision
[1.428s] Installing display script to /home/strathvoyager/new_ws/install/computer_vision/lib/computer_vision
[1.429s] writing list of installed files to '/home/strathvoyager/new_ws/build/computer_vision/install.log'
[1.480s] Invoked command in '/home/strathvoyager/new_ws/src/computer_vision' returned '0': PYTHONPATH=/home/strathvoyager/new_ws/build/computer_vision/prefix_override:/usr/lib/python3/dist-packages/colcon_core/task/python/colcon_distutils_commands:/home/strathvoyager/new_ws/install/computer_vision/lib/python3.10/site-packages:${PYTHONPATH} /usr/bin/python3 -W ignore:setup.py install is deprecated -W ignore:easy_install command is deprecated setup.py egg_info --egg-base ../../build/computer_vision build --build-base /home/strathvoyager/new_ws/build/computer_vision/build install --record /home/strathvoyager/new_ws/build/computer_vision/install.log --single-version-externally-managed install_data
