[9.712s] Invoking command in '/home/strathvoyager/new_ws/src/computer_vision': PYTHONPATH=/home/strathvoyager/new_ws/build/computer_vision/prefix_override:/usr/lib/python3/dist-packages/colcon_core/task/python/colcon_distutils_commands:/home/strathvoyager/new_ws/install/computer_vision/lib/python3.10/site-packages:${PYTHONPATH} /usr/bin/python3 -W ignore:setup.py install is deprecated setup.py egg_info --egg-base ../../build/computer_vision build --build-base /home/strathvoyager/new_ws/build/computer_vision/build install --record /home/strathvoyager/new_ws/build/computer_vision/install.log --single-version-externally-managed install_data
[9.713s] running egg_info
[9.713s] writing ../../build/computer_vision/computer_vision.egg-info/PKG-INFO
[9.728s] writing dependency_links to ../../build/computer_vision/computer_vision.egg-info/dependency_links.txt
[9.728s] writing entry points to ../../build/computer_vision/computer_vision.egg-info/entry_points.txt
[9.728s] writing requirements to ../../build/computer_vision/computer_vision.egg-info/requires.txt
[9.728s] writing top-level names to ../../build/computer_vision/computer_vision.egg-info/top_level.txt
[9.732s] reading manifest file '../../build/computer_vision/computer_vision.egg-info/SOURCES.txt'
[9.733s] adding license file 'LICENSE'
[9.734s] writing manifest file '../../build/computer_vision/computer_vision.egg-info/SOURCES.txt'
[9.734s] running build
[9.734s] running build_py
[9.734s] copying computer_vision/camera.py -> /home/strathvoyager/new_ws/build/computer_vision/build/lib/computer_vision
[9.735s] running install
[9.735s] running install_lib
[9.737s] copying /home/strathvoyager/new_ws/build/computer_vision/build/lib/computer_vision/camera.py -> /home/strathvoyager/new_ws/install/computer_vision/lib/python3.10/site-packages/computer_vision
[9.738s] byte-compiling /home/strathvoyager/new_ws/install/computer_vision/lib/python3.10/site-packages/computer_vision/camera.py to camera.cpython-310.pyc
[9.739s] running install_data
[9.739s] running install_egg_info
[9.743s] removing '/home/strathvoyager/new_ws/install/computer_vision/lib/python3.10/site-packages/computer_vision-0.0.0-py3.10.egg-info' (and everything under it)
[9.743s] Copying ../../build/computer_vision/computer_vision.egg-info to /home/strathvoyager/new_ws/install/computer_vision/lib/python3.10/site-packages/computer_vision-0.0.0-py3.10.egg-info
[9.745s] running install_scripts
[9.780s] Installing camera script to /home/strathvoyager/new_ws/install/computer_vision/lib/computer_vision
[9.781s] writing list of installed files to '/home/strathvoyager/new_ws/build/computer_vision/install.log'
[9.831s] Invoked command in '/home/strathvoyager/new_ws/src/computer_vision' returned '0': PYTHONPATH=/home/strathvoyager/new_ws/build/computer_vision/prefix_override:/usr/lib/python3/dist-packages/colcon_core/task/python/colcon_distutils_commands:/home/strathvoyager/new_ws/install/computer_vision/lib/python3.10/site-packages:${PYTHONPATH} /usr/bin/python3 -W ignore:setup.py install is deprecated setup.py egg_info --egg-base ../../build/computer_vision build --build-base /home/strathvoyager/new_ws/build/computer_vision/build install --record /home/strathvoyager/new_ws/build/computer_vision/install.log --single-version-externally-managed install_data
