[0.159s] DEBUG:colcon:Command line arguments: ['/usr/bin/colcon', 'build']
[0.159s] DEBUG:colcon:Parsed command line arguments: Namespace(log_base=None, log_level=None, verb_name='build', build_base='build', install_base='install', merge_install=False, symlink_install=False, test_result_base=None, continue_on_error=False, executor='parallel', parallel_workers=12, event_handlers=None, ignore_user_meta=False, metas=['./colcon.meta'], base_paths=['.'], packages_ignore=None, packages_ignore_regex=None, paths=None, packages_up_to=None, packages_up_to_regex=None, packages_above=None, packages_above_and_dependencies=None, packages_above_depth=None, packages_select_by_dep=None, packages_skip_by_dep=None, packages_skip_up_to=None, packages_select_build_failed=False, packages_skip_build_finished=False, packages_select_test_failures=False, packages_skip_test_passed=False, packages_select=None, packages_skip=None, packages_select_regex=None, packages_skip_regex=None, packages_start=None, packages_end=None, allow_overriding=[], cmake_args=None, cmake_target=None, cmake_target_skip_unavailable=False, cmake_clean_cache=False, cmake_clean_first=False, cmake_force_configure=False, ament_cmake_args=None, catkin_cmake_args=None, catkin_skip_building_tests=False, mixin_files=None, mixin=None, verb_parser=<colcon_mixin.mixin.mixin_argument.MixinArgumentDecorator object at 0xffffaaef7040>, verb_extension=<colcon_core.verb.build.BuildVerb object at 0xffffaaef63e0>, main=<bound method BuildVerb.main of <colcon_core.verb.build.BuildVerb object at 0xffffaaef63e0>>, mixin_verb=('build',))
[0.410s] Level 1:colcon.colcon_core.package_discovery:discover_packages(colcon_meta) check parameters
[0.410s] Level 1:colcon.colcon_core.package_discovery:discover_packages(recursive) check parameters
[0.410s] Level 1:colcon.colcon_core.package_discovery:discover_packages(ignore) check parameters
[0.410s] Level 1:colcon.colcon_core.package_discovery:discover_packages(path) check parameters
[0.411s] Level 1:colcon.colcon_core.package_discovery:discover_packages(colcon_meta) discover
[0.411s] Level 1:colcon.colcon_core.package_discovery:discover_packages(recursive) discover
[0.411s] INFO:colcon.colcon_core.package_discovery:Crawling recursively for packages in '/home/strathvoyager/new_ws'
[0.411s] Level 1:colcon.colcon_core.package_identification:_identify(.) by extensions ['ignore', 'ignore_ament_install']
[0.411s] Level 1:colcon.colcon_core.package_identification:_identify(.) by extension 'ignore'
[0.411s] Level 1:colcon.colcon_core.package_identification:_identify(.) by extension 'ignore_ament_install'
[0.411s] Level 1:colcon.colcon_core.package_identification:_identify(.) by extensions ['colcon_pkg']
[0.411s] Level 1:colcon.colcon_core.package_identification:_identify(.) by extension 'colcon_pkg'
[0.411s] Level 1:colcon.colcon_core.package_identification:_identify(.) by extensions ['colcon_meta']
[0.411s] Level 1:colcon.colcon_core.package_identification:_identify(.) by extension 'colcon_meta'
[0.411s] Level 1:colcon.colcon_core.package_identification:_identify(.) by extensions ['ros']
[0.411s] Level 1:colcon.colcon_core.package_identification:_identify(.) by extension 'ros'
[0.427s] Level 1:colcon.colcon_core.package_identification:_identify(.) by extensions ['cmake', 'python']
[0.427s] Level 1:colcon.colcon_core.package_identification:_identify(.) by extension 'cmake'
[0.427s] Level 1:colcon.colcon_core.package_identification:_identify(.) by extension 'python'
[0.427s] Level 1:colcon.colcon_core.package_identification:_identify(.) by extensions ['python_setup_py']
[0.427s] Level 1:colcon.colcon_core.package_identification:_identify(.) by extension 'python_setup_py'
[0.427s] Level 1:colcon.colcon_core.package_identification:_identify(build) by extensions ['ignore', 'ignore_ament_install']
[0.427s] Level 1:colcon.colcon_core.package_identification:_identify(build) by extension 'ignore'
[0.427s] Level 1:colcon.colcon_core.package_identification:_identify(build) ignored
[0.428s] Level 1:colcon.colcon_core.package_identification:_identify(install) by extensions ['ignore', 'ignore_ament_install']
[0.428s] Level 1:colcon.colcon_core.package_identification:_identify(install) by extension 'ignore'
[0.428s] Level 1:colcon.colcon_core.package_identification:_identify(install) ignored
[0.428s] Level 1:colcon.colcon_core.package_identification:_identify(log) by extensions ['ignore', 'ignore_ament_install']
[0.428s] Level 1:colcon.colcon_core.package_identification:_identify(log) by extension 'ignore'
[0.428s] Level 1:colcon.colcon_core.package_identification:_identify(log) ignored
[0.429s] Level 1:colcon.colcon_core.package_identification:_identify(models) by extensions ['ignore', 'ignore_ament_install']
[0.429s] Level 1:colcon.colcon_core.package_identification:_identify(models) by extension 'ignore'
[0.429s] Level 1:colcon.colcon_core.package_identification:_identify(models) by extension 'ignore_ament_install'
[0.429s] Level 1:colcon.colcon_core.package_identification:_identify(models) by extensions ['colcon_pkg']
[0.429s] Level 1:colcon.colcon_core.package_identification:_identify(models) by extension 'colcon_pkg'
[0.429s] Level 1:colcon.colcon_core.package_identification:_identify(models) by extensions ['colcon_meta']
[0.429s] Level 1:colcon.colcon_core.package_identification:_identify(models) by extension 'colcon_meta'
[0.429s] Level 1:colcon.colcon_core.package_identification:_identify(models) by extensions ['ros']
[0.429s] Level 1:colcon.colcon_core.package_identification:_identify(models) by extension 'ros'
[0.429s] Level 1:colcon.colcon_core.package_identification:_identify(models) by extensions ['cmake', 'python']
[0.429s] Level 1:colcon.colcon_core.package_identification:_identify(models) by extension 'cmake'
[0.429s] Level 1:colcon.colcon_core.package_identification:_identify(models) by extension 'python'
[0.429s] Level 1:colcon.colcon_core.package_identification:_identify(models) by extensions ['python_setup_py']
[0.429s] Level 1:colcon.colcon_core.package_identification:_identify(models) by extension 'python_setup_py'
[0.430s] Level 1:colcon.colcon_core.package_identification:_identify(src) by extensions ['ignore', 'ignore_ament_install']
[0.430s] Level 1:colcon.colcon_core.package_identification:_identify(src) by extension 'ignore'
[0.430s] Level 1:colcon.colcon_core.package_identification:_identify(src) by extension 'ignore_ament_install'
[0.430s] Level 1:colcon.colcon_core.package_identification:_identify(src) by extensions ['colcon_pkg']
[0.430s] Level 1:colcon.colcon_core.package_identification:_identify(src) by extension 'colcon_pkg'
[0.430s] Level 1:colcon.colcon_core.package_identification:_identify(src) by extensions ['colcon_meta']
[0.430s] Level 1:colcon.colcon_core.package_identification:_identify(src) by extension 'colcon_meta'
[0.430s] Level 1:colcon.colcon_core.package_identification:_identify(src) by extensions ['ros']
[0.430s] Level 1:colcon.colcon_core.package_identification:_identify(src) by extension 'ros'
[0.430s] Level 1:colcon.colcon_core.package_identification:_identify(src) by extensions ['cmake', 'python']
[0.430s] Level 1:colcon.colcon_core.package_identification:_identify(src) by extension 'cmake'
[0.430s] Level 1:colcon.colcon_core.package_identification:_identify(src) by extension 'python'
[0.430s] Level 1:colcon.colcon_core.package_identification:_identify(src) by extensions ['python_setup_py']
[0.430s] Level 1:colcon.colcon_core.package_identification:_identify(src) by extension 'python_setup_py'
[0.430s] Level 1:colcon.colcon_core.package_identification:_identify(src/computer_vision) by extensions ['ignore', 'ignore_ament_install']
[0.431s] Level 1:colcon.colcon_core.package_identification:_identify(src/computer_vision) by extension 'ignore'
[0.431s] Level 1:colcon.colcon_core.package_identification:_identify(src/computer_vision) by extension 'ignore_ament_install'
[0.431s] Level 1:colcon.colcon_core.package_identification:_identify(src/computer_vision) by extensions ['colcon_pkg']
[0.431s] Level 1:colcon.colcon_core.package_identification:_identify(src/computer_vision) by extension 'colcon_pkg'
[0.431s] Level 1:colcon.colcon_core.package_identification:_identify(src/computer_vision) by extensions ['colcon_meta']
[0.431s] Level 1:colcon.colcon_core.package_identification:_identify(src/computer_vision) by extension 'colcon_meta'
[0.431s] Level 1:colcon.colcon_core.package_identification:_identify(src/computer_vision) by extensions ['ros']
[0.431s] Level 1:colcon.colcon_core.package_identification:_identify(src/computer_vision) by extension 'ros'
[0.434s] DEBUG:colcon.colcon_core.package_identification:Package 'src/computer_vision' with type 'ros.ament_python' and name 'computer_vision'
[0.434s] Level 1:colcon.colcon_core.package_identification:_identify(src/extra_interfaces) by extensions ['ignore', 'ignore_ament_install']
[0.434s] Level 1:colcon.colcon_core.package_identification:_identify(src/extra_interfaces) by extension 'ignore'
[0.435s] Level 1:colcon.colcon_core.package_identification:_identify(src/extra_interfaces) by extension 'ignore_ament_install'
[0.435s] Level 1:colcon.colcon_core.package_identification:_identify(src/extra_interfaces) by extensions ['colcon_pkg']
[0.435s] Level 1:colcon.colcon_core.package_identification:_identify(src/extra_interfaces) by extension 'colcon_pkg'
[0.435s] Level 1:colcon.colcon_core.package_identification:_identify(src/extra_interfaces) by extensions ['colcon_meta']
[0.435s] Level 1:colcon.colcon_core.package_identification:_identify(src/extra_interfaces) by extension 'colcon_meta'
[0.435s] Level 1:colcon.colcon_core.package_identification:_identify(src/extra_interfaces) by extensions ['ros']
[0.435s] Level 1:colcon.colcon_core.package_identification:_identify(src/extra_interfaces) by extension 'ros'
[0.436s] DEBUG:colcon.colcon_core.package_identification:Package 'src/extra_interfaces' with type 'ros.ament_cmake' and name 'extra_interfaces'
[0.436s] Level 1:colcon.colcon_core.package_discovery:discover_packages(recursive) using defaults
[0.436s] Level 1:colcon.colcon_core.package_discovery:discover_packages(ignore) discover
[0.436s] Level 1:colcon.colcon_core.package_discovery:discover_packages(ignore) using defaults
[0.436s] Level 1:colcon.colcon_core.package_discovery:discover_packages(path) discover
[0.436s] Level 1:colcon.colcon_core.package_discovery:discover_packages(path) using defaults
[0.484s] Level 1:colcon.colcon_core.package_discovery:discover_packages(prefix_path) check parameters
[0.484s] Level 1:colcon.colcon_core.package_discovery:discover_packages(prefix_path) discover
[0.487s] DEBUG:colcon.colcon_installed_package_information.package_discovery:Found 2 installed packages in /home/strathvoyager/new_ws/install
[0.488s] DEBUG:colcon.colcon_installed_package_information.package_discovery:Found 180 installed packages in /opt/ros/humble
[0.489s] Level 1:colcon.colcon_core.package_discovery:discover_packages(prefix_path) using defaults
[0.524s] Level 5:colcon.colcon_core.verb:set package 'computer_vision' build argument 'cmake_args' from command line to 'None'
[0.524s] Level 5:colcon.colcon_core.verb:set package 'computer_vision' build argument 'cmake_target' from command line to 'None'
[0.524s] Level 5:colcon.colcon_core.verb:set package 'computer_vision' build argument 'cmake_target_skip_unavailable' from command line to 'False'
[0.524s] Level 5:colcon.colcon_core.verb:set package 'computer_vision' build argument 'cmake_clean_cache' from command line to 'False'
[0.524s] Level 5:colcon.colcon_core.verb:set package 'computer_vision' build argument 'cmake_clean_first' from command line to 'False'
[0.524s] Level 5:colcon.colcon_core.verb:set package 'computer_vision' build argument 'cmake_force_configure' from command line to 'False'
[0.524s] Level 5:colcon.colcon_core.verb:set package 'computer_vision' build argument 'ament_cmake_args' from command line to 'None'
[0.524s] Level 5:colcon.colcon_core.verb:set package 'computer_vision' build argument 'catkin_cmake_args' from command line to 'None'
[0.524s] Level 5:colcon.colcon_core.verb:set package 'computer_vision' build argument 'catkin_skip_building_tests' from command line to 'False'
[0.524s] DEBUG:colcon.colcon_core.verb:Building package 'computer_vision' with the following arguments: {'ament_cmake_args': None, 'build_base': '/home/strathvoyager/new_ws/build/computer_vision', 'catkin_cmake_args': None, 'catkin_skip_building_tests': False, 'cmake_args': None, 'cmake_clean_cache': False, 'cmake_clean_first': False, 'cmake_force_configure': False, 'cmake_target': None, 'cmake_target_skip_unavailable': False, 'install_base': '/home/strathvoyager/new_ws/install/computer_vision', 'merge_install': False, 'path': '/home/strathvoyager/new_ws/src/computer_vision', 'symlink_install': False, 'test_result_base': None}
[0.525s] Level 5:colcon.colcon_core.verb:set package 'extra_interfaces' build argument 'cmake_args' from command line to 'None'
[0.525s] Level 5:colcon.colcon_core.verb:set package 'extra_interfaces' build argument 'cmake_target' from command line to 'None'
[0.525s] Level 5:colcon.colcon_core.verb:set package 'extra_interfaces' build argument 'cmake_target_skip_unavailable' from command line to 'False'
[0.525s] Level 5:colcon.colcon_core.verb:set package 'extra_interfaces' build argument 'cmake_clean_cache' from command line to 'False'
[0.525s] Level 5:colcon.colcon_core.verb:set package 'extra_interfaces' build argument 'cmake_clean_first' from command line to 'False'
[0.525s] Level 5:colcon.colcon_core.verb:set package 'extra_interfaces' build argument 'cmake_force_configure' from command line to 'False'
[0.525s] Level 5:colcon.colcon_core.verb:set package 'extra_interfaces' build argument 'ament_cmake_args' from command line to 'None'
[0.525s] Level 5:colcon.colcon_core.verb:set package 'extra_interfaces' build argument 'catkin_cmake_args' from command line to 'None'
[0.525s] Level 5:colcon.colcon_core.verb:set package 'extra_interfaces' build argument 'catkin_skip_building_tests' from command line to 'False'
[0.525s] DEBUG:colcon.colcon_core.verb:Building package 'extra_interfaces' with the following arguments: {'ament_cmake_args': None, 'build_base': '/home/strathvoyager/new_ws/build/extra_interfaces', 'catkin_cmake_args': None, 'catkin_skip_building_tests': False, 'cmake_args': None, 'cmake_clean_cache': False, 'cmake_clean_first': False, 'cmake_force_configure': False, 'cmake_target': None, 'cmake_target_skip_unavailable': False, 'install_base': '/home/strathvoyager/new_ws/install/extra_interfaces', 'merge_install': False, 'path': '/home/strathvoyager/new_ws/src/extra_interfaces', 'symlink_install': False, 'test_result_base': None}
[0.525s] INFO:colcon.colcon_core.executor:Executing jobs using 'parallel' executor
[0.527s] DEBUG:colcon.colcon_parallel_executor.executor.parallel:run_until_complete
[0.528s] INFO:colcon.colcon_ros.task.ament_python.build:Building ROS package in '/home/strathvoyager/new_ws/src/computer_vision' with build type 'ament_python'
[0.528s] Level 1:colcon.colcon_core.shell:create_environment_hook('computer_vision', 'ament_prefix_path')
[0.531s] INFO:colcon.colcon_core.plugin_system:Skipping extension 'colcon_core.shell.bat': Not used on non-Windows systems
[0.531s] INFO:colcon.colcon_core.shell:Creating environment hook '/home/strathvoyager/new_ws/install/computer_vision/share/computer_vision/hook/ament_prefix_path.ps1'
[0.533s] INFO:colcon.colcon_core.shell:Creating environment descriptor '/home/strathvoyager/new_ws/install/computer_vision/share/computer_vision/hook/ament_prefix_path.dsv'
[0.533s] INFO:colcon.colcon_core.shell:Creating environment hook '/home/strathvoyager/new_ws/install/computer_vision/share/computer_vision/hook/ament_prefix_path.sh'
[0.534s] INFO:colcon.colcon_core.shell:Skip shell extension 'powershell' for command environment: Not usable outside of PowerShell
[0.534s] DEBUG:colcon.colcon_core.shell:Skip shell extension 'dsv' for command environment
[0.538s] INFO:colcon.colcon_ros.task.ament_cmake.build:Building ROS package in '/home/strathvoyager/new_ws/src/extra_interfaces' with build type 'ament_cmake'
[0.538s] INFO:colcon.colcon_cmake.task.cmake.build:Building CMake package in '/home/strathvoyager/new_ws/src/extra_interfaces'
[0.539s] INFO:colcon.colcon_core.shell:Skip shell extension 'powershell' for command environment: Not usable outside of PowerShell
[0.539s] DEBUG:colcon.colcon_core.shell:Skip shell extension 'dsv' for command environment
[0.927s] INFO:colcon.colcon_core.task.python.build:Building Python package in '/home/strathvoyager/new_ws/src/computer_vision'
[0.927s] INFO:colcon.colcon_core.shell:Skip shell extension 'powershell' for command environment: Not usable outside of PowerShell
[0.927s] DEBUG:colcon.colcon_core.shell:Skip shell extension 'dsv' for command environment
[0.942s] DEBUG:colcon.colcon_core.event_handler.log_command:Invoking command in '/home/strathvoyager/new_ws/build/extra_interfaces': CMAKE_PREFIX_PATH=${CMAKE_PREFIX_PATH}:/home/strathvoyager/new_ws/install/computer_vision:/opt/ros/humble /usr/bin/cmake --build /home/strathvoyager/new_ws/build/extra_interfaces -- -j12 -l12
[1.558s] DEBUG:colcon.colcon_core.event_handler.log_command:Invoking command in '/home/strathvoyager/new_ws/src/computer_vision': PYTHONPATH=/home/strathvoyager/new_ws/build/computer_vision/prefix_override:/usr/lib/python3/dist-packages/colcon_core/task/python/colcon_distutils_commands:/home/strathvoyager/new_ws/install/computer_vision/lib/python3.10/site-packages:${PYTHONPATH} /usr/bin/python3 -W ignore:setup.py install is deprecated -W ignore:easy_install command is deprecated setup.py egg_info --egg-base ../../build/computer_vision build --build-base /home/strathvoyager/new_ws/build/computer_vision/build install --record /home/strathvoyager/new_ws/build/computer_vision/install.log --single-version-externally-managed install_data
[2.048s] DEBUG:colcon.colcon_core.event_handler.log_command:Invoked command in '/home/strathvoyager/new_ws/src/computer_vision' returned '0': PYTHONPATH=/home/strathvoyager/new_ws/build/computer_vision/prefix_override:/usr/lib/python3/dist-packages/colcon_core/task/python/colcon_distutils_commands:/home/strathvoyager/new_ws/install/computer_vision/lib/python3.10/site-packages:${PYTHONPATH} /usr/bin/python3 -W ignore:setup.py install is deprecated -W ignore:easy_install command is deprecated setup.py egg_info --egg-base ../../build/computer_vision build --build-base /home/strathvoyager/new_ws/build/computer_vision/build install --record /home/strathvoyager/new_ws/build/computer_vision/install.log --single-version-externally-managed install_data
[2.058s] Level 1:colcon.colcon_core.environment:checking '/home/strathvoyager/new_ws/install/computer_vision' for CMake module files
[2.060s] Level 1:colcon.colcon_core.environment:checking '/home/strathvoyager/new_ws/install/computer_vision' for CMake config files
[2.062s] Level 1:colcon.colcon_core.environment:checking '/home/strathvoyager/new_ws/install/computer_vision/lib'
[2.062s] Level 1:colcon.colcon_core.environment:checking '/home/strathvoyager/new_ws/install/computer_vision/bin'
[2.063s] Level 1:colcon.colcon_core.environment:checking '/home/strathvoyager/new_ws/install/computer_vision/lib/pkgconfig/computer_vision.pc'
[2.064s] Level 1:colcon.colcon_core.environment:checking '/home/strathvoyager/new_ws/install/computer_vision/lib/python3.10/site-packages'
[2.064s] Level 1:colcon.colcon_core.shell:create_environment_hook('computer_vision', 'pythonpath')
[2.065s] INFO:colcon.colcon_core.shell:Creating environment hook '/home/strathvoyager/new_ws/install/computer_vision/share/computer_vision/hook/pythonpath.ps1'
[2.066s] INFO:colcon.colcon_core.shell:Creating environment descriptor '/home/strathvoyager/new_ws/install/computer_vision/share/computer_vision/hook/pythonpath.dsv'
[2.067s] INFO:colcon.colcon_core.shell:Creating environment hook '/home/strathvoyager/new_ws/install/computer_vision/share/computer_vision/hook/pythonpath.sh'
[2.069s] Level 1:colcon.colcon_core.environment:checking '/home/strathvoyager/new_ws/install/computer_vision/bin'
[2.070s] Level 1:colcon.colcon_core.environment:create_environment_scripts_only(computer_vision)
[2.071s] INFO:colcon.colcon_core.shell:Creating package script '/home/strathvoyager/new_ws/install/computer_vision/share/computer_vision/package.ps1'
[2.074s] INFO:colcon.colcon_core.shell:Creating package descriptor '/home/strathvoyager/new_ws/install/computer_vision/share/computer_vision/package.dsv'
[2.076s] INFO:colcon.colcon_core.shell:Creating package script '/home/strathvoyager/new_ws/install/computer_vision/share/computer_vision/package.sh'
[2.079s] INFO:colcon.colcon_core.shell:Creating package script '/home/strathvoyager/new_ws/install/computer_vision/share/computer_vision/package.bash'
[2.081s] INFO:colcon.colcon_core.shell:Creating package script '/home/strathvoyager/new_ws/install/computer_vision/share/computer_vision/package.zsh'
[2.084s] Level 1:colcon.colcon_core.environment:create_file_with_runtime_dependencies(/home/strathvoyager/new_ws/install/computer_vision/share/colcon-core/packages/computer_vision)
[6.055s] DEBUG:colcon.colcon_core.event_handler.log_command:Invoked command in '/home/strathvoyager/new_ws/build/extra_interfaces' returned '0': CMAKE_PREFIX_PATH=${CMAKE_PREFIX_PATH}:/home/strathvoyager/new_ws/install/computer_vision:/opt/ros/humble /usr/bin/cmake --build /home/strathvoyager/new_ws/build/extra_interfaces -- -j12 -l12
[6.235s] DEBUG:colcon.colcon_core.event_handler.log_command:Invoking command in '/home/strathvoyager/new_ws/build/extra_interfaces': CMAKE_PREFIX_PATH=${CMAKE_PREFIX_PATH}:/home/strathvoyager/new_ws/install/computer_vision:/opt/ros/humble /usr/bin/cmake --install /home/strathvoyager/new_ws/build/extra_interfaces
[6.347s] Level 1:colcon.colcon_core.environment:create_environment_scripts_only(extra_interfaces)
[6.348s] Level 1:colcon.colcon_core.environment:checking '/home/strathvoyager/new_ws/install/extra_interfaces' for CMake module files
[6.351s] DEBUG:colcon.colcon_core.event_handler.log_command:Invoked command in '/home/strathvoyager/new_ws/build/extra_interfaces' returned '0': CMAKE_PREFIX_PATH=${CMAKE_PREFIX_PATH}:/home/strathvoyager/new_ws/install/computer_vision:/opt/ros/humble /usr/bin/cmake --install /home/strathvoyager/new_ws/build/extra_interfaces
[6.351s] Level 1:colcon.colcon_core.environment:checking '/home/strathvoyager/new_ws/install/extra_interfaces' for CMake config files
[6.352s] Level 1:colcon.colcon_core.shell:create_environment_hook('extra_interfaces', 'cmake_prefix_path')
[6.353s] INFO:colcon.colcon_core.shell:Creating environment hook '/home/strathvoyager/new_ws/install/extra_interfaces/share/extra_interfaces/hook/cmake_prefix_path.ps1'
[6.355s] INFO:colcon.colcon_core.shell:Creating environment descriptor '/home/strathvoyager/new_ws/install/extra_interfaces/share/extra_interfaces/hook/cmake_prefix_path.dsv'
[6.356s] INFO:colcon.colcon_core.shell:Creating environment hook '/home/strathvoyager/new_ws/install/extra_interfaces/share/extra_interfaces/hook/cmake_prefix_path.sh'
[6.358s] Level 1:colcon.colcon_core.environment:checking '/home/strathvoyager/new_ws/install/extra_interfaces/lib'
[6.359s] Level 1:colcon.colcon_core.shell:create_environment_hook('extra_interfaces', 'ld_library_path_lib')
[6.360s] INFO:colcon.colcon_core.shell:Creating environment hook '/home/strathvoyager/new_ws/install/extra_interfaces/share/extra_interfaces/hook/ld_library_path_lib.ps1'
[6.361s] INFO:colcon.colcon_core.shell:Creating environment descriptor '/home/strathvoyager/new_ws/install/extra_interfaces/share/extra_interfaces/hook/ld_library_path_lib.dsv'
[6.362s] INFO:colcon.colcon_core.shell:Creating environment hook '/home/strathvoyager/new_ws/install/extra_interfaces/share/extra_interfaces/hook/ld_library_path_lib.sh'
[6.364s] Level 1:colcon.colcon_core.environment:checking '/home/strathvoyager/new_ws/install/extra_interfaces/bin'
[6.364s] Level 1:colcon.colcon_core.environment:checking '/home/strathvoyager/new_ws/install/extra_interfaces/lib/pkgconfig/extra_interfaces.pc'
[6.365s] Level 1:colcon.colcon_core.environment:checking '/home/strathvoyager/new_ws/install/extra_interfaces/lib/python3.10/site-packages'
[6.365s] Level 1:colcon.colcon_core.environment:checking '/home/strathvoyager/new_ws/install/extra_interfaces/bin'
[6.366s] INFO:colcon.colcon_core.shell:Creating package script '/home/strathvoyager/new_ws/install/extra_interfaces/share/extra_interfaces/package.ps1'
[6.367s] INFO:colcon.colcon_core.shell:Creating package descriptor '/home/strathvoyager/new_ws/install/extra_interfaces/share/extra_interfaces/package.dsv'
[6.367s] INFO:colcon.colcon_core.shell:Creating package script '/home/strathvoyager/new_ws/install/extra_interfaces/share/extra_interfaces/package.sh'
[6.368s] INFO:colcon.colcon_core.shell:Creating package script '/home/strathvoyager/new_ws/install/extra_interfaces/share/extra_interfaces/package.bash'
[6.369s] INFO:colcon.colcon_core.shell:Creating package script '/home/strathvoyager/new_ws/install/extra_interfaces/share/extra_interfaces/package.zsh'
[6.371s] Level 1:colcon.colcon_core.environment:create_file_with_runtime_dependencies(/home/strathvoyager/new_ws/install/extra_interfaces/share/colcon-core/packages/extra_interfaces)
[6.533s] Level 1:colcon.colcon_core.environment:create_environment_scripts_only(extra_interfaces)
[6.534s] Level 1:colcon.colcon_core.environment:checking '/home/strathvoyager/new_ws/install/extra_interfaces' for CMake module files
[6.536s] Level 1:colcon.colcon_core.environment:checking '/home/strathvoyager/new_ws/install/extra_interfaces' for CMake config files
[6.537s] Level 1:colcon.colcon_core.shell:create_environment_hook('extra_interfaces', 'cmake_prefix_path')
[6.538s] INFO:colcon.colcon_core.shell:Creating environment hook '/home/strathvoyager/new_ws/install/extra_interfaces/share/extra_interfaces/hook/cmake_prefix_path.ps1'
[6.540s] INFO:colcon.colcon_core.shell:Creating environment descriptor '/home/strathvoyager/new_ws/install/extra_interfaces/share/extra_interfaces/hook/cmake_prefix_path.dsv'
[6.541s] INFO:colcon.colcon_core.shell:Creating environment hook '/home/strathvoyager/new_ws/install/extra_interfaces/share/extra_interfaces/hook/cmake_prefix_path.sh'
[6.543s] Level 1:colcon.colcon_core.environment:checking '/home/strathvoyager/new_ws/install/extra_interfaces/lib'
[6.543s] Level 1:colcon.colcon_core.shell:create_environment_hook('extra_interfaces', 'ld_library_path_lib')
[6.544s] INFO:colcon.colcon_core.shell:Creating environment hook '/home/strathvoyager/new_ws/install/extra_interfaces/share/extra_interfaces/hook/ld_library_path_lib.ps1'
[6.546s] INFO:colcon.colcon_core.shell:Creating environment descriptor '/home/strathvoyager/new_ws/install/extra_interfaces/share/extra_interfaces/hook/ld_library_path_lib.dsv'
[6.547s] INFO:colcon.colcon_core.shell:Creating environment hook '/home/strathvoyager/new_ws/install/extra_interfaces/share/extra_interfaces/hook/ld_library_path_lib.sh'
[6.548s] Level 1:colcon.colcon_core.environment:checking '/home/strathvoyager/new_ws/install/extra_interfaces/bin'
[6.548s] Level 1:colcon.colcon_core.environment:checking '/home/strathvoyager/new_ws/install/extra_interfaces/lib/pkgconfig/extra_interfaces.pc'
[6.549s] Level 1:colcon.colcon_core.environment:checking '/home/strathvoyager/new_ws/install/extra_interfaces/lib/python3.10/site-packages'
[6.550s] Level 1:colcon.colcon_core.environment:checking '/home/strathvoyager/new_ws/install/extra_interfaces/bin'
[6.551s] INFO:colcon.colcon_core.shell:Creating package script '/home/strathvoyager/new_ws/install/extra_interfaces/share/extra_interfaces/package.ps1'
[6.553s] INFO:colcon.colcon_core.shell:Creating package descriptor '/home/strathvoyager/new_ws/install/extra_interfaces/share/extra_interfaces/package.dsv'
[6.555s] INFO:colcon.colcon_core.shell:Creating package script '/home/strathvoyager/new_ws/install/extra_interfaces/share/extra_interfaces/package.sh'
[6.557s] INFO:colcon.colcon_core.shell:Creating package script '/home/strathvoyager/new_ws/install/extra_interfaces/share/extra_interfaces/package.bash'
[6.558s] INFO:colcon.colcon_core.shell:Creating package script '/home/strathvoyager/new_ws/install/extra_interfaces/share/extra_interfaces/package.zsh'
[6.560s] Level 1:colcon.colcon_core.environment:create_file_with_runtime_dependencies(/home/strathvoyager/new_ws/install/extra_interfaces/share/colcon-core/packages/extra_interfaces)
[6.561s] DEBUG:colcon.colcon_parallel_executor.executor.parallel:closing loop
[6.562s] DEBUG:colcon.colcon_parallel_executor.executor.parallel:loop closed
[6.563s] DEBUG:colcon.colcon_parallel_executor.executor.parallel:run_until_complete finished with '0'
[6.563s] DEBUG:colcon.colcon_core.event_reactor:joining thread
[6.577s] INFO:colcon.colcon_core.plugin_system:Skipping extension 'colcon_notification.desktop_notification.terminal_notifier': Not used on non-Darwin systems
[6.577s] INFO:colcon.colcon_core.plugin_system:Skipping extension 'colcon_notification.desktop_notification.win32': Not used on non-Windows systems
[6.577s] INFO:colcon.colcon_notification.desktop_notification:Sending desktop notification using 'notify2'
[6.619s] DEBUG:colcon.colcon_core.event_reactor:joined thread
[6.620s] INFO:colcon.colcon_core.shell:Creating prefix script '/home/strathvoyager/new_ws/install/local_setup.ps1'
[6.624s] INFO:colcon.colcon_core.shell:Creating prefix util module '/home/strathvoyager/new_ws/install/_local_setup_util_ps1.py'
[6.629s] INFO:colcon.colcon_core.shell:Creating prefix chain script '/home/strathvoyager/new_ws/install/setup.ps1'
[6.633s] INFO:colcon.colcon_core.shell:Creating prefix script '/home/strathvoyager/new_ws/install/local_setup.sh'
[6.635s] INFO:colcon.colcon_core.shell:Creating prefix util module '/home/strathvoyager/new_ws/install/_local_setup_util_sh.py'
[6.637s] INFO:colcon.colcon_core.shell:Creating prefix chain script '/home/strathvoyager/new_ws/install/setup.sh'
[6.641s] INFO:colcon.colcon_core.shell:Creating prefix script '/home/strathvoyager/new_ws/install/local_setup.bash'
[6.643s] INFO:colcon.colcon_core.shell:Creating prefix chain script '/home/strathvoyager/new_ws/install/setup.bash'
[6.647s] INFO:colcon.colcon_core.shell:Creating prefix script '/home/strathvoyager/new_ws/install/local_setup.zsh'
[6.648s] INFO:colcon.colcon_core.shell:Creating prefix chain script '/home/strathvoyager/new_ws/install/setup.zsh'
