[0.157s] DEBUG:colcon:Command line arguments: ['/usr/bin/colcon', 'build']
[0.157s] DEBUG:colcon:Parsed command line arguments: Namespace(log_base=None, log_level=None, verb_name='build', build_base='build', install_base='install', merge_install=False, symlink_install=False, test_result_base=None, continue_on_error=False, executor='parallel', parallel_workers=12, event_handlers=None, ignore_user_meta=False, metas=['./colcon.meta'], base_paths=['.'], packages_ignore=None, packages_ignore_regex=None, paths=None, packages_up_to=None, packages_up_to_regex=None, packages_above=None, packages_above_and_dependencies=None, packages_above_depth=None, packages_select_by_dep=None, packages_skip_by_dep=None, packages_skip_up_to=None, packages_select_build_failed=False, packages_skip_build_finished=False, packages_select_test_failures=False, packages_skip_test_passed=False, packages_select=None, packages_skip=None, packages_select_regex=None, packages_skip_regex=None, packages_start=None, packages_end=None, allow_overriding=[], cmake_args=None, cmake_target=None, cmake_target_skip_unavailable=False, cmake_clean_cache=False, cmake_clean_first=False, cmake_force_configure=False, ament_cmake_args=None, catkin_cmake_args=None, catkin_skip_building_tests=False, mixin_files=None, mixin=None, verb_parser=<colcon_mixin.mixin.mixin_argument.MixinArgumentDecorator object at 0xffff7eeb3040>, verb_extension=<colcon_core.verb.build.BuildVerb object at 0xffff7eeb23e0>, main=<bound method BuildVerb.main of <colcon_core.verb.build.BuildVerb object at 0xffff7eeb23e0>>, mixin_verb=('build',))
[0.404s] Level 1:colcon.colcon_core.package_discovery:discover_packages(colcon_meta) check parameters
[0.404s] Level 1:colcon.colcon_core.package_discovery:discover_packages(recursive) check parameters
[0.404s] Level 1:colcon.colcon_core.package_discovery:discover_packages(ignore) check parameters
[0.404s] Level 1:colcon.colcon_core.package_discovery:discover_packages(path) check parameters
[0.404s] Level 1:colcon.colcon_core.package_discovery:discover_packages(colcon_meta) discover
[0.404s] Level 1:colcon.colcon_core.package_discovery:discover_packages(recursive) discover
[0.405s] INFO:colcon.colcon_core.package_discovery:Crawling recursively for packages in '/home/strathvoyager/new_ws'
[0.405s] Level 1:colcon.colcon_core.package_identification:_identify(.) by extensions ['ignore', 'ignore_ament_install']
[0.405s] Level 1:colcon.colcon_core.package_identification:_identify(.) by extension 'ignore'
[0.405s] Level 1:colcon.colcon_core.package_identification:_identify(.) by extension 'ignore_ament_install'
[0.405s] Level 1:colcon.colcon_core.package_identification:_identify(.) by extensions ['colcon_pkg']
[0.405s] Level 1:colcon.colcon_core.package_identification:_identify(.) by extension 'colcon_pkg'
[0.405s] Level 1:colcon.colcon_core.package_identification:_identify(.) by extensions ['colcon_meta']
[0.405s] Level 1:colcon.colcon_core.package_identification:_identify(.) by extension 'colcon_meta'
[0.405s] Level 1:colcon.colcon_core.package_identification:_identify(.) by extensions ['ros']
[0.405s] Level 1:colcon.colcon_core.package_identification:_identify(.) by extension 'ros'
[0.420s] Level 1:colcon.colcon_core.package_identification:_identify(.) by extensions ['cmake', 'python']
[0.420s] Level 1:colcon.colcon_core.package_identification:_identify(.) by extension 'cmake'
[0.420s] Level 1:colcon.colcon_core.package_identification:_identify(.) by extension 'python'
[0.420s] Level 1:colcon.colcon_core.package_identification:_identify(.) by extensions ['python_setup_py']
[0.420s] Level 1:colcon.colcon_core.package_identification:_identify(.) by extension 'python_setup_py'
[0.421s] Level 1:colcon.colcon_core.package_identification:_identify(build) by extensions ['ignore', 'ignore_ament_install']
[0.421s] Level 1:colcon.colcon_core.package_identification:_identify(build) by extension 'ignore'
[0.421s] Level 1:colcon.colcon_core.package_identification:_identify(build) ignored
[0.421s] Level 1:colcon.colcon_core.package_identification:_identify(install) by extensions ['ignore', 'ignore_ament_install']
[0.421s] Level 1:colcon.colcon_core.package_identification:_identify(install) by extension 'ignore'
[0.421s] Level 1:colcon.colcon_core.package_identification:_identify(install) ignored
[0.422s] Level 1:colcon.colcon_core.package_identification:_identify(log) by extensions ['ignore', 'ignore_ament_install']
[0.422s] Level 1:colcon.colcon_core.package_identification:_identify(log) by extension 'ignore'
[0.422s] Level 1:colcon.colcon_core.package_identification:_identify(log) ignored
[0.422s] Level 1:colcon.colcon_core.package_identification:_identify(models) by extensions ['ignore', 'ignore_ament_install']
[0.422s] Level 1:colcon.colcon_core.package_identification:_identify(models) by extension 'ignore'
[0.422s] Level 1:colcon.colcon_core.package_identification:_identify(models) by extension 'ignore_ament_install'
[0.422s] Level 1:colcon.colcon_core.package_identification:_identify(models) by extensions ['colcon_pkg']
[0.422s] Level 1:colcon.colcon_core.package_identification:_identify(models) by extension 'colcon_pkg'
[0.422s] Level 1:colcon.colcon_core.package_identification:_identify(models) by extensions ['colcon_meta']
[0.422s] Level 1:colcon.colcon_core.package_identification:_identify(models) by extension 'colcon_meta'
[0.422s] Level 1:colcon.colcon_core.package_identification:_identify(models) by extensions ['ros']
[0.423s] Level 1:colcon.colcon_core.package_identification:_identify(models) by extension 'ros'
[0.423s] Level 1:colcon.colcon_core.package_identification:_identify(models) by extensions ['cmake', 'python']
[0.423s] Level 1:colcon.colcon_core.package_identification:_identify(models) by extension 'cmake'
[0.423s] Level 1:colcon.colcon_core.package_identification:_identify(models) by extension 'python'
[0.423s] Level 1:colcon.colcon_core.package_identification:_identify(models) by extensions ['python_setup_py']
[0.423s] Level 1:colcon.colcon_core.package_identification:_identify(models) by extension 'python_setup_py'
[0.423s] Level 1:colcon.colcon_core.package_identification:_identify(src) by extensions ['ignore', 'ignore_ament_install']
[0.423s] Level 1:colcon.colcon_core.package_identification:_identify(src) by extension 'ignore'
[0.423s] Level 1:colcon.colcon_core.package_identification:_identify(src) by extension 'ignore_ament_install'
[0.423s] Level 1:colcon.colcon_core.package_identification:_identify(src) by extensions ['colcon_pkg']
[0.423s] Level 1:colcon.colcon_core.package_identification:_identify(src) by extension 'colcon_pkg'
[0.423s] Level 1:colcon.colcon_core.package_identification:_identify(src) by extensions ['colcon_meta']
[0.423s] Level 1:colcon.colcon_core.package_identification:_identify(src) by extension 'colcon_meta'
[0.423s] Level 1:colcon.colcon_core.package_identification:_identify(src) by extensions ['ros']
[0.423s] Level 1:colcon.colcon_core.package_identification:_identify(src) by extension 'ros'
[0.424s] Level 1:colcon.colcon_core.package_identification:_identify(src) by extensions ['cmake', 'python']
[0.424s] Level 1:colcon.colcon_core.package_identification:_identify(src) by extension 'cmake'
[0.424s] Level 1:colcon.colcon_core.package_identification:_identify(src) by extension 'python'
[0.424s] Level 1:colcon.colcon_core.package_identification:_identify(src) by extensions ['python_setup_py']
[0.424s] Level 1:colcon.colcon_core.package_identification:_identify(src) by extension 'python_setup_py'
[0.424s] Level 1:colcon.colcon_core.package_identification:_identify(src/computer_vision) by extensions ['ignore', 'ignore_ament_install']
[0.424s] Level 1:colcon.colcon_core.package_identification:_identify(src/computer_vision) by extension 'ignore'
[0.424s] Level 1:colcon.colcon_core.package_identification:_identify(src/computer_vision) by extension 'ignore_ament_install'
[0.424s] Level 1:colcon.colcon_core.package_identification:_identify(src/computer_vision) by extensions ['colcon_pkg']
[0.424s] Level 1:colcon.colcon_core.package_identification:_identify(src/computer_vision) by extension 'colcon_pkg'
[0.424s] Level 1:colcon.colcon_core.package_identification:_identify(src/computer_vision) by extensions ['colcon_meta']
[0.424s] Level 1:colcon.colcon_core.package_identification:_identify(src/computer_vision) by extension 'colcon_meta'
[0.424s] Level 1:colcon.colcon_core.package_identification:_identify(src/computer_vision) by extensions ['ros']
[0.424s] Level 1:colcon.colcon_core.package_identification:_identify(src/computer_vision) by extension 'ros'
[0.428s] DEBUG:colcon.colcon_core.package_identification:Package 'src/computer_vision' with type 'ros.ament_python' and name 'computer_vision'
[0.428s] Level 1:colcon.colcon_core.package_identification:_identify(src/extra_interfaces) by extensions ['ignore', 'ignore_ament_install']
[0.428s] Level 1:colcon.colcon_core.package_identification:_identify(src/extra_interfaces) by extension 'ignore'
[0.428s] Level 1:colcon.colcon_core.package_identification:_identify(src/extra_interfaces) by extension 'ignore_ament_install'
[0.428s] Level 1:colcon.colcon_core.package_identification:_identify(src/extra_interfaces) by extensions ['colcon_pkg']
[0.428s] Level 1:colcon.colcon_core.package_identification:_identify(src/extra_interfaces) by extension 'colcon_pkg'
[0.428s] Level 1:colcon.colcon_core.package_identification:_identify(src/extra_interfaces) by extensions ['colcon_meta']
[0.428s] Level 1:colcon.colcon_core.package_identification:_identify(src/extra_interfaces) by extension 'colcon_meta'
[0.428s] Level 1:colcon.colcon_core.package_identification:_identify(src/extra_interfaces) by extensions ['ros']
[0.428s] Level 1:colcon.colcon_core.package_identification:_identify(src/extra_interfaces) by extension 'ros'
[0.429s] DEBUG:colcon.colcon_core.package_identification:Package 'src/extra_interfaces' with type 'ros.ament_cmake' and name 'extra_interfaces'
[0.429s] Level 1:colcon.colcon_core.package_discovery:discover_packages(recursive) using defaults
[0.429s] Level 1:colcon.colcon_core.package_discovery:discover_packages(ignore) discover
[0.429s] Level 1:colcon.colcon_core.package_discovery:discover_packages(ignore) using defaults
[0.429s] Level 1:colcon.colcon_core.package_discovery:discover_packages(path) discover
[0.430s] Level 1:colcon.colcon_core.package_discovery:discover_packages(path) using defaults
[0.476s] Level 1:colcon.colcon_core.package_discovery:discover_packages(prefix_path) check parameters
[0.477s] Level 1:colcon.colcon_core.package_discovery:discover_packages(prefix_path) discover
[0.479s] DEBUG:colcon.colcon_installed_package_information.package_discovery:Found 2 installed packages in /home/strathvoyager/new_ws/install
[0.480s] DEBUG:colcon.colcon_installed_package_information.package_discovery:Found 180 installed packages in /opt/ros/humble
[0.481s] Level 1:colcon.colcon_core.package_discovery:discover_packages(prefix_path) using defaults
[0.514s] Level 5:colcon.colcon_core.verb:set package 'computer_vision' build argument 'cmake_args' from command line to 'None'
[0.514s] Level 5:colcon.colcon_core.verb:set package 'computer_vision' build argument 'cmake_target' from command line to 'None'
[0.514s] Level 5:colcon.colcon_core.verb:set package 'computer_vision' build argument 'cmake_target_skip_unavailable' from command line to 'False'
[0.514s] Level 5:colcon.colcon_core.verb:set package 'computer_vision' build argument 'cmake_clean_cache' from command line to 'False'
[0.515s] Level 5:colcon.colcon_core.verb:set package 'computer_vision' build argument 'cmake_clean_first' from command line to 'False'
[0.515s] Level 5:colcon.colcon_core.verb:set package 'computer_vision' build argument 'cmake_force_configure' from command line to 'False'
[0.515s] Level 5:colcon.colcon_core.verb:set package 'computer_vision' build argument 'ament_cmake_args' from command line to 'None'
[0.515s] Level 5:colcon.colcon_core.verb:set package 'computer_vision' build argument 'catkin_cmake_args' from command line to 'None'
[0.515s] Level 5:colcon.colcon_core.verb:set package 'computer_vision' build argument 'catkin_skip_building_tests' from command line to 'False'
[0.515s] DEBUG:colcon.colcon_core.verb:Building package 'computer_vision' with the following arguments: {'ament_cmake_args': None, 'build_base': '/home/strathvoyager/new_ws/build/computer_vision', 'catkin_cmake_args': None, 'catkin_skip_building_tests': False, 'cmake_args': None, 'cmake_clean_cache': False, 'cmake_clean_first': False, 'cmake_force_configure': False, 'cmake_target': None, 'cmake_target_skip_unavailable': False, 'install_base': '/home/strathvoyager/new_ws/install/computer_vision', 'merge_install': False, 'path': '/home/strathvoyager/new_ws/src/computer_vision', 'symlink_install': False, 'test_result_base': None}
[0.515s] Level 5:colcon.colcon_core.verb:set package 'extra_interfaces' build argument 'cmake_args' from command line to 'None'
[0.515s] Level 5:colcon.colcon_core.verb:set package 'extra_interfaces' build argument 'cmake_target' from command line to 'None'
[0.515s] Level 5:colcon.colcon_core.verb:set package 'extra_interfaces' build argument 'cmake_target_skip_unavailable' from command line to 'False'
[0.515s] Level 5:colcon.colcon_core.verb:set package 'extra_interfaces' build argument 'cmake_clean_cache' from command line to 'False'
[0.515s] Level 5:colcon.colcon_core.verb:set package 'extra_interfaces' build argument 'cmake_clean_first' from command line to 'False'
[0.515s] Level 5:colcon.colcon_core.verb:set package 'extra_interfaces' build argument 'cmake_force_configure' from command line to 'False'
[0.515s] Level 5:colcon.colcon_core.verb:set package 'extra_interfaces' build argument 'ament_cmake_args' from command line to 'None'
[0.515s] Level 5:colcon.colcon_core.verb:set package 'extra_interfaces' build argument 'catkin_cmake_args' from command line to 'None'
[0.515s] Level 5:colcon.colcon_core.verb:set package 'extra_interfaces' build argument 'catkin_skip_building_tests' from command line to 'False'
[0.515s] DEBUG:colcon.colcon_core.verb:Building package 'extra_interfaces' with the following arguments: {'ament_cmake_args': None, 'build_base': '/home/strathvoyager/new_ws/build/extra_interfaces', 'catkin_cmake_args': None, 'catkin_skip_building_tests': False, 'cmake_args': None, 'cmake_clean_cache': False, 'cmake_clean_first': False, 'cmake_force_configure': False, 'cmake_target': None, 'cmake_target_skip_unavailable': False, 'install_base': '/home/strathvoyager/new_ws/install/extra_interfaces', 'merge_install': False, 'path': '/home/strathvoyager/new_ws/src/extra_interfaces', 'symlink_install': False, 'test_result_base': None}
[0.516s] INFO:colcon.colcon_core.executor:Executing jobs using 'parallel' executor
[0.517s] DEBUG:colcon.colcon_parallel_executor.executor.parallel:run_until_complete
[0.518s] INFO:colcon.colcon_ros.task.ament_python.build:Building ROS package in '/home/strathvoyager/new_ws/src/computer_vision' with build type 'ament_python'
[0.518s] Level 1:colcon.colcon_core.shell:create_environment_hook('computer_vision', 'ament_prefix_path')
[0.521s] INFO:colcon.colcon_core.plugin_system:Skipping extension 'colcon_core.shell.bat': Not used on non-Windows systems
[0.521s] INFO:colcon.colcon_core.shell:Creating environment hook '/home/strathvoyager/new_ws/install/computer_vision/share/computer_vision/hook/ament_prefix_path.ps1'
[0.522s] INFO:colcon.colcon_core.shell:Creating environment descriptor '/home/strathvoyager/new_ws/install/computer_vision/share/computer_vision/hook/ament_prefix_path.dsv'
[0.523s] INFO:colcon.colcon_core.shell:Creating environment hook '/home/strathvoyager/new_ws/install/computer_vision/share/computer_vision/hook/ament_prefix_path.sh'
[0.524s] INFO:colcon.colcon_core.shell:Skip shell extension 'powershell' for command environment: Not usable outside of PowerShell
[0.524s] DEBUG:colcon.colcon_core.shell:Skip shell extension 'dsv' for command environment
[0.528s] INFO:colcon.colcon_ros.task.ament_cmake.build:Building ROS package in '/home/strathvoyager/new_ws/src/extra_interfaces' with build type 'ament_cmake'
[0.528s] INFO:colcon.colcon_cmake.task.cmake.build:Building CMake package in '/home/strathvoyager/new_ws/src/extra_interfaces'
[0.529s] INFO:colcon.colcon_core.shell:Skip shell extension 'powershell' for command environment: Not usable outside of PowerShell
[0.529s] DEBUG:colcon.colcon_core.shell:Skip shell extension 'dsv' for command environment
[0.945s] INFO:colcon.colcon_core.task.python.build:Building Python package in '/home/strathvoyager/new_ws/src/computer_vision'
[0.945s] INFO:colcon.colcon_core.shell:Skip shell extension 'powershell' for command environment: Not usable outside of PowerShell
[0.945s] DEBUG:colcon.colcon_core.shell:Skip shell extension 'dsv' for command environment
[0.960s] DEBUG:colcon.colcon_core.event_handler.log_command:Invoking command in '/home/strathvoyager/new_ws/build/extra_interfaces': CMAKE_PREFIX_PATH=${CMAKE_PREFIX_PATH}:/home/strathvoyager/new_ws/install/computer_vision:/opt/ros/humble /usr/bin/cmake --build /home/strathvoyager/new_ws/build/extra_interfaces -- -j12 -l12
[1.524s] DEBUG:colcon.colcon_core.event_handler.log_command:Invoked command in '/home/strathvoyager/new_ws/build/extra_interfaces' returned '0': CMAKE_PREFIX_PATH=${CMAKE_PREFIX_PATH}:/home/strathvoyager/new_ws/install/computer_vision:/opt/ros/humble /usr/bin/cmake --build /home/strathvoyager/new_ws/build/extra_interfaces -- -j12 -l12
[1.594s] DEBUG:colcon.colcon_core.event_handler.log_command:Invoking command in '/home/strathvoyager/new_ws/src/computer_vision': PYTHONPATH=/home/strathvoyager/new_ws/build/computer_vision/prefix_override:/usr/lib/python3/dist-packages/colcon_core/task/python/colcon_distutils_commands:/home/strathvoyager/new_ws/install/computer_vision/lib/python3.10/site-packages:${PYTHONPATH} /usr/bin/python3 -W ignore:setup.py install is deprecated -W ignore:easy_install command is deprecated setup.py egg_info --egg-base ../../build/computer_vision build --build-base /home/strathvoyager/new_ws/build/computer_vision/build install --record /home/strathvoyager/new_ws/build/computer_vision/install.log --single-version-externally-managed install_data
[1.692s] DEBUG:colcon.colcon_core.event_handler.log_command:Invoking command in '/home/strathvoyager/new_ws/build/extra_interfaces': CMAKE_PREFIX_PATH=${CMAKE_PREFIX_PATH}:/home/strathvoyager/new_ws/install/computer_vision:/opt/ros/humble /usr/bin/cmake --install /home/strathvoyager/new_ws/build/extra_interfaces
[1.776s] Level 1:colcon.colcon_core.environment:create_environment_scripts_only(extra_interfaces)
[1.777s] DEBUG:colcon.colcon_core.event_handler.log_command:Invoked command in '/home/strathvoyager/new_ws/build/extra_interfaces' returned '0': CMAKE_PREFIX_PATH=${CMAKE_PREFIX_PATH}:/home/strathvoyager/new_ws/install/computer_vision:/opt/ros/humble /usr/bin/cmake --install /home/strathvoyager/new_ws/build/extra_interfaces
[1.784s] Level 1:colcon.colcon_core.environment:checking '/home/strathvoyager/new_ws/install/extra_interfaces' for CMake module files
[1.787s] Level 1:colcon.colcon_core.environment:checking '/home/strathvoyager/new_ws/install/extra_interfaces' for CMake config files
[1.787s] Level 1:colcon.colcon_core.shell:create_environment_hook('extra_interfaces', 'cmake_prefix_path')
[1.788s] INFO:colcon.colcon_core.shell:Creating environment hook '/home/strathvoyager/new_ws/install/extra_interfaces/share/extra_interfaces/hook/cmake_prefix_path.ps1'
[1.790s] INFO:colcon.colcon_core.shell:Creating environment descriptor '/home/strathvoyager/new_ws/install/extra_interfaces/share/extra_interfaces/hook/cmake_prefix_path.dsv'
[1.791s] INFO:colcon.colcon_core.shell:Creating environment hook '/home/strathvoyager/new_ws/install/extra_interfaces/share/extra_interfaces/hook/cmake_prefix_path.sh'
[1.792s] Level 1:colcon.colcon_core.environment:checking '/home/strathvoyager/new_ws/install/extra_interfaces/lib'
[1.792s] Level 1:colcon.colcon_core.shell:create_environment_hook('extra_interfaces', 'ld_library_path_lib')
[1.792s] INFO:colcon.colcon_core.shell:Creating environment hook '/home/strathvoyager/new_ws/install/extra_interfaces/share/extra_interfaces/hook/ld_library_path_lib.ps1'
[1.793s] INFO:colcon.colcon_core.shell:Creating environment descriptor '/home/strathvoyager/new_ws/install/extra_interfaces/share/extra_interfaces/hook/ld_library_path_lib.dsv'
[1.794s] INFO:colcon.colcon_core.shell:Creating environment hook '/home/strathvoyager/new_ws/install/extra_interfaces/share/extra_interfaces/hook/ld_library_path_lib.sh'
[1.796s] Level 1:colcon.colcon_core.environment:checking '/home/strathvoyager/new_ws/install/extra_interfaces/bin'
[1.796s] Level 1:colcon.colcon_core.environment:checking '/home/strathvoyager/new_ws/install/extra_interfaces/lib/pkgconfig/extra_interfaces.pc'
[1.796s] Level 1:colcon.colcon_core.environment:checking '/home/strathvoyager/new_ws/install/extra_interfaces/lib/python3.10/site-packages'
[1.797s] Level 1:colcon.colcon_core.environment:checking '/home/strathvoyager/new_ws/install/extra_interfaces/bin'
[1.797s] INFO:colcon.colcon_core.shell:Creating package script '/home/strathvoyager/new_ws/install/extra_interfaces/share/extra_interfaces/package.ps1'
[1.798s] INFO:colcon.colcon_core.shell:Creating package descriptor '/home/strathvoyager/new_ws/install/extra_interfaces/share/extra_interfaces/package.dsv'
[1.800s] INFO:colcon.colcon_core.shell:Creating package script '/home/strathvoyager/new_ws/install/extra_interfaces/share/extra_interfaces/package.sh'
[1.803s] INFO:colcon.colcon_core.shell:Creating package script '/home/strathvoyager/new_ws/install/extra_interfaces/share/extra_interfaces/package.bash'
[1.805s] INFO:colcon.colcon_core.shell:Creating package script '/home/strathvoyager/new_ws/install/extra_interfaces/share/extra_interfaces/package.zsh'
[1.808s] Level 1:colcon.colcon_core.environment:create_file_with_runtime_dependencies(/home/strathvoyager/new_ws/install/extra_interfaces/share/colcon-core/packages/extra_interfaces)
[1.961s] Level 1:colcon.colcon_core.environment:create_environment_scripts_only(extra_interfaces)
[1.962s] Level 1:colcon.colcon_core.environment:checking '/home/strathvoyager/new_ws/install/extra_interfaces' for CMake module files
[1.963s] Level 1:colcon.colcon_core.environment:checking '/home/strathvoyager/new_ws/install/extra_interfaces' for CMake config files
[1.964s] Level 1:colcon.colcon_core.shell:create_environment_hook('extra_interfaces', 'cmake_prefix_path')
[1.965s] INFO:colcon.colcon_core.shell:Creating environment hook '/home/strathvoyager/new_ws/install/extra_interfaces/share/extra_interfaces/hook/cmake_prefix_path.ps1'
[1.966s] INFO:colcon.colcon_core.shell:Creating environment descriptor '/home/strathvoyager/new_ws/install/extra_interfaces/share/extra_interfaces/hook/cmake_prefix_path.dsv'
[1.968s] INFO:colcon.colcon_core.shell:Creating environment hook '/home/strathvoyager/new_ws/install/extra_interfaces/share/extra_interfaces/hook/cmake_prefix_path.sh'
[1.970s] Level 1:colcon.colcon_core.environment:checking '/home/strathvoyager/new_ws/install/extra_interfaces/lib'
[1.970s] Level 1:colcon.colcon_core.shell:create_environment_hook('extra_interfaces', 'ld_library_path_lib')
[1.971s] INFO:colcon.colcon_core.shell:Creating environment hook '/home/strathvoyager/new_ws/install/extra_interfaces/share/extra_interfaces/hook/ld_library_path_lib.ps1'
[1.972s] INFO:colcon.colcon_core.shell:Creating environment descriptor '/home/strathvoyager/new_ws/install/extra_interfaces/share/extra_interfaces/hook/ld_library_path_lib.dsv'
[1.973s] INFO:colcon.colcon_core.shell:Creating environment hook '/home/strathvoyager/new_ws/install/extra_interfaces/share/extra_interfaces/hook/ld_library_path_lib.sh'
[1.975s] Level 1:colcon.colcon_core.environment:checking '/home/strathvoyager/new_ws/install/extra_interfaces/bin'
[1.975s] Level 1:colcon.colcon_core.environment:checking '/home/strathvoyager/new_ws/install/extra_interfaces/lib/pkgconfig/extra_interfaces.pc'
[1.976s] Level 1:colcon.colcon_core.environment:checking '/home/strathvoyager/new_ws/install/extra_interfaces/lib/python3.10/site-packages'
[1.976s] Level 1:colcon.colcon_core.environment:checking '/home/strathvoyager/new_ws/install/extra_interfaces/bin'
[1.977s] INFO:colcon.colcon_core.shell:Creating package script '/home/strathvoyager/new_ws/install/extra_interfaces/share/extra_interfaces/package.ps1'
[1.978s] INFO:colcon.colcon_core.shell:Creating package descriptor '/home/strathvoyager/new_ws/install/extra_interfaces/share/extra_interfaces/package.dsv'
[1.978s] INFO:colcon.colcon_core.shell:Creating package script '/home/strathvoyager/new_ws/install/extra_interfaces/share/extra_interfaces/package.sh'
[1.979s] INFO:colcon.colcon_core.shell:Creating package script '/home/strathvoyager/new_ws/install/extra_interfaces/share/extra_interfaces/package.bash'
[1.981s] INFO:colcon.colcon_core.shell:Creating package script '/home/strathvoyager/new_ws/install/extra_interfaces/share/extra_interfaces/package.zsh'
[1.982s] Level 1:colcon.colcon_core.environment:create_file_with_runtime_dependencies(/home/strathvoyager/new_ws/install/extra_interfaces/share/colcon-core/packages/extra_interfaces)
[2.036s] Level 1:colcon.colcon_core.environment:checking '/home/strathvoyager/new_ws/install/computer_vision' for CMake module files
[2.037s] DEBUG:colcon.colcon_core.event_handler.log_command:Invoked command in '/home/strathvoyager/new_ws/src/computer_vision' returned '0': PYTHONPATH=/home/strathvoyager/new_ws/build/computer_vision/prefix_override:/usr/lib/python3/dist-packages/colcon_core/task/python/colcon_distutils_commands:/home/strathvoyager/new_ws/install/computer_vision/lib/python3.10/site-packages:${PYTHONPATH} /usr/bin/python3 -W ignore:setup.py install is deprecated -W ignore:easy_install command is deprecated setup.py egg_info --egg-base ../../build/computer_vision build --build-base /home/strathvoyager/new_ws/build/computer_vision/build install --record /home/strathvoyager/new_ws/build/computer_vision/install.log --single-version-externally-managed install_data
[2.038s] Level 1:colcon.colcon_core.environment:checking '/home/strathvoyager/new_ws/install/computer_vision' for CMake config files
[2.040s] Level 1:colcon.colcon_core.environment:checking '/home/strathvoyager/new_ws/install/computer_vision/lib'
[2.040s] Level 1:colcon.colcon_core.environment:checking '/home/strathvoyager/new_ws/install/computer_vision/bin'
[2.041s] Level 1:colcon.colcon_core.environment:checking '/home/strathvoyager/new_ws/install/computer_vision/lib/pkgconfig/computer_vision.pc'
[2.042s] Level 1:colcon.colcon_core.environment:checking '/home/strathvoyager/new_ws/install/computer_vision/lib/python3.10/site-packages'
[2.042s] Level 1:colcon.colcon_core.shell:create_environment_hook('computer_vision', 'pythonpath')
[2.043s] INFO:colcon.colcon_core.shell:Creating environment hook '/home/strathvoyager/new_ws/install/computer_vision/share/computer_vision/hook/pythonpath.ps1'
[2.044s] INFO:colcon.colcon_core.shell:Creating environment descriptor '/home/strathvoyager/new_ws/install/computer_vision/share/computer_vision/hook/pythonpath.dsv'
[2.046s] INFO:colcon.colcon_core.shell:Creating environment hook '/home/strathvoyager/new_ws/install/computer_vision/share/computer_vision/hook/pythonpath.sh'
[2.047s] Level 1:colcon.colcon_core.environment:checking '/home/strathvoyager/new_ws/install/computer_vision/bin'
[2.047s] Level 1:colcon.colcon_core.environment:create_environment_scripts_only(computer_vision)
[2.047s] INFO:colcon.colcon_core.shell:Creating package script '/home/strathvoyager/new_ws/install/computer_vision/share/computer_vision/package.ps1'
[2.048s] INFO:colcon.colcon_core.shell:Creating package descriptor '/home/strathvoyager/new_ws/install/computer_vision/share/computer_vision/package.dsv'
[2.050s] INFO:colcon.colcon_core.shell:Creating package script '/home/strathvoyager/new_ws/install/computer_vision/share/computer_vision/package.sh'
[2.051s] INFO:colcon.colcon_core.shell:Creating package script '/home/strathvoyager/new_ws/install/computer_vision/share/computer_vision/package.bash'
[2.052s] INFO:colcon.colcon_core.shell:Creating package script '/home/strathvoyager/new_ws/install/computer_vision/share/computer_vision/package.zsh'
[2.052s] Level 1:colcon.colcon_core.environment:create_file_with_runtime_dependencies(/home/strathvoyager/new_ws/install/computer_vision/share/colcon-core/packages/computer_vision)
[2.053s] DEBUG:colcon.colcon_parallel_executor.executor.parallel:closing loop
[2.053s] DEBUG:colcon.colcon_parallel_executor.executor.parallel:loop closed
[2.054s] DEBUG:colcon.colcon_parallel_executor.executor.parallel:run_until_complete finished with '0'
[2.054s] DEBUG:colcon.colcon_core.event_reactor:joining thread
[2.067s] INFO:colcon.colcon_core.plugin_system:Skipping extension 'colcon_notification.desktop_notification.terminal_notifier': Not used on non-Darwin systems
[2.067s] INFO:colcon.colcon_core.plugin_system:Skipping extension 'colcon_notification.desktop_notification.win32': Not used on non-Windows systems
[2.067s] INFO:colcon.colcon_notification.desktop_notification:Sending desktop notification using 'notify2'
[2.101s] DEBUG:colcon.colcon_core.event_reactor:joined thread
[2.102s] INFO:colcon.colcon_core.shell:Creating prefix script '/home/strathvoyager/new_ws/install/local_setup.ps1'
[2.106s] INFO:colcon.colcon_core.shell:Creating prefix util module '/home/strathvoyager/new_ws/install/_local_setup_util_ps1.py'
[2.111s] INFO:colcon.colcon_core.shell:Creating prefix chain script '/home/strathvoyager/new_ws/install/setup.ps1'
[2.115s] INFO:colcon.colcon_core.shell:Creating prefix script '/home/strathvoyager/new_ws/install/local_setup.sh'
[2.116s] INFO:colcon.colcon_core.shell:Creating prefix util module '/home/strathvoyager/new_ws/install/_local_setup_util_sh.py'
[2.117s] INFO:colcon.colcon_core.shell:Creating prefix chain script '/home/strathvoyager/new_ws/install/setup.sh'
[2.119s] INFO:colcon.colcon_core.shell:Creating prefix script '/home/strathvoyager/new_ws/install/local_setup.bash'
[2.121s] INFO:colcon.colcon_core.shell:Creating prefix chain script '/home/strathvoyager/new_ws/install/setup.bash'
[2.122s] INFO:colcon.colcon_core.shell:Creating prefix script '/home/strathvoyager/new_ws/install/local_setup.zsh'
[2.123s] INFO:colcon.colcon_core.shell:Creating prefix chain script '/home/strathvoyager/new_ws/install/setup.zsh'
