[3.113s] Invoking command in '/home/strathvoyager/new_ws/src/computer_vision': PYTHONPATH=/home/strathvoyager/new_ws/build/computer_vision/prefix_override:/usr/lib/python3/dist-packages/colcon_core/task/python/colcon_distutils_commands:/home/strathvoyager/new_ws/install/computer_vision/lib/python3.10/site-packages:${PYTHONPATH} /usr/bin/python3 -W ignore:setup.py install is deprecated setup.py egg_info --egg-base ../../build/computer_vision build --build-base /home/strathvoyager/new_ws/build/computer_vision/build install --record /home/strathvoyager/new_ws/build/computer_vision/install.log --single-version-externally-managed install_data
[3.510s] running egg_info
[3.511s] writing ../../build/computer_vision/computer_vision.egg-info/PKG-INFO
[3.511s] writing dependency_links to ../../build/computer_vision/computer_vision.egg-info/dependency_links.txt
[3.511s] writing entry points to ../../build/computer_vision/computer_vision.egg-info/entry_points.txt
[3.511s] writing requirements to ../../build/computer_vision/computer_vision.egg-info/requires.txt
[3.512s] writing top-level names to ../../build/computer_vision/computer_vision.egg-info/top_level.txt
[3.514s] reading manifest file '../../build/computer_vision/computer_vision.egg-info/SOURCES.txt'
[3.515s] adding license file 'LICENSE'
[3.516s] writing manifest file '../../build/computer_vision/computer_vision.egg-info/SOURCES.txt'
[3.516s] running build
[3.516s] running build_py
[3.516s] copying computer_vision/camera.py -> /home/strathvoyager/new_ws/build/computer_vision/build/lib/computer_vision
[3.516s] running install
[3.517s] running install_lib
[3.518s] copying /home/strathvoyager/new_ws/build/computer_vision/build/lib/computer_vision/camera.py -> /home/strathvoyager/new_ws/install/computer_vision/lib/python3.10/site-packages/computer_vision
[3.519s] byte-compiling /home/strathvoyager/new_ws/install/computer_vision/lib/python3.10/site-packages/computer_vision/camera.py to camera.cpython-310.pyc
[3.520s] running install_data
[3.520s] running install_egg_info
[3.523s] removing '/home/strathvoyager/new_ws/install/computer_vision/lib/python3.10/site-packages/computer_vision-0.0.0-py3.10.egg-info' (and everything under it)
[3.524s] Copying ../../build/computer_vision/computer_vision.egg-info to /home/strathvoyager/new_ws/install/computer_vision/lib/python3.10/site-packages/computer_vision-0.0.0-py3.10.egg-info
[3.525s] running install_scripts
[3.555s] Installing camera script to /home/strathvoyager/new_ws/install/computer_vision/lib/computer_vision
[3.555s] Installing display script to /home/strathvoyager/new_ws/install/computer_vision/lib/computer_vision
[3.555s] writing list of installed files to '/home/strathvoyager/new_ws/build/computer_vision/install.log'
[7.329s] Invoked command in '/home/strathvoyager/new_ws/src/computer_vision' returned '0': PYTHONPATH=/home/strathvoyager/new_ws/build/computer_vision/prefix_override:/usr/lib/python3/dist-packages/colcon_core/task/python/colcon_distutils_commands:/home/strathvoyager/new_ws/install/computer_vision/lib/python3.10/site-packages:${PYTHONPATH} /usr/bin/python3 -W ignore:setup.py install is deprecated setup.py egg_info --egg-base ../../build/computer_vision build --build-base /home/strathvoyager/new_ws/build/computer_vision/build install --record /home/strathvoyager/new_ws/build/computer_vision/install.log --single-version-externally-managed install_data
