[1.333s] Invoking command in '/home/strathvoyager/new_ws/src/computer_vision': PYTHONPATH=/home/strathvoyager/new_ws/build/computer_vision/prefix_override:/usr/lib/python3/dist-packages/colcon_core/task/python/colcon_distutils_commands:/home/strathvoyager/new_ws/install/computer_vision/lib/python3.10/site-packages:${PYTHONPATH} /usr/bin/python3 -W ignore:setup.py install is deprecated setup.py egg_info --egg-base ../../build/computer_vision build --build-base /home/strathvoyager/new_ws/build/computer_vision/build install --record /home/strathvoyager/new_ws/build/computer_vision/install.log --single-version-externally-managed install_data
[1.765s] running egg_info
[1.765s] creating ../../build/computer_vision/computer_vision.egg-info
[1.766s] writing ../../build/computer_vision/computer_vision.egg-info/PKG-INFO
[1.766s] writing dependency_links to ../../build/computer_vision/computer_vision.egg-info/dependency_links.txt
[1.766s] writing entry points to ../../build/computer_vision/computer_vision.egg-info/entry_points.txt
[1.767s] writing requirements to ../../build/computer_vision/computer_vision.egg-info/requires.txt
[1.767s] writing top-level names to ../../build/computer_vision/computer_vision.egg-info/top_level.txt
[1.767s] writing manifest file '../../build/computer_vision/computer_vision.egg-info/SOURCES.txt'
[1.770s] reading manifest file '../../build/computer_vision/computer_vision.egg-info/SOURCES.txt'
[1.770s] adding license file 'LICENSE'
[1.771s] writing manifest file '../../build/computer_vision/computer_vision.egg-info/SOURCES.txt'
[1.771s] running build
[1.771s] running build_py
[1.771s] creating /home/strathvoyager/new_ws/build/computer_vision/build
[1.771s] creating /home/strathvoyager/new_ws/build/computer_vision/build/lib
[1.771s] creating /home/strathvoyager/new_ws/build/computer_vision/build/lib/computer_vision
[1.771s] copying computer_vision/camera.py -> /home/strathvoyager/new_ws/build/computer_vision/build/lib/computer_vision
[1.771s] copying computer_vision/__init__.py -> /home/strathvoyager/new_ws/build/computer_vision/build/lib/computer_vision
[1.772s] running install
[1.772s] running install_lib
[1.773s] creating /home/strathvoyager/new_ws/install/computer_vision/lib/python3.10/site-packages/computer_vision
[1.773s] copying /home/strathvoyager/new_ws/build/computer_vision/build/lib/computer_vision/camera.py -> /home/strathvoyager/new_ws/install/computer_vision/lib/python3.10/site-packages/computer_vision
[1.773s] copying /home/strathvoyager/new_ws/build/computer_vision/build/lib/computer_vision/__init__.py -> /home/strathvoyager/new_ws/install/computer_vision/lib/python3.10/site-packages/computer_vision
[1.774s] byte-compiling /home/strathvoyager/new_ws/install/computer_vision/lib/python3.10/site-packages/computer_vision/camera.py to camera.cpython-310.pyc
[1.775s] byte-compiling /home/strathvoyager/new_ws/install/computer_vision/lib/python3.10/site-packages/computer_vision/__init__.py to __init__.cpython-310.pyc
[1.775s] running install_data
[1.775s] creating /home/strathvoyager/new_ws/install/computer_vision/share/ament_index
[1.775s] creating /home/strathvoyager/new_ws/install/computer_vision/share/ament_index/resource_index
[1.775s] creating /home/strathvoyager/new_ws/install/computer_vision/share/ament_index/resource_index/packages
[1.775s] copying resource/computer_vision -> /home/strathvoyager/new_ws/install/computer_vision/share/ament_index/resource_index/packages
[1.776s] copying package.xml -> /home/strathvoyager/new_ws/install/computer_vision/share/computer_vision
[1.776s] running install_egg_info
[1.778s] Copying ../../build/computer_vision/computer_vision.egg-info to /home/strathvoyager/new_ws/install/computer_vision/lib/python3.10/site-packages/computer_vision-0.0.0-py3.10.egg-info
[1.780s] running install_scripts
[1.811s] Installing camera script to /home/strathvoyager/new_ws/install/computer_vision/lib/computer_vision
[1.811s] writing list of installed files to '/home/strathvoyager/new_ws/build/computer_vision/install.log'
[1.860s] Invoked command in '/home/strathvoyager/new_ws/src/computer_vision' returned '0': PYTHONPATH=/home/strathvoyager/new_ws/build/computer_vision/prefix_override:/usr/lib/python3/dist-packages/colcon_core/task/python/colcon_distutils_commands:/home/strathvoyager/new_ws/install/computer_vision/lib/python3.10/site-packages:${PYTHONPATH} /usr/bin/python3 -W ignore:setup.py install is deprecated setup.py egg_info --egg-base ../../build/computer_vision build --build-base /home/strathvoyager/new_ws/build/computer_vision/build install --record /home/strathvoyager/new_ws/build/computer_vision/install.log --single-version-externally-managed install_data
