[1.230s] Invoking command in '/home/strathvoyager/new_ws/src/computer_vision': PYTHONPATH=/home/strathvoyager/new_ws/build/computer_vision/prefix_override:/usr/lib/python3/dist-packages/colcon_core/task/python/colcon_distutils_commands:/home/strathvoyager/new_ws/install/computer_vision/lib/python3.10/site-packages:${PYTHONPATH} /usr/bin/python3 -W ignore:setup.py install is deprecated setup.py egg_info --egg-base ../../build/computer_vision build --build-base /home/strathvoyager/new_ws/build/computer_vision/build install --record /home/strathvoyager/new_ws/build/computer_vision/install.log --single-version-externally-managed install_data
[1.658s] running egg_info
[1.658s] writing ../../build/computer_vision/computer_vision.egg-info/PKG-INFO
[1.659s] writing dependency_links to ../../build/computer_vision/computer_vision.egg-info/dependency_links.txt
[1.659s] writing entry points to ../../build/computer_vision/computer_vision.egg-info/entry_points.txt
[1.659s] writing requirements to ../../build/computer_vision/computer_vision.egg-info/requires.txt
[1.659s] writing top-level names to ../../build/computer_vision/computer_vision.egg-info/top_level.txt
[1.662s] reading manifest file '../../build/computer_vision/computer_vision.egg-info/SOURCES.txt'
[1.662s] adding license file 'LICENSE'
[1.663s] writing manifest file '../../build/computer_vision/computer_vision.egg-info/SOURCES.txt'
[1.664s] running build
[1.664s] running build_py
[1.664s] copying computer_vision/camera.py -> /home/strathvoyager/new_ws/build/computer_vision/build/lib/computer_vision
[1.664s] running install
[1.665s] running install_lib
[1.666s] copying /home/strathvoyager/new_ws/build/computer_vision/build/lib/computer_vision/camera.py -> /home/strathvoyager/new_ws/install/computer_vision/lib/python3.10/site-packages/computer_vision
[1.667s] byte-compiling /home/strathvoyager/new_ws/install/computer_vision/lib/python3.10/site-packages/computer_vision/camera.py to camera.cpython-310.pyc
[1.668s] running install_data
[1.668s] running install_egg_info
[1.670s] removing '/home/strathvoyager/new_ws/install/computer_vision/lib/python3.10/site-packages/computer_vision-0.0.0-py3.10.egg-info' (and everything under it)
[1.671s] Copying ../../build/computer_vision/computer_vision.egg-info to /home/strathvoyager/new_ws/install/computer_vision/lib/python3.10/site-packages/computer_vision-0.0.0-py3.10.egg-info
[1.672s] running install_scripts
[1.703s] Installing camera script to /home/strathvoyager/new_ws/install/computer_vision/lib/computer_vision
[1.704s] writing list of installed files to '/home/strathvoyager/new_ws/build/computer_vision/install.log'
[1.751s] Invoked command in '/home/strathvoyager/new_ws/src/computer_vision' returned '0': PYTHONPATH=/home/strathvoyager/new_ws/build/computer_vision/prefix_override:/usr/lib/python3/dist-packages/colcon_core/task/python/colcon_distutils_commands:/home/strathvoyager/new_ws/install/computer_vision/lib/python3.10/site-packages:${PYTHONPATH} /usr/bin/python3 -W ignore:setup.py install is deprecated setup.py egg_info --egg-base ../../build/computer_vision build --build-base /home/strathvoyager/new_ws/build/computer_vision/build install --record /home/strathvoyager/new_ws/build/computer_vision/install.log --single-version-externally-managed install_data
