/home/strathvoyager/new_ws/install/computer_vision/lib/python3.10/site-packages/computer_vision/camera.py
/home/strathvoyager/new_ws/install/computer_vision/lib/python3.10/site-packages/computer_vision/detect.py
/home/strathvoyager/new_ws/install/computer_vision/lib/python3.10/site-packages/computer_vision/__init__.py
/home/strathvoyager/new_ws/install/computer_vision/lib/python3.10/site-packages/computer_vision/old_detect.py
/home/strathvoyager/new_ws/install/computer_vision/lib/python3.10/site-packages/computer_vision/display.py
/home/strathvoyager/new_ws/install/computer_vision/lib/python3.10/site-packages/computer_vision/__pycache__/camera.cpython-310.pyc
/home/strathvoyager/new_ws/install/computer_vision/lib/python3.10/site-packages/computer_vision/__pycache__/detect.cpython-310.pyc
/home/strathvoyager/new_ws/install/computer_vision/lib/python3.10/site-packages/computer_vision/__pycache__/__init__.cpython-310.pyc
/home/strathvoyager/new_ws/install/computer_vision/lib/python3.10/site-packages/computer_vision/__pycache__/old_detect.cpython-310.pyc
/home/strathvoyager/new_ws/install/computer_vision/lib/python3.10/site-packages/computer_vision/__pycache__/display.cpython-310.pyc
/home/strathvoyager/new_ws/install/computer_vision/share/ament_index/resource_index/packages/computer_vision
/home/strathvoyager/new_ws/install/computer_vision/share/computer_vision/package.xml
/home/strathvoyager/new_ws/install/computer_vision/lib/python3.10/site-packages/computer_vision-0.0.0-py3.10.egg-info/SOURCES.txt
/home/strathvoyager/new_ws/install/computer_vision/lib/python3.10/site-packages/computer_vision-0.0.0-py3.10.egg-info/entry_points.txt
/home/strathvoyager/new_ws/install/computer_vision/lib/python3.10/site-packages/computer_vision-0.0.0-py3.10.egg-info/requires.txt
/home/strathvoyager/new_ws/install/computer_vision/lib/python3.10/site-packages/computer_vision-0.0.0-py3.10.egg-info/zip-safe
/home/strathvoyager/new_ws/install/computer_vision/lib/python3.10/site-packages/computer_vision-0.0.0-py3.10.egg-info/PKG-INFO
/home/strathvoyager/new_ws/install/computer_vision/lib/python3.10/site-packages/computer_vision-0.0.0-py3.10.egg-info/dependency_links.txt
/home/strathvoyager/new_ws/install/computer_vision/lib/python3.10/site-packages/computer_vision-0.0.0-py3.10.egg-info/top_level.txt
/home/strathvoyager/new_ws/install/computer_vision/lib/computer_vision/camera
/home/strathvoyager/new_ws/install/computer_vision/lib/computer_vision/detect
/home/strathvoyager/new_ws/install/computer_vision/lib/computer_vision/display
