[0.575s] DEBUG:colcon:Command line arguments: ['/usr/bin/colcon', 'build', '--packages-select', 'computer_vision']
[0.575s] DEBUG:colcon:Parsed command line arguments: Namespace(log_base=None, log_level=None, verb_name='build', build_base='build', install_base='install', merge_install=False, symlink_install=False, test_result_base=None, continue_on_error=False, executor='parallel', parallel_workers=12, event_handlers=None, ignore_user_meta=False, metas=['./colcon.meta'], base_paths=['.'], packages_ignore=None, packages_ignore_regex=None, paths=None, packages_up_to=None, packages_up_to_regex=None, packages_above=None, packages_above_and_dependencies=None, packages_above_depth=None, packages_select_by_dep=None, packages_skip_by_dep=None, packages_skip_up_to=None, packages_select_build_failed=False, packages_skip_build_finished=False, packages_select_test_failures=False, packages_skip_test_passed=False, packages_select=['computer_vision'], packages_skip=None, packages_select_regex=None, packages_skip_regex=None, packages_start=None, packages_end=None, allow_overriding=[], cmake_args=None, cmake_target=None, cmake_target_skip_unavailable=False, cmake_clean_cache=False, cmake_clean_first=False, cmake_force_configure=False, ament_cmake_args=None, catkin_cmake_args=None, catkin_skip_building_tests=False, mixin_files=None, mixin=None, verb_parser=<colcon_mixin.mixin.mixin_argument.MixinArgumentDecorator object at 0xffffab238ac0>, verb_extension=<colcon_core.verb.build.BuildVerb object at 0xffffab2384c0>, main=<bound method BuildVerb.main of <colcon_core.verb.build.BuildVerb object at 0xffffab2384c0>>, mixin_verb=('build',))
[1.072s] Level 1:colcon.colcon_core.package_discovery:discover_packages(colcon_meta) check parameters
[1.073s] Level 1:colcon.colcon_core.package_discovery:discover_packages(recursive) check parameters
[1.073s] Level 1:colcon.colcon_core.package_discovery:discover_packages(ignore) check parameters
[1.073s] Level 1:colcon.colcon_core.package_discovery:discover_packages(path) check parameters
[1.073s] Level 1:colcon.colcon_core.package_discovery:discover_packages(colcon_meta) discover
[1.073s] Level 1:colcon.colcon_core.package_discovery:discover_packages(recursive) discover
[1.073s] INFO:colcon.colcon_core.package_discovery:Crawling recursively for packages in '/home/strathvoyager/new_ws'
[1.073s] Level 1:colcon.colcon_core.package_identification:_identify(.) by extensions ['ignore', 'ignore_ament_install']
[1.073s] Level 1:colcon.colcon_core.package_identification:_identify(.) by extension 'ignore'
[1.073s] Level 1:colcon.colcon_core.package_identification:_identify(.) by extension 'ignore_ament_install'
[1.074s] Level 1:colcon.colcon_core.package_identification:_identify(.) by extensions ['colcon_pkg']
[1.074s] Level 1:colcon.colcon_core.package_identification:_identify(.) by extension 'colcon_pkg'
[1.074s] Level 1:colcon.colcon_core.package_identification:_identify(.) by extensions ['colcon_meta']
[1.074s] Level 1:colcon.colcon_core.package_identification:_identify(.) by extension 'colcon_meta'
[1.074s] Level 1:colcon.colcon_core.package_identification:_identify(.) by extensions ['ros']
[1.074s] Level 1:colcon.colcon_core.package_identification:_identify(.) by extension 'ros'
[1.114s] Level 1:colcon.colcon_core.package_identification:_identify(.) by extensions ['cmake', 'python']
[1.114s] Level 1:colcon.colcon_core.package_identification:_identify(.) by extension 'cmake'
[1.114s] Level 1:colcon.colcon_core.package_identification:_identify(.) by extension 'python'
[1.114s] Level 1:colcon.colcon_core.package_identification:_identify(.) by extensions ['python_setup_py']
[1.114s] Level 1:colcon.colcon_core.package_identification:_identify(.) by extension 'python_setup_py'
[1.114s] Level 1:colcon.colcon_core.package_identification:_identify(build) by extensions ['ignore', 'ignore_ament_install']
[1.114s] Level 1:colcon.colcon_core.package_identification:_identify(build) by extension 'ignore'
[1.115s] Level 1:colcon.colcon_core.package_identification:_identify(build) ignored
[1.115s] Level 1:colcon.colcon_core.package_identification:_identify(install) by extensions ['ignore', 'ignore_ament_install']
[1.115s] Level 1:colcon.colcon_core.package_identification:_identify(install) by extension 'ignore'
[1.115s] Level 1:colcon.colcon_core.package_identification:_identify(install) ignored
[1.115s] Level 1:colcon.colcon_core.package_identification:_identify(log) by extensions ['ignore', 'ignore_ament_install']
[1.115s] Level 1:colcon.colcon_core.package_identification:_identify(log) by extension 'ignore'
[1.115s] Level 1:colcon.colcon_core.package_identification:_identify(log) ignored
[1.115s] Level 1:colcon.colcon_core.package_identification:_identify(src) by extensions ['ignore', 'ignore_ament_install']
[1.116s] Level 1:colcon.colcon_core.package_identification:_identify(src) by extension 'ignore'
[1.116s] Level 1:colcon.colcon_core.package_identification:_identify(src) by extension 'ignore_ament_install'
[1.116s] Level 1:colcon.colcon_core.package_identification:_identify(src) by extensions ['colcon_pkg']
[1.116s] Level 1:colcon.colcon_core.package_identification:_identify(src) by extension 'colcon_pkg'
[1.116s] Level 1:colcon.colcon_core.package_identification:_identify(src) by extensions ['colcon_meta']
[1.116s] Level 1:colcon.colcon_core.package_identification:_identify(src) by extension 'colcon_meta'
[1.116s] Level 1:colcon.colcon_core.package_identification:_identify(src) by extensions ['ros']
[1.116s] Level 1:colcon.colcon_core.package_identification:_identify(src) by extension 'ros'
[1.116s] Level 1:colcon.colcon_core.package_identification:_identify(src) by extensions ['cmake', 'python']
[1.116s] Level 1:colcon.colcon_core.package_identification:_identify(src) by extension 'cmake'
[1.116s] Level 1:colcon.colcon_core.package_identification:_identify(src) by extension 'python'
[1.116s] Level 1:colcon.colcon_core.package_identification:_identify(src) by extensions ['python_setup_py']
[1.116s] Level 1:colcon.colcon_core.package_identification:_identify(src) by extension 'python_setup_py'
[1.117s] Level 1:colcon.colcon_core.package_identification:_identify(src/computer_vision) by extensions ['ignore', 'ignore_ament_install']
[1.117s] Level 1:colcon.colcon_core.package_identification:_identify(src/computer_vision) by extension 'ignore'
[1.117s] Level 1:colcon.colcon_core.package_identification:_identify(src/computer_vision) by extension 'ignore_ament_install'
[1.117s] Level 1:colcon.colcon_core.package_identification:_identify(src/computer_vision) by extensions ['colcon_pkg']
[1.117s] Level 1:colcon.colcon_core.package_identification:_identify(src/computer_vision) by extension 'colcon_pkg'
[1.117s] Level 1:colcon.colcon_core.package_identification:_identify(src/computer_vision) by extensions ['colcon_meta']
[1.117s] Level 1:colcon.colcon_core.package_identification:_identify(src/computer_vision) by extension 'colcon_meta'
[1.118s] Level 1:colcon.colcon_core.package_identification:_identify(src/computer_vision) by extensions ['ros']
[1.118s] Level 1:colcon.colcon_core.package_identification:_identify(src/computer_vision) by extension 'ros'
[1.123s] DEBUG:colcon.colcon_core.package_identification:Package 'src/computer_vision' with type 'ros.ament_python' and name 'computer_vision'
[1.123s] Level 1:colcon.colcon_core.package_identification:_identify(src/extra_interfaces) by extensions ['ignore', 'ignore_ament_install']
[1.123s] Level 1:colcon.colcon_core.package_identification:_identify(src/extra_interfaces) by extension 'ignore'
[1.123s] Level 1:colcon.colcon_core.package_identification:_identify(src/extra_interfaces) by extension 'ignore_ament_install'
[1.124s] Level 1:colcon.colcon_core.package_identification:_identify(src/extra_interfaces) by extensions ['colcon_pkg']
[1.124s] Level 1:colcon.colcon_core.package_identification:_identify(src/extra_interfaces) by extension 'colcon_pkg'
[1.124s] Level 1:colcon.colcon_core.package_identification:_identify(src/extra_interfaces) by extensions ['colcon_meta']
[1.124s] Level 1:colcon.colcon_core.package_identification:_identify(src/extra_interfaces) by extension 'colcon_meta'
[1.124s] Level 1:colcon.colcon_core.package_identification:_identify(src/extra_interfaces) by extensions ['ros']
[1.124s] Level 1:colcon.colcon_core.package_identification:_identify(src/extra_interfaces) by extension 'ros'
[1.125s] DEBUG:colcon.colcon_core.package_identification:Package 'src/extra_interfaces' with type 'ros.ament_cmake' and name 'extra_interfaces'
[1.125s] Level 1:colcon.colcon_core.package_discovery:discover_packages(recursive) using defaults
[1.125s] Level 1:colcon.colcon_core.package_discovery:discover_packages(ignore) discover
[1.125s] Level 1:colcon.colcon_core.package_discovery:discover_packages(ignore) using defaults
[1.125s] Level 1:colcon.colcon_core.package_discovery:discover_packages(path) discover
[1.125s] Level 1:colcon.colcon_core.package_discovery:discover_packages(path) using defaults
[1.173s] INFO:colcon.colcon_core.package_selection:Skipping not selected package 'extra_interfaces' in 'src/extra_interfaces'
[1.174s] Level 1:colcon.colcon_core.package_discovery:discover_packages(prefix_path) check parameters
[1.174s] Level 1:colcon.colcon_core.package_discovery:discover_packages(prefix_path) discover
[1.179s] DEBUG:colcon.colcon_installed_package_information.package_discovery:Found 2 installed packages in /home/strathvoyager/new_ws/install
[1.181s] DEBUG:colcon.colcon_installed_package_information.package_discovery:Found 381 installed packages in /opt/ros/humble
[1.185s] Level 1:colcon.colcon_core.package_discovery:discover_packages(prefix_path) using defaults
[1.254s] Level 5:colcon.colcon_core.verb:set package 'computer_vision' build argument 'cmake_args' from command line to 'None'
[1.255s] Level 5:colcon.colcon_core.verb:set package 'computer_vision' build argument 'cmake_target' from command line to 'None'
[1.255s] Level 5:colcon.colcon_core.verb:set package 'computer_vision' build argument 'cmake_target_skip_unavailable' from command line to 'False'
[1.255s] Level 5:colcon.colcon_core.verb:set package 'computer_vision' build argument 'cmake_clean_cache' from command line to 'False'
[1.255s] Level 5:colcon.colcon_core.verb:set package 'computer_vision' build argument 'cmake_clean_first' from command line to 'False'
[1.255s] Level 5:colcon.colcon_core.verb:set package 'computer_vision' build argument 'cmake_force_configure' from command line to 'False'
[1.255s] Level 5:colcon.colcon_core.verb:set package 'computer_vision' build argument 'ament_cmake_args' from command line to 'None'
[1.255s] Level 5:colcon.colcon_core.verb:set package 'computer_vision' build argument 'catkin_cmake_args' from command line to 'None'
[1.255s] Level 5:colcon.colcon_core.verb:set package 'computer_vision' build argument 'catkin_skip_building_tests' from command line to 'False'
[1.255s] DEBUG:colcon.colcon_core.verb:Building package 'computer_vision' with the following arguments: {'ament_cmake_args': None, 'build_base': '/home/strathvoyager/new_ws/build/computer_vision', 'catkin_cmake_args': None, 'catkin_skip_building_tests': False, 'cmake_args': None, 'cmake_clean_cache': False, 'cmake_clean_first': False, 'cmake_force_configure': False, 'cmake_target': None, 'cmake_target_skip_unavailable': False, 'install_base': '/home/strathvoyager/new_ws/install/computer_vision', 'merge_install': False, 'path': '/home/strathvoyager/new_ws/src/computer_vision', 'symlink_install': False, 'test_result_base': None}
[1.255s] INFO:colcon.colcon_core.executor:Executing jobs using 'parallel' executor
[1.257s] DEBUG:colcon.colcon_parallel_executor.executor.parallel:run_until_complete
[1.257s] INFO:colcon.colcon_ros.task.ament_python.build:Building ROS package in '/home/strathvoyager/new_ws/src/computer_vision' with build type 'ament_python'
[1.258s] Level 1:colcon.colcon_core.shell:create_environment_hook('computer_vision', 'ament_prefix_path')
[1.266s] INFO:colcon.colcon_core.plugin_system:Skipping extension 'colcon_core.shell.bat': Not used on non-Windows systems
[1.266s] INFO:colcon.colcon_core.shell:Creating environment hook '/home/strathvoyager/new_ws/install/computer_vision/share/computer_vision/hook/ament_prefix_path.ps1'
[1.268s] INFO:colcon.colcon_core.shell:Creating environment descriptor '/home/strathvoyager/new_ws/install/computer_vision/share/computer_vision/hook/ament_prefix_path.dsv'
[1.269s] INFO:colcon.colcon_core.shell:Creating environment hook '/home/strathvoyager/new_ws/install/computer_vision/share/computer_vision/hook/ament_prefix_path.sh'
[1.270s] INFO:colcon.colcon_core.shell:Skip shell extension 'powershell' for command environment: Not usable outside of PowerShell
[1.270s] DEBUG:colcon.colcon_core.shell:Skip shell extension 'dsv' for command environment
[1.720s] INFO:colcon.colcon_core.task.python.build:Building Python package in '/home/strathvoyager/new_ws/src/computer_vision'
[1.721s] INFO:colcon.colcon_core.shell:Skip shell extension 'powershell' for command environment: Not usable outside of PowerShell
[1.721s] DEBUG:colcon.colcon_core.shell:Skip shell extension 'dsv' for command environment
[2.508s] DEBUG:colcon.colcon_core.event_handler.log_command:Invoking command in '/home/strathvoyager/new_ws/src/computer_vision': PYTHONPATH=/home/strathvoyager/new_ws/build/computer_vision/prefix_override:/usr/lib/python3/dist-packages/colcon_core/task/python/colcon_distutils_commands:/home/strathvoyager/new_ws/install/computer_vision/lib/python3.10/site-packages:${PYTHONPATH} /usr/bin/python3 -W ignore:setup.py install is deprecated setup.py egg_info --egg-base ../../build/computer_vision build --build-base /home/strathvoyager/new_ws/build/computer_vision/build install --record /home/strathvoyager/new_ws/build/computer_vision/install.log --single-version-externally-managed install_data
[2.995s] DEBUG:colcon.colcon_core.event_handler.log_command:Invoked command in '/home/strathvoyager/new_ws/src/computer_vision' returned '0': PYTHONPATH=/home/strathvoyager/new_ws/build/computer_vision/prefix_override:/usr/lib/python3/dist-packages/colcon_core/task/python/colcon_distutils_commands:/home/strathvoyager/new_ws/install/computer_vision/lib/python3.10/site-packages:${PYTHONPATH} /usr/bin/python3 -W ignore:setup.py install is deprecated setup.py egg_info --egg-base ../../build/computer_vision build --build-base /home/strathvoyager/new_ws/build/computer_vision/build install --record /home/strathvoyager/new_ws/build/computer_vision/install.log --single-version-externally-managed install_data
[3.007s] Level 1:colcon.colcon_core.environment:checking '/home/strathvoyager/new_ws/install/computer_vision' for CMake module files
[3.007s] Level 1:colcon.colcon_core.environment:checking '/home/strathvoyager/new_ws/install/computer_vision' for CMake config files
[3.009s] Level 1:colcon.colcon_core.environment:checking '/home/strathvoyager/new_ws/install/computer_vision/lib'
[3.009s] Level 1:colcon.colcon_core.environment:checking '/home/strathvoyager/new_ws/install/computer_vision/bin'
[3.009s] Level 1:colcon.colcon_core.environment:checking '/home/strathvoyager/new_ws/install/computer_vision/lib/pkgconfig/computer_vision.pc'
[3.010s] Level 1:colcon.colcon_core.environment:checking '/home/strathvoyager/new_ws/install/computer_vision/lib/python3.10/site-packages'
[3.010s] Level 1:colcon.colcon_core.shell:create_environment_hook('computer_vision', 'pythonpath')
[3.010s] INFO:colcon.colcon_core.shell:Creating environment hook '/home/strathvoyager/new_ws/install/computer_vision/share/computer_vision/hook/pythonpath.ps1'
[3.011s] INFO:colcon.colcon_core.shell:Creating environment descriptor '/home/strathvoyager/new_ws/install/computer_vision/share/computer_vision/hook/pythonpath.dsv'
[3.013s] INFO:colcon.colcon_core.shell:Creating environment hook '/home/strathvoyager/new_ws/install/computer_vision/share/computer_vision/hook/pythonpath.sh'
[3.015s] Level 1:colcon.colcon_core.environment:checking '/home/strathvoyager/new_ws/install/computer_vision/bin'
[3.015s] Level 1:colcon.colcon_core.environment:create_environment_scripts_only(computer_vision)
[3.016s] INFO:colcon.colcon_core.shell:Creating package script '/home/strathvoyager/new_ws/install/computer_vision/share/computer_vision/package.ps1'
[3.019s] INFO:colcon.colcon_core.shell:Creating package descriptor '/home/strathvoyager/new_ws/install/computer_vision/share/computer_vision/package.dsv'
[3.022s] INFO:colcon.colcon_core.shell:Creating package script '/home/strathvoyager/new_ws/install/computer_vision/share/computer_vision/package.sh'
[3.025s] INFO:colcon.colcon_core.shell:Creating package script '/home/strathvoyager/new_ws/install/computer_vision/share/computer_vision/package.bash'
[3.029s] INFO:colcon.colcon_core.shell:Creating package script '/home/strathvoyager/new_ws/install/computer_vision/share/computer_vision/package.zsh'
[3.032s] Level 1:colcon.colcon_core.environment:create_file_with_runtime_dependencies(/home/strathvoyager/new_ws/install/computer_vision/share/colcon-core/packages/computer_vision)
[3.033s] DEBUG:colcon.colcon_parallel_executor.executor.parallel:closing loop
[3.034s] DEBUG:colcon.colcon_parallel_executor.executor.parallel:loop closed
[3.034s] DEBUG:colcon.colcon_parallel_executor.executor.parallel:run_until_complete finished with '0'
[3.034s] DEBUG:colcon.colcon_core.event_reactor:joining thread
[3.055s] INFO:colcon.colcon_core.plugin_system:Skipping extension 'colcon_notification.desktop_notification.terminal_notifier': Not used on non-Darwin systems
[3.055s] INFO:colcon.colcon_core.plugin_system:Skipping extension 'colcon_notification.desktop_notification.win32': Not used on non-Windows systems
[3.055s] INFO:colcon.colcon_notification.desktop_notification:Sending desktop notification using 'notify2'
[3.111s] DEBUG:colcon.colcon_core.event_reactor:joined thread
[3.112s] INFO:colcon.colcon_core.shell:Creating prefix script '/home/strathvoyager/new_ws/install/local_setup.ps1'
[3.116s] INFO:colcon.colcon_core.shell:Creating prefix util module '/home/strathvoyager/new_ws/install/_local_setup_util_ps1.py'
[3.122s] INFO:colcon.colcon_core.shell:Creating prefix chain script '/home/strathvoyager/new_ws/install/setup.ps1'
[3.126s] INFO:colcon.colcon_core.shell:Creating prefix script '/home/strathvoyager/new_ws/install/local_setup.sh'
[3.128s] INFO:colcon.colcon_core.shell:Creating prefix util module '/home/strathvoyager/new_ws/install/_local_setup_util_sh.py'
[3.131s] INFO:colcon.colcon_core.shell:Creating prefix chain script '/home/strathvoyager/new_ws/install/setup.sh'
[3.136s] INFO:colcon.colcon_core.shell:Creating prefix script '/home/strathvoyager/new_ws/install/local_setup.bash'
[3.138s] INFO:colcon.colcon_core.shell:Creating prefix chain script '/home/strathvoyager/new_ws/install/setup.bash'
[3.142s] INFO:colcon.colcon_core.shell:Creating prefix script '/home/strathvoyager/new_ws/install/local_setup.zsh'
[3.144s] INFO:colcon.colcon_core.shell:Creating prefix chain script '/home/strathvoyager/new_ws/install/setup.zsh'
