[0.395s] Invoking command in '/home/strathvoyager/new_ws/build/extra_interfaces': CMAKE_PREFIX_PATH=${CMAKE_PREFIX_PATH}:/home/strathvoyager/new_ws/install/computer_vision:/opt/ros/humble /usr/bin/cmake --build /home/strathvoyager/new_ws/build/extra_interfaces -- -j12 -l12
[0.457s] [35m[1mConsolidate compiler generated dependencies of target extra_interfaces__rosidl_generator_c[0m
[0.471s] [  2%] Built target extra_interfaces__cpp
[0.472s] [ 12%] Built target extra_interfaces__rosidl_generator_c
[0.485s] [ 12%] Built target ament_cmake_python_copy_extra_interfaces
[0.486s] [35m[1mConsolidate compiler generated dependencies of target extra_interfaces__rosidl_typesupport_c[0m
[0.486s] [35m[1mConsolidate compiler generated dependencies of target extra_interfaces__rosidl_typesupport_introspection_c[0m
[0.486s] [35m[1mConsolidate compiler generated dependencies of target extra_interfaces__rosidl_typesupport_cpp[0m
[0.486s] [35m[1mConsolidate compiler generated dependencies of target extra_interfaces__rosidl_typesupport_fastrtps_c[0m
[0.486s] [35m[1mConsolidate compiler generated dependencies of target extra_interfaces__rosidl_typesupport_introspection_cpp[0m
[0.486s] [35m[1mConsolidate compiler generated dependencies of target extra_interfaces__rosidl_typesupport_fastrtps_cpp[0m
[0.501s] [ 28%] Built target extra_interfaces__rosidl_typesupport_c
[0.502s] [ 33%] Built target extra_interfaces__rosidl_typesupport_introspection_c
[0.505s] [ 61%] Built target extra_interfaces__rosidl_typesupport_fastrtps_c
[0.505s] [ 64%] Built target extra_interfaces__rosidl_typesupport_fastrtps_cpp
[0.506s] [ 64%] Built target extra_interfaces__rosidl_typesupport_cpp
[0.508s] [ 74%] Built target extra_interfaces__rosidl_typesupport_introspection_cpp
[0.538s] [ 74%] Built target extra_interfaces
[0.566s] [ 76%] Built target extra_interfaces__py
[0.580s] [35m[1mConsolidate compiler generated dependencies of target extra_interfaces__rosidl_generator_py[0m
[0.602s] [ 84%] Built target extra_interfaces__rosidl_generator_py
[0.618s] [35m[1mConsolidate compiler generated dependencies of target extra_interfaces__rosidl_typesupport_fastrtps_c__pyext[0m
[0.618s] [35m[1mConsolidate compiler generated dependencies of target extra_interfaces__rosidl_typesupport_introspection_c__pyext[0m
[0.621s] [35m[1mConsolidate compiler generated dependencies of target extra_interfaces__rosidl_typesupport_c__pyext[0m
[0.636s] [ 94%] Built target extra_interfaces__rosidl_typesupport_fastrtps_c__pyext
[0.636s] [ 94%] Built target extra_interfaces__rosidl_typesupport_introspection_c__pyext
[0.639s] [100%] Built target extra_interfaces__rosidl_typesupport_c__pyext
[0.840s] running egg_info
[0.840s] writing extra_interfaces.egg-info/PKG-INFO
[0.841s] writing dependency_links to extra_interfaces.egg-info/dependency_links.txt
[0.841s] writing top-level names to extra_interfaces.egg-info/top_level.txt
[0.845s] reading manifest file 'extra_interfaces.egg-info/SOURCES.txt'
[0.846s] writing manifest file 'extra_interfaces.egg-info/SOURCES.txt'
[0.896s] [100%] Built target ament_cmake_python_build_extra_interfaces_egg
[0.918s] Invoked command in '/home/strathvoyager/new_ws/build/extra_interfaces' returned '0': CMAKE_PREFIX_PATH=${CMAKE_PREFIX_PATH}:/home/strathvoyager/new_ws/install/computer_vision:/opt/ros/humble /usr/bin/cmake --build /home/strathvoyager/new_ws/build/extra_interfaces -- -j12 -l12
[1.042s] Invoking command in '/home/strathvoyager/new_ws/build/extra_interfaces': CMAKE_PREFIX_PATH=${CMAKE_PREFIX_PATH}:/home/strathvoyager/new_ws/install/computer_vision:/opt/ros/humble /usr/bin/cmake --install /home/strathvoyager/new_ws/build/extra_interfaces
[1.056s] -- Install configuration: ""
[1.057s] -- Up-to-date: /home/strathvoyager/new_ws/install/extra_interfaces/share/ament_index/resource_index/rosidl_interfaces/extra_interfaces
[1.057s] -- Up-to-date: /home/strathvoyager/new_ws/install/extra_interfaces/include/extra_interfaces/extra_interfaces
[1.057s] -- Up-to-date: /home/strathvoyager/new_ws/install/extra_interfaces/include/extra_interfaces/extra_interfaces/msg
[1.058s] -- Up-to-date: /home/strathvoyager/new_ws/install/extra_interfaces/include/extra_interfaces/extra_interfaces/msg/detail
[1.058s] -- Up-to-date: /home/strathvoyager/new_ws/install/extra_interfaces/include/extra_interfaces/extra_interfaces/msg/detail/photo__functions.c
[1.058s] -- Up-to-date: /home/strathvoyager/new_ws/install/extra_interfaces/include/extra_interfaces/extra_interfaces/msg/detail/ready__type_support.h
[1.058s] -- Up-to-date: /home/strathvoyager/new_ws/install/extra_interfaces/include/extra_interfaces/extra_interfaces/msg/detail/photo__type_support.h
[1.058s] -- Up-to-date: /home/strathvoyager/new_ws/install/extra_interfaces/include/extra_interfaces/extra_interfaces/msg/detail/photo__functions.h
[1.058s] -- Up-to-date: /home/strathvoyager/new_ws/install/extra_interfaces/include/extra_interfaces/extra_interfaces/msg/detail/ready__functions.h
[1.059s] -- Up-to-date: /home/strathvoyager/new_ws/install/extra_interfaces/include/extra_interfaces/extra_interfaces/msg/detail/ready__functions.c
[1.059s] -- Up-to-date: /home/strathvoyager/new_ws/install/extra_interfaces/include/extra_interfaces/extra_interfaces/msg/detail/photo__struct.h
[1.059s] -- Up-to-date: /home/strathvoyager/new_ws/install/extra_interfaces/include/extra_interfaces/extra_interfaces/msg/detail/ready__struct.h
[1.059s] -- Up-to-date: /home/strathvoyager/new_ws/install/extra_interfaces/include/extra_interfaces/extra_interfaces/msg/photo.h
[1.059s] -- Up-to-date: /home/strathvoyager/new_ws/install/extra_interfaces/include/extra_interfaces/extra_interfaces/msg/rosidl_generator_c__visibility_control.h
[1.059s] -- Up-to-date: /home/strathvoyager/new_ws/install/extra_interfaces/include/extra_interfaces/extra_interfaces/msg/ready.h
[1.060s] -- Up-to-date: /home/strathvoyager/new_ws/install/extra_interfaces/share/extra_interfaces/environment/library_path.sh
[1.060s] -- Up-to-date: /home/strathvoyager/new_ws/install/extra_interfaces/share/extra_interfaces/environment/library_path.dsv
[1.060s] -- Up-to-date: /home/strathvoyager/new_ws/install/extra_interfaces/lib/libextra_interfaces__rosidl_generator_c.so
[1.060s] -- Up-to-date: /home/strathvoyager/new_ws/install/extra_interfaces/include/extra_interfaces/extra_interfaces
[1.060s] -- Up-to-date: /home/strathvoyager/new_ws/install/extra_interfaces/include/extra_interfaces/extra_interfaces/msg
[1.060s] -- Up-to-date: /home/strathvoyager/new_ws/install/extra_interfaces/include/extra_interfaces/extra_interfaces/msg/detail
[1.061s] -- Up-to-date: /home/strathvoyager/new_ws/install/extra_interfaces/include/extra_interfaces/extra_interfaces/msg/detail/photo__rosidl_typesupport_fastrtps_c.h
[1.061s] -- Up-to-date: /home/strathvoyager/new_ws/install/extra_interfaces/include/extra_interfaces/extra_interfaces/msg/detail/ready__rosidl_typesupport_fastrtps_c.h
[1.061s] -- Up-to-date: /home/strathvoyager/new_ws/install/extra_interfaces/include/extra_interfaces/extra_interfaces/msg/rosidl_typesupport_fastrtps_c__visibility_control.h
[1.061s] -- Up-to-date: /home/strathvoyager/new_ws/install/extra_interfaces/lib/libextra_interfaces__rosidl_typesupport_fastrtps_c.so
[1.061s] -- Up-to-date: /home/strathvoyager/new_ws/install/extra_interfaces/include/extra_interfaces/extra_interfaces
[1.061s] -- Up-to-date: /home/strathvoyager/new_ws/install/extra_interfaces/include/extra_interfaces/extra_interfaces/msg
[1.061s] -- Up-to-date: /home/strathvoyager/new_ws/install/extra_interfaces/include/extra_interfaces/extra_interfaces/msg/detail
[1.062s] -- Up-to-date: /home/strathvoyager/new_ws/install/extra_interfaces/include/extra_interfaces/extra_interfaces/msg/detail/photo__type_support.c
[1.062s] -- Up-to-date: /home/strathvoyager/new_ws/install/extra_interfaces/include/extra_interfaces/extra_interfaces/msg/detail/photo__rosidl_typesupport_introspection_c.h
[1.062s] -- Up-to-date: /home/strathvoyager/new_ws/install/extra_interfaces/include/extra_interfaces/extra_interfaces/msg/detail/ready__type_support.c
[1.062s] -- Up-to-date: /home/strathvoyager/new_ws/install/extra_interfaces/include/extra_interfaces/extra_interfaces/msg/detail/ready__rosidl_typesupport_introspection_c.h
[1.062s] -- Up-to-date: /home/strathvoyager/new_ws/install/extra_interfaces/include/extra_interfaces/extra_interfaces/msg/rosidl_typesupport_introspection_c__visibility_control.h
[1.062s] -- Up-to-date: /home/strathvoyager/new_ws/install/extra_interfaces/lib/libextra_interfaces__rosidl_typesupport_introspection_c.so
[1.062s] -- Up-to-date: /home/strathvoyager/new_ws/install/extra_interfaces/lib/libextra_interfaces__rosidl_typesupport_c.so
[1.063s] -- Up-to-date: /home/strathvoyager/new_ws/install/extra_interfaces/include/extra_interfaces/extra_interfaces
[1.063s] -- Up-to-date: /home/strathvoyager/new_ws/install/extra_interfaces/include/extra_interfaces/extra_interfaces/msg
[1.063s] -- Up-to-date: /home/strathvoyager/new_ws/install/extra_interfaces/include/extra_interfaces/extra_interfaces/msg/photo.hpp
[1.063s] -- Up-to-date: /home/strathvoyager/new_ws/install/extra_interfaces/include/extra_interfaces/extra_interfaces/msg/rosidl_generator_cpp__visibility_control.hpp
[1.063s] -- Up-to-date: /home/strathvoyager/new_ws/install/extra_interfaces/include/extra_interfaces/extra_interfaces/msg/detail
[1.063s] -- Up-to-date: /home/strathvoyager/new_ws/install/extra_interfaces/include/extra_interfaces/extra_interfaces/msg/detail/photo__traits.hpp
[1.064s] -- Up-to-date: /home/strathvoyager/new_ws/install/extra_interfaces/include/extra_interfaces/extra_interfaces/msg/detail/photo__builder.hpp
[1.064s] -- Up-to-date: /home/strathvoyager/new_ws/install/extra_interfaces/include/extra_interfaces/extra_interfaces/msg/detail/ready__type_support.hpp
[1.064s] -- Up-to-date: /home/strathvoyager/new_ws/install/extra_interfaces/include/extra_interfaces/extra_interfaces/msg/detail/photo__type_support.hpp
[1.064s] -- Up-to-date: /home/strathvoyager/new_ws/install/extra_interfaces/include/extra_interfaces/extra_interfaces/msg/detail/ready__builder.hpp
[1.064s] -- Up-to-date: /home/strathvoyager/new_ws/install/extra_interfaces/include/extra_interfaces/extra_interfaces/msg/detail/ready__traits.hpp
[1.064s] -- Up-to-date: /home/strathvoyager/new_ws/install/extra_interfaces/include/extra_interfaces/extra_interfaces/msg/detail/ready__struct.hpp
[1.064s] -- Up-to-date: /home/strathvoyager/new_ws/install/extra_interfaces/include/extra_interfaces/extra_interfaces/msg/detail/photo__struct.hpp
[1.064s] -- Up-to-date: /home/strathvoyager/new_ws/install/extra_interfaces/include/extra_interfaces/extra_interfaces/msg/ready.hpp
[1.064s] -- Up-to-date: /home/strathvoyager/new_ws/install/extra_interfaces/include/extra_interfaces/extra_interfaces
[1.065s] -- Up-to-date: /home/strathvoyager/new_ws/install/extra_interfaces/include/extra_interfaces/extra_interfaces/msg
[1.065s] -- Up-to-date: /home/strathvoyager/new_ws/install/extra_interfaces/include/extra_interfaces/extra_interfaces/msg/detail
[1.065s] -- Up-to-date: /home/strathvoyager/new_ws/install/extra_interfaces/include/extra_interfaces/extra_interfaces/msg/detail/dds_fastrtps
[1.065s] -- Up-to-date: /home/strathvoyager/new_ws/install/extra_interfaces/include/extra_interfaces/extra_interfaces/msg/detail/ready__rosidl_typesupport_fastrtps_cpp.hpp
[1.065s] -- Up-to-date: /home/strathvoyager/new_ws/install/extra_interfaces/include/extra_interfaces/extra_interfaces/msg/detail/photo__rosidl_typesupport_fastrtps_cpp.hpp
[1.065s] -- Up-to-date: /home/strathvoyager/new_ws/install/extra_interfaces/include/extra_interfaces/extra_interfaces/msg/rosidl_typesupport_fastrtps_cpp__visibility_control.h
[1.065s] -- Up-to-date: /home/strathvoyager/new_ws/install/extra_interfaces/lib/libextra_interfaces__rosidl_typesupport_fastrtps_cpp.so
[1.065s] -- Up-to-date: /home/strathvoyager/new_ws/install/extra_interfaces/include/extra_interfaces/extra_interfaces
[1.066s] -- Up-to-date: /home/strathvoyager/new_ws/install/extra_interfaces/include/extra_interfaces/extra_interfaces/msg
[1.066s] -- Up-to-date: /home/strathvoyager/new_ws/install/extra_interfaces/include/extra_interfaces/extra_interfaces/msg/detail
[1.066s] -- Up-to-date: /home/strathvoyager/new_ws/install/extra_interfaces/include/extra_interfaces/extra_interfaces/msg/detail/photo__type_support.cpp
[1.066s] -- Up-to-date: /home/strathvoyager/new_ws/install/extra_interfaces/include/extra_interfaces/extra_interfaces/msg/detail/ready__type_support.cpp
[1.066s] -- Up-to-date: /home/strathvoyager/new_ws/install/extra_interfaces/include/extra_interfaces/extra_interfaces/msg/detail/ready__rosidl_typesupport_introspection_cpp.hpp
[1.066s] -- Up-to-date: /home/strathvoyager/new_ws/install/extra_interfaces/include/extra_interfaces/extra_interfaces/msg/detail/photo__rosidl_typesupport_introspection_cpp.hpp
[1.066s] -- Up-to-date: /home/strathvoyager/new_ws/install/extra_interfaces/lib/libextra_interfaces__rosidl_typesupport_introspection_cpp.so
[1.066s] -- Up-to-date: /home/strathvoyager/new_ws/install/extra_interfaces/lib/libextra_interfaces__rosidl_typesupport_cpp.so
[1.066s] -- Up-to-date: /home/strathvoyager/new_ws/install/extra_interfaces/share/extra_interfaces/environment/pythonpath.sh
[1.067s] -- Up-to-date: /home/strathvoyager/new_ws/install/extra_interfaces/share/extra_interfaces/environment/pythonpath.dsv
[1.067s] -- Up-to-date: /home/strathvoyager/new_ws/install/extra_interfaces/local/lib/python3.10/dist-packages/extra_interfaces-0.0.0-py3.10.egg-info
[1.067s] -- Installing: /home/strathvoyager/new_ws/install/extra_interfaces/local/lib/python3.10/dist-packages/extra_interfaces-0.0.0-py3.10.egg-info/SOURCES.txt
[1.067s] -- Installing: /home/strathvoyager/new_ws/install/extra_interfaces/local/lib/python3.10/dist-packages/extra_interfaces-0.0.0-py3.10.egg-info/PKG-INFO
[1.067s] -- Installing: /home/strathvoyager/new_ws/install/extra_interfaces/local/lib/python3.10/dist-packages/extra_interfaces-0.0.0-py3.10.egg-info/dependency_links.txt
[1.067s] -- Installing: /home/strathvoyager/new_ws/install/extra_interfaces/local/lib/python3.10/dist-packages/extra_interfaces-0.0.0-py3.10.egg-info/top_level.txt
[1.067s] -- Up-to-date: /home/strathvoyager/new_ws/install/extra_interfaces/local/lib/python3.10/dist-packages/extra_interfaces
[1.067s] -- Up-to-date: /home/strathvoyager/new_ws/install/extra_interfaces/local/lib/python3.10/dist-packages/extra_interfaces/libextra_interfaces__rosidl_generator_py.so
[1.068s] -- Up-to-date: /home/strathvoyager/new_ws/install/extra_interfaces/local/lib/python3.10/dist-packages/extra_interfaces/extra_interfaces_s__rosidl_typesupport_fastrtps_c.cpython-310-aarch64-linux-gnu.so
[1.068s] -- Up-to-date: /home/strathvoyager/new_ws/install/extra_interfaces/local/lib/python3.10/dist-packages/extra_interfaces/_extra_interfaces_s.ep.rosidl_typesupport_introspection_c.c
[1.068s] -- Up-to-date: /home/strathvoyager/new_ws/install/extra_interfaces/local/lib/python3.10/dist-packages/extra_interfaces/msg
[1.068s] -- Up-to-date: /home/strathvoyager/new_ws/install/extra_interfaces/local/lib/python3.10/dist-packages/extra_interfaces/msg/__init__.py
[1.068s] -- Up-to-date: /home/strathvoyager/new_ws/install/extra_interfaces/local/lib/python3.10/dist-packages/extra_interfaces/msg/_ready.py
[1.068s] -- Up-to-date: /home/strathvoyager/new_ws/install/extra_interfaces/local/lib/python3.10/dist-packages/extra_interfaces/msg/_photo.py
[1.068s] -- Up-to-date: /home/strathvoyager/new_ws/install/extra_interfaces/local/lib/python3.10/dist-packages/extra_interfaces/msg/_photo_s.c
[1.068s] -- Up-to-date: /home/strathvoyager/new_ws/install/extra_interfaces/local/lib/python3.10/dist-packages/extra_interfaces/msg/_ready_s.c
[1.069s] -- Up-to-date: /home/strathvoyager/new_ws/install/extra_interfaces/local/lib/python3.10/dist-packages/extra_interfaces/extra_interfaces_s__rosidl_typesupport_c.cpython-310-aarch64-linux-gnu.so
[1.069s] -- Up-to-date: /home/strathvoyager/new_ws/install/extra_interfaces/local/lib/python3.10/dist-packages/extra_interfaces/__init__.py
[1.069s] -- Up-to-date: /home/strathvoyager/new_ws/install/extra_interfaces/local/lib/python3.10/dist-packages/extra_interfaces/_extra_interfaces_s.ep.rosidl_typesupport_fastrtps_c.c
[1.069s] -- Up-to-date: /home/strathvoyager/new_ws/install/extra_interfaces/local/lib/python3.10/dist-packages/extra_interfaces/extra_interfaces_s__rosidl_typesupport_introspection_c.cpython-310-aarch64-linux-gnu.so
[1.069s] -- Up-to-date: /home/strathvoyager/new_ws/install/extra_interfaces/local/lib/python3.10/dist-packages/extra_interfaces/_extra_interfaces_s.ep.rosidl_typesupport_c.c
[1.113s] Listing '/home/strathvoyager/new_ws/install/extra_interfaces/local/lib/python3.10/dist-packages/extra_interfaces'...
[1.113s] Listing '/home/strathvoyager/new_ws/install/extra_interfaces/local/lib/python3.10/dist-packages/extra_interfaces/msg'...
[1.120s] -- Up-to-date: /home/strathvoyager/new_ws/install/extra_interfaces/local/lib/python3.10/dist-packages/extra_interfaces/extra_interfaces_s__rosidl_typesupport_fastrtps_c.cpython-310-aarch64-linux-gnu.so
[1.120s] -- Up-to-date: /home/strathvoyager/new_ws/install/extra_interfaces/local/lib/python3.10/dist-packages/extra_interfaces/extra_interfaces_s__rosidl_typesupport_introspection_c.cpython-310-aarch64-linux-gnu.so
[1.121s] -- Up-to-date: /home/strathvoyager/new_ws/install/extra_interfaces/local/lib/python3.10/dist-packages/extra_interfaces/extra_interfaces_s__rosidl_typesupport_c.cpython-310-aarch64-linux-gnu.so
[1.121s] -- Up-to-date: /home/strathvoyager/new_ws/install/extra_interfaces/lib/libextra_interfaces__rosidl_generator_py.so
[1.121s] -- Up-to-date: /home/strathvoyager/new_ws/install/extra_interfaces/share/extra_interfaces/msg/Photo.idl
[1.121s] -- Up-to-date: /home/strathvoyager/new_ws/install/extra_interfaces/share/extra_interfaces/msg/Ready.idl
[1.121s] -- Up-to-date: /home/strathvoyager/new_ws/install/extra_interfaces/share/extra_interfaces/msg/Photo.msg
[1.122s] -- Up-to-date: /home/strathvoyager/new_ws/install/extra_interfaces/share/extra_interfaces/msg/Ready.msg
[1.122s] -- Up-to-date: /home/strathvoyager/new_ws/install/extra_interfaces/share/ament_index/resource_index/package_run_dependencies/extra_interfaces
[1.122s] -- Up-to-date: /home/strathvoyager/new_ws/install/extra_interfaces/share/ament_index/resource_index/parent_prefix_path/extra_interfaces
[1.122s] -- Up-to-date: /home/strathvoyager/new_ws/install/extra_interfaces/share/extra_interfaces/environment/ament_prefix_path.sh
[1.122s] -- Up-to-date: /home/strathvoyager/new_ws/install/extra_interfaces/share/extra_interfaces/environment/ament_prefix_path.dsv
[1.122s] -- Up-to-date: /home/strathvoyager/new_ws/install/extra_interfaces/share/extra_interfaces/environment/path.sh
[1.122s] -- Up-to-date: /home/strathvoyager/new_ws/install/extra_interfaces/share/extra_interfaces/environment/path.dsv
[1.123s] -- Up-to-date: /home/strathvoyager/new_ws/install/extra_interfaces/share/extra_interfaces/local_setup.bash
[1.123s] -- Up-to-date: /home/strathvoyager/new_ws/install/extra_interfaces/share/extra_interfaces/local_setup.sh
[1.123s] -- Up-to-date: /home/strathvoyager/new_ws/install/extra_interfaces/share/extra_interfaces/local_setup.zsh
[1.123s] -- Up-to-date: /home/strathvoyager/new_ws/install/extra_interfaces/share/extra_interfaces/local_setup.dsv
[1.123s] -- Installing: /home/strathvoyager/new_ws/install/extra_interfaces/share/extra_interfaces/package.dsv
[1.123s] -- Up-to-date: /home/strathvoyager/new_ws/install/extra_interfaces/share/ament_index/resource_index/packages/extra_interfaces
[1.123s] -- Up-to-date: /home/strathvoyager/new_ws/install/extra_interfaces/share/extra_interfaces/cmake/export_extra_interfaces__rosidl_generator_cExport.cmake
[1.124s] -- Up-to-date: /home/strathvoyager/new_ws/install/extra_interfaces/share/extra_interfaces/cmake/export_extra_interfaces__rosidl_generator_cExport-noconfig.cmake
[1.124s] -- Up-to-date: /home/strathvoyager/new_ws/install/extra_interfaces/share/extra_interfaces/cmake/export_extra_interfaces__rosidl_typesupport_fastrtps_cExport.cmake
[1.124s] -- Up-to-date: /home/strathvoyager/new_ws/install/extra_interfaces/share/extra_interfaces/cmake/export_extra_interfaces__rosidl_typesupport_fastrtps_cExport-noconfig.cmake
[1.124s] -- Up-to-date: /home/strathvoyager/new_ws/install/extra_interfaces/share/extra_interfaces/cmake/extra_interfaces__rosidl_typesupport_introspection_cExport.cmake
[1.124s] -- Up-to-date: /home/strathvoyager/new_ws/install/extra_interfaces/share/extra_interfaces/cmake/extra_interfaces__rosidl_typesupport_introspection_cExport-noconfig.cmake
[1.124s] -- Up-to-date: /home/strathvoyager/new_ws/install/extra_interfaces/share/extra_interfaces/cmake/extra_interfaces__rosidl_typesupport_cExport.cmake
[1.124s] -- Up-to-date: /home/strathvoyager/new_ws/install/extra_interfaces/share/extra_interfaces/cmake/extra_interfaces__rosidl_typesupport_cExport-noconfig.cmake
[1.124s] -- Up-to-date: /home/strathvoyager/new_ws/install/extra_interfaces/share/extra_interfaces/cmake/export_extra_interfaces__rosidl_generator_cppExport.cmake
[1.125s] -- Up-to-date: /home/strathvoyager/new_ws/install/extra_interfaces/share/extra_interfaces/cmake/export_extra_interfaces__rosidl_typesupport_fastrtps_cppExport.cmake
[1.125s] -- Up-to-date: /home/strathvoyager/new_ws/install/extra_interfaces/share/extra_interfaces/cmake/export_extra_interfaces__rosidl_typesupport_fastrtps_cppExport-noconfig.cmake
[1.125s] -- Up-to-date: /home/strathvoyager/new_ws/install/extra_interfaces/share/extra_interfaces/cmake/extra_interfaces__rosidl_typesupport_introspection_cppExport.cmake
[1.125s] -- Up-to-date: /home/strathvoyager/new_ws/install/extra_interfaces/share/extra_interfaces/cmake/extra_interfaces__rosidl_typesupport_introspection_cppExport-noconfig.cmake
[1.125s] -- Up-to-date: /home/strathvoyager/new_ws/install/extra_interfaces/share/extra_interfaces/cmake/extra_interfaces__rosidl_typesupport_cppExport.cmake
[1.125s] -- Up-to-date: /home/strathvoyager/new_ws/install/extra_interfaces/share/extra_interfaces/cmake/extra_interfaces__rosidl_typesupport_cppExport-noconfig.cmake
[1.125s] -- Up-to-date: /home/strathvoyager/new_ws/install/extra_interfaces/share/extra_interfaces/cmake/export_extra_interfaces__rosidl_generator_pyExport.cmake
[1.125s] -- Up-to-date: /home/strathvoyager/new_ws/install/extra_interfaces/share/extra_interfaces/cmake/export_extra_interfaces__rosidl_generator_pyExport-noconfig.cmake
[1.125s] -- Up-to-date: /home/strathvoyager/new_ws/install/extra_interfaces/share/extra_interfaces/cmake/rosidl_cmake-extras.cmake
[1.126s] -- Up-to-date: /home/strathvoyager/new_ws/install/extra_interfaces/share/extra_interfaces/cmake/ament_cmake_export_include_directories-extras.cmake
[1.126s] -- Up-to-date: /home/strathvoyager/new_ws/install/extra_interfaces/share/extra_interfaces/cmake/ament_cmake_export_libraries-extras.cmake
[1.126s] -- Up-to-date: /home/strathvoyager/new_ws/install/extra_interfaces/share/extra_interfaces/cmake/ament_cmake_export_targets-extras.cmake
[1.126s] -- Up-to-date: /home/strathvoyager/new_ws/install/extra_interfaces/share/extra_interfaces/cmake/rosidl_cmake_export_typesupport_targets-extras.cmake
[1.126s] -- Up-to-date: /home/strathvoyager/new_ws/install/extra_interfaces/share/extra_interfaces/cmake/ament_cmake_export_dependencies-extras.cmake
[1.126s] -- Up-to-date: /home/strathvoyager/new_ws/install/extra_interfaces/share/extra_interfaces/cmake/rosidl_cmake_export_typesupport_libraries-extras.cmake
[1.126s] -- Up-to-date: /home/strathvoyager/new_ws/install/extra_interfaces/share/extra_interfaces/cmake/extra_interfacesConfig.cmake
[1.126s] -- Up-to-date: /home/strathvoyager/new_ws/install/extra_interfaces/share/extra_interfaces/cmake/extra_interfacesConfig-version.cmake
[1.126s] -- Up-to-date: /home/strathvoyager/new_ws/install/extra_interfaces/share/extra_interfaces/package.xml
[1.129s] Invoked command in '/home/strathvoyager/new_ws/build/extra_interfaces' returned '0': CMAKE_PREFIX_PATH=${CMAKE_PREFIX_PATH}:/home/strathvoyager/new_ws/install/computer_vision:/opt/ros/humble /usr/bin/cmake --install /home/strathvoyager/new_ws/build/extra_interfaces
