-- The C compiler identification is GNU 11.4.0
-- The CXX compiler identification is GNU 11.4.0
-- Detecting C compiler ABI info
-- Detecting C compiler ABI info - done
-- Check for working C compiler: /usr/bin/cc - skipped
-- Detecting C compile features
-- Detecting C compile features - done
-- Detecting CXX compiler ABI info
-- Detecting CXX compiler ABI info - done
-- Check for working CXX compiler: /usr/bin/c++ - skipped
-- Detecting CXX compile features
-- Detecting CXX compile features - done
-- Found ament_cmake: 1.3.11 (/opt/ros/humble/share/ament_cmake/cmake)
-- Found Python3: /usr/bin/python3 (found version "3.10.12") found components: Interpreter 
-- Found ament_lint_auto: 0.12.11 (/opt/ros/humble/share/ament_lint_auto/cmake)
-- Found rosidl_default_generators: 1.2.0 (/opt/ros/humble/share/rosidl_default_generators/cmake)
-- Using all available rosidl_typesupport_c: rosidl_typesupport_fastrtps_c;rosidl_typesupport_introspection_c
-- Found rosidl_adapter: 3.1.6 (/opt/ros/humble/share/rosidl_adapter/cmake)
-- Using all available rosidl_typesupport_cpp: rosidl_typesupport_fastrtps_cpp;rosidl_typesupport_introspection_cpp
-- Found ament_cmake_ros: 0.10.0 (/opt/ros/humble/share/ament_cmake_ros/cmake)
-- Using all available rosidl_typesupport_c: rosidl_typesupport_fastrtps_c;rosidl_typesupport_introspection_c
-- Using all available rosidl_typesupport_cpp: rosidl_typesupport_fastrtps_cpp;rosidl_typesupport_introspection_cpp
-- Found PythonInterp: /usr/bin/python3 (found suitable version "3.10.12", minimum required is "3.6") 
-- Found python_cmake_module: 0.10.0 (/opt/ros/humble/share/python_cmake_module/cmake)
-- Found PythonLibs: /usr/lib/aarch64-linux-gnu/libpython3.10.so (found suitable version "3.10.12", minimum required is "3.5") 
-- Using PYTHON_EXECUTABLE: /usr/bin/python3
-- Using PYTHON_INCLUDE_DIRS: /usr/include/python3.10
-- Using PYTHON_LIBRARIES: /usr/lib/aarch64-linux-gnu/libpython3.10.so
-- Found PythonExtra: .so  
-- Added test 'lint_cmake' to check CMake code style
-- Added test 'xmllint' to check XML markup files
-- Configuring done
-- Generating done
-- Build files have been written to: /home/strathvoyager/new_ws/src/build/extra_interfaces
[  2%] [34m[1mGenerating C code for ROS interfaces[0m
[  4%] [34m[1mGenerating C++ code for ROS interfaces[0m
[  4%] Built target ament_cmake_python_copy_extra_interfaces
running egg_info
creating extra_interfaces.egg-info
writing extra_interfaces.egg-info/PKG-INFO
writing dependency_links to extra_interfaces.egg-info/dependency_links.txt
writing top-level names to extra_interfaces.egg-info/top_level.txt
writing manifest file 'extra_interfaces.egg-info/SOURCES.txt'
reading manifest file 'extra_interfaces.egg-info/SOURCES.txt'
writing manifest file 'extra_interfaces.egg-info/SOURCES.txt'
[  4%] Built target ament_cmake_python_build_extra_interfaces_egg
[ 10%] [32mBuilding C object CMakeFiles/extra_interfaces__rosidl_generator_c.dir/rosidl_generator_c/extra_interfaces/msg/detail/detection__functions.c.o[0m
[ 10%] [32mBuilding C object CMakeFiles/extra_interfaces__rosidl_generator_c.dir/rosidl_generator_c/extra_interfaces/msg/detail/ready__functions.c.o[0m
[ 10%] [32mBuilding C object CMakeFiles/extra_interfaces__rosidl_generator_c.dir/rosidl_generator_c/extra_interfaces/msg/detail/photo__functions.c.o[0m
[ 10%] Built target extra_interfaces__cpp
[ 14%] [34m[1mGenerating C++ type support for eProsima Fast-RTPS[0m
[ 17%] [34m[1mGenerating C++ introspection for ROS interfaces[0m
[ 17%] [34m[1mGenerating C++ type support dispatch for ROS interfaces[0m
[ 19%] [32m[1mLinking C shared library libextra_interfaces__rosidl_generator_c.so[0m
[ 19%] Built target extra_interfaces__rosidl_generator_c
[ 21%] [34m[1mGenerating C type support dispatch for ROS interfaces[0m
[ 25%] [34m[1mGenerating C introspection for ROS interfaces[0m
[ 25%] [34m[1mGenerating C type support for eProsima Fast-RTPS[0m
[ 31%] [32mBuilding CXX object CMakeFiles/extra_interfaces__rosidl_typesupport_cpp.dir/rosidl_typesupport_cpp/extra_interfaces/msg/photo__type_support.cpp.o[0m
[ 31%] [32mBuilding CXX object CMakeFiles/extra_interfaces__rosidl_typesupport_cpp.dir/rosidl_typesupport_cpp/extra_interfaces/msg/detection__type_support.cpp.o[0m
[ 31%] [32mBuilding CXX object CMakeFiles/extra_interfaces__rosidl_typesupport_cpp.dir/rosidl_typesupport_cpp/extra_interfaces/msg/ready__type_support.cpp.o[0m
[ 36%] [32mBuilding CXX object CMakeFiles/extra_interfaces__rosidl_typesupport_introspection_cpp.dir/rosidl_typesupport_introspection_cpp/extra_interfaces/msg/detail/ready__type_support.cpp.o[0m
[ 38%] [32mBuilding CXX object CMakeFiles/extra_interfaces__rosidl_typesupport_introspection_cpp.dir/rosidl_typesupport_introspection_cpp/extra_interfaces/msg/detail/photo__type_support.cpp.o[0m
[ 38%] [32mBuilding CXX object CMakeFiles/extra_interfaces__rosidl_typesupport_introspection_cpp.dir/rosidl_typesupport_introspection_cpp/extra_interfaces/msg/detail/detection__type_support.cpp.o[0m
[ 40%] [32mBuilding CXX object CMakeFiles/extra_interfaces__rosidl_typesupport_fastrtps_cpp.dir/rosidl_typesupport_fastrtps_cpp/extra_interfaces/msg/detail/dds_fastrtps/detection__type_support.cpp.o[0m
[ 42%] [32mBuilding CXX object CMakeFiles/extra_interfaces__rosidl_typesupport_fastrtps_cpp.dir/rosidl_typesupport_fastrtps_cpp/extra_interfaces/msg/detail/dds_fastrtps/ready__type_support.cpp.o[0m
[ 44%] [32mBuilding CXX object CMakeFiles/extra_interfaces__rosidl_typesupport_fastrtps_cpp.dir/rosidl_typesupport_fastrtps_cpp/extra_interfaces/msg/detail/dds_fastrtps/photo__type_support.cpp.o[0m
[ 46%] [32mBuilding CXX object CMakeFiles/extra_interfaces__rosidl_typesupport_c.dir/rosidl_typesupport_c/extra_interfaces/msg/photo__type_support.cpp.o[0m
[ 48%] [32mBuilding CXX object CMakeFiles/extra_interfaces__rosidl_typesupport_c.dir/rosidl_typesupport_c/extra_interfaces/msg/ready__type_support.cpp.o[0m
[ 51%] [32mBuilding CXX object CMakeFiles/extra_interfaces__rosidl_typesupport_c.dir/rosidl_typesupport_c/extra_interfaces/msg/detection__type_support.cpp.o[0m
[ 53%] [32mBuilding C object CMakeFiles/extra_interfaces__rosidl_typesupport_introspection_c.dir/rosidl_typesupport_introspection_c/extra_interfaces/msg/detail/photo__type_support.c.o[0m
[ 55%] [32m[1mLinking CXX shared library libextra_interfaces__rosidl_typesupport_c.so[0m
[ 57%] [32mBuilding CXX object CMakeFiles/extra_interfaces__rosidl_typesupport_fastrtps_c.dir/rosidl_typesupport_fastrtps_c/extra_interfaces/msg/detail/photo__type_support_c.cpp.o[0m
[ 59%] [32mBuilding C object CMakeFiles/extra_interfaces__rosidl_typesupport_introspection_c.dir/rosidl_typesupport_introspection_c/extra_interfaces/msg/detail/ready__type_support.c.o[0m
[ 59%] Built target extra_interfaces__rosidl_typesupport_c
[ 63%] [32mBuilding CXX object CMakeFiles/extra_interfaces__rosidl_typesupport_fastrtps_c.dir/rosidl_typesupport_fastrtps_c/extra_interfaces/msg/detail/ready__type_support_c.cpp.o[0m
[ 63%] [32mBuilding C object CMakeFiles/extra_interfaces__rosidl_typesupport_introspection_c.dir/rosidl_typesupport_introspection_c/extra_interfaces/msg/detail/detection__type_support.c.o[0m
[ 65%] [32mBuilding CXX object CMakeFiles/extra_interfaces__rosidl_typesupport_fastrtps_c.dir/rosidl_typesupport_fastrtps_c/extra_interfaces/msg/detail/detection__type_support_c.cpp.o[0m
[ 68%] [32m[1mLinking CXX shared library libextra_interfaces__rosidl_typesupport_cpp.so[0m
[ 70%] [32m[1mLinking C shared library libextra_interfaces__rosidl_typesupport_introspection_c.so[0m
[ 70%] Built target extra_interfaces__rosidl_typesupport_introspection_c
[ 70%] Built target extra_interfaces__rosidl_typesupport_cpp
[ 72%] [32m[1mLinking CXX shared library libextra_interfaces__rosidl_typesupport_introspection_cpp.so[0m
[ 74%] [32m[1mLinking CXX shared library libextra_interfaces__rosidl_typesupport_fastrtps_cpp.so[0m
[ 74%] Built target extra_interfaces__rosidl_typesupport_introspection_cpp
[ 74%] Built target extra_interfaces__rosidl_typesupport_fastrtps_cpp
[ 76%] [32m[1mLinking CXX shared library libextra_interfaces__rosidl_typesupport_fastrtps_c.so[0m
[ 76%] Built target extra_interfaces__rosidl_typesupport_fastrtps_c
[ 76%] Built target extra_interfaces
[ 78%] [34m[1mGenerating Python code for ROS interfaces[0m
[ 78%] Built target extra_interfaces__py
[ 80%] [32mBuilding C object CMakeFiles/extra_interfaces__rosidl_generator_py.dir/rosidl_generator_py/extra_interfaces/msg/_detection_s.c.o[0m
[ 85%] [32mBuilding C object CMakeFiles/extra_interfaces__rosidl_generator_py.dir/rosidl_generator_py/extra_interfaces/msg/_photo_s.c.o[0m
[ 85%] [32mBuilding C object CMakeFiles/extra_interfaces__rosidl_generator_py.dir/rosidl_generator_py/extra_interfaces/msg/_ready_s.c.o[0m
[ 87%] [32m[1mLinking C shared library rosidl_generator_py/extra_interfaces/libextra_interfaces__rosidl_generator_py.so[0m
[ 87%] Built target extra_interfaces__rosidl_generator_py
[ 91%] [32mBuilding C object CMakeFiles/extra_interfaces__rosidl_typesupport_fastrtps_c__pyext.dir/rosidl_generator_py/extra_interfaces/_extra_interfaces_s.ep.rosidl_typesupport_fastrtps_c.c.o[0m
[ 91%] [32mBuilding C object CMakeFiles/extra_interfaces__rosidl_typesupport_c__pyext.dir/rosidl_generator_py/extra_interfaces/_extra_interfaces_s.ep.rosidl_typesupport_c.c.o[0m
[ 93%] [32mBuilding C object CMakeFiles/extra_interfaces__rosidl_typesupport_introspection_c__pyext.dir/rosidl_generator_py/extra_interfaces/_extra_interfaces_s.ep.rosidl_typesupport_introspection_c.c.o[0m
[ 97%] [32m[1mLinking C shared library rosidl_generator_py/extra_interfaces/extra_interfaces_s__rosidl_typesupport_introspection_c.cpython-310-aarch64-linux-gnu.so[0m
[ 97%] [32m[1mLinking C shared library rosidl_generator_py/extra_interfaces/extra_interfaces_s__rosidl_typesupport_c.cpython-310-aarch64-linux-gnu.so[0m
[100%] [32m[1mLinking C shared library rosidl_generator_py/extra_interfaces/extra_interfaces_s__rosidl_typesupport_fastrtps_c.cpython-310-aarch64-linux-gnu.so[0m
[100%] Built target extra_interfaces__rosidl_typesupport_c__pyext
[100%] Built target extra_interfaces__rosidl_typesupport_introspection_c__pyext
[100%] Built target extra_interfaces__rosidl_typesupport_fastrtps_c__pyext
-- Install configuration: ""
-- Installing: /home/strathvoyager/new_ws/src/install/extra_interfaces/share/ament_index/resource_index/rosidl_interfaces/extra_interfaces
-- Installing: /home/strathvoyager/new_ws/src/install/extra_interfaces/include/extra_interfaces/extra_interfaces
-- Installing: /home/strathvoyager/new_ws/src/install/extra_interfaces/include/extra_interfaces/extra_interfaces/msg
-- Installing: /home/strathvoyager/new_ws/src/install/extra_interfaces/include/extra_interfaces/extra_interfaces/msg/detail
-- Installing: /home/strathvoyager/new_ws/src/install/extra_interfaces/include/extra_interfaces/extra_interfaces/msg/detail/photo__functions.c
-- Installing: /home/strathvoyager/new_ws/src/install/extra_interfaces/include/extra_interfaces/extra_interfaces/msg/detail/ready__type_support.h
-- Installing: /home/strathvoyager/new_ws/src/install/extra_interfaces/include/extra_interfaces/extra_interfaces/msg/detail/detection__functions.c
-- Installing: /home/strathvoyager/new_ws/src/install/extra_interfaces/include/extra_interfaces/extra_interfaces/msg/detail/photo__type_support.h
-- Installing: /home/strathvoyager/new_ws/src/install/extra_interfaces/include/extra_interfaces/extra_interfaces/msg/detail/detection__type_support.h
-- Installing: /home/strathvoyager/new_ws/src/install/extra_interfaces/include/extra_interfaces/extra_interfaces/msg/detail/photo__functions.h
-- Installing: /home/strathvoyager/new_ws/src/install/extra_interfaces/include/extra_interfaces/extra_interfaces/msg/detail/detection__struct.h
-- Installing: /home/strathvoyager/new_ws/src/install/extra_interfaces/include/extra_interfaces/extra_interfaces/msg/detail/ready__functions.h
-- Installing: /home/strathvoyager/new_ws/src/install/extra_interfaces/include/extra_interfaces/extra_interfaces/msg/detail/detection__functions.h
-- Installing: /home/strathvoyager/new_ws/src/install/extra_interfaces/include/extra_interfaces/extra_interfaces/msg/detail/ready__functions.c
-- Installing: /home/strathvoyager/new_ws/src/install/extra_interfaces/include/extra_interfaces/extra_interfaces/msg/detail/photo__struct.h
-- Installing: /home/strathvoyager/new_ws/src/install/extra_interfaces/include/extra_interfaces/extra_interfaces/msg/detail/ready__struct.h
-- Installing: /home/strathvoyager/new_ws/src/install/extra_interfaces/include/extra_interfaces/extra_interfaces/msg/photo.h
-- Installing: /home/strathvoyager/new_ws/src/install/extra_interfaces/include/extra_interfaces/extra_interfaces/msg/detection.h
-- Installing: /home/strathvoyager/new_ws/src/install/extra_interfaces/include/extra_interfaces/extra_interfaces/msg/rosidl_generator_c__visibility_control.h
-- Installing: /home/strathvoyager/new_ws/src/install/extra_interfaces/include/extra_interfaces/extra_interfaces/msg/ready.h
-- Installing: /home/strathvoyager/new_ws/src/install/extra_interfaces/share/extra_interfaces/environment/library_path.sh
-- Installing: /home/strathvoyager/new_ws/src/install/extra_interfaces/share/extra_interfaces/environment/library_path.dsv
-- Installing: /home/strathvoyager/new_ws/src/install/extra_interfaces/lib/libextra_interfaces__rosidl_generator_c.so
-- Set runtime path of "/home/strathvoyager/new_ws/src/install/extra_interfaces/lib/libextra_interfaces__rosidl_generator_c.so" to ""
-- Up-to-date: /home/strathvoyager/new_ws/src/install/extra_interfaces/include/extra_interfaces/extra_interfaces
-- Up-to-date: /home/strathvoyager/new_ws/src/install/extra_interfaces/include/extra_interfaces/extra_interfaces/msg
-- Up-to-date: /home/strathvoyager/new_ws/src/install/extra_interfaces/include/extra_interfaces/extra_interfaces/msg/detail
-- Installing: /home/strathvoyager/new_ws/src/install/extra_interfaces/include/extra_interfaces/extra_interfaces/msg/detail/detection__rosidl_typesupport_fastrtps_c.h
-- Installing: /home/strathvoyager/new_ws/src/install/extra_interfaces/include/extra_interfaces/extra_interfaces/msg/detail/photo__rosidl_typesupport_fastrtps_c.h
-- Installing: /home/strathvoyager/new_ws/src/install/extra_interfaces/include/extra_interfaces/extra_interfaces/msg/detail/ready__rosidl_typesupport_fastrtps_c.h
-- Installing: /home/strathvoyager/new_ws/src/install/extra_interfaces/include/extra_interfaces/extra_interfaces/msg/rosidl_typesupport_fastrtps_c__visibility_control.h
-- Installing: /home/strathvoyager/new_ws/src/install/extra_interfaces/lib/libextra_interfaces__rosidl_typesupport_fastrtps_c.so
-- Set runtime path of "/home/strathvoyager/new_ws/src/install/extra_interfaces/lib/libextra_interfaces__rosidl_typesupport_fastrtps_c.so" to ""
-- Up-to-date: /home/strathvoyager/new_ws/src/install/extra_interfaces/include/extra_interfaces/extra_interfaces
-- Up-to-date: /home/strathvoyager/new_ws/src/install/extra_interfaces/include/extra_interfaces/extra_interfaces/msg
-- Up-to-date: /home/strathvoyager/new_ws/src/install/extra_interfaces/include/extra_interfaces/extra_interfaces/msg/detail
-- Installing: /home/strathvoyager/new_ws/src/install/extra_interfaces/include/extra_interfaces/extra_interfaces/msg/detail/detection__rosidl_typesupport_introspection_c.h
-- Installing: /home/strathvoyager/new_ws/src/install/extra_interfaces/include/extra_interfaces/extra_interfaces/msg/detail/photo__type_support.c
-- Installing: /home/strathvoyager/new_ws/src/install/extra_interfaces/include/extra_interfaces/extra_interfaces/msg/detail/photo__rosidl_typesupport_introspection_c.h
-- Installing: /home/strathvoyager/new_ws/src/install/extra_interfaces/include/extra_interfaces/extra_interfaces/msg/detail/ready__type_support.c
-- Installing: /home/strathvoyager/new_ws/src/install/extra_interfaces/include/extra_interfaces/extra_interfaces/msg/detail/ready__rosidl_typesupport_introspection_c.h
-- Installing: /home/strathvoyager/new_ws/src/install/extra_interfaces/include/extra_interfaces/extra_interfaces/msg/detail/detection__type_support.c
-- Installing: /home/strathvoyager/new_ws/src/install/extra_interfaces/include/extra_interfaces/extra_interfaces/msg/rosidl_typesupport_introspection_c__visibility_control.h
-- Installing: /home/strathvoyager/new_ws/src/install/extra_interfaces/lib/libextra_interfaces__rosidl_typesupport_introspection_c.so
-- Set runtime path of "/home/strathvoyager/new_ws/src/install/extra_interfaces/lib/libextra_interfaces__rosidl_typesupport_introspection_c.so" to ""
-- Installing: /home/strathvoyager/new_ws/src/install/extra_interfaces/lib/libextra_interfaces__rosidl_typesupport_c.so
-- Set runtime path of "/home/strathvoyager/new_ws/src/install/extra_interfaces/lib/libextra_interfaces__rosidl_typesupport_c.so" to ""
-- Up-to-date: /home/strathvoyager/new_ws/src/install/extra_interfaces/include/extra_interfaces/extra_interfaces
-- Up-to-date: /home/strathvoyager/new_ws/src/install/extra_interfaces/include/extra_interfaces/extra_interfaces/msg
-- Installing: /home/strathvoyager/new_ws/src/install/extra_interfaces/include/extra_interfaces/extra_interfaces/msg/photo.hpp
-- Installing: /home/strathvoyager/new_ws/src/install/extra_interfaces/include/extra_interfaces/extra_interfaces/msg/rosidl_generator_cpp__visibility_control.hpp
-- Up-to-date: /home/strathvoyager/new_ws/src/install/extra_interfaces/include/extra_interfaces/extra_interfaces/msg/detail
-- Installing: /home/strathvoyager/new_ws/src/install/extra_interfaces/include/extra_interfaces/extra_interfaces/msg/detail/detection__builder.hpp
-- Installing: /home/strathvoyager/new_ws/src/install/extra_interfaces/include/extra_interfaces/extra_interfaces/msg/detail/photo__traits.hpp
-- Installing: /home/strathvoyager/new_ws/src/install/extra_interfaces/include/extra_interfaces/extra_interfaces/msg/detail/photo__builder.hpp
-- Installing: /home/strathvoyager/new_ws/src/install/extra_interfaces/include/extra_interfaces/extra_interfaces/msg/detail/ready__type_support.hpp
-- Installing: /home/strathvoyager/new_ws/src/install/extra_interfaces/include/extra_interfaces/extra_interfaces/msg/detail/detection__struct.hpp
-- Installing: /home/strathvoyager/new_ws/src/install/extra_interfaces/include/extra_interfaces/extra_interfaces/msg/detail/photo__type_support.hpp
-- Installing: /home/strathvoyager/new_ws/src/install/extra_interfaces/include/extra_interfaces/extra_interfaces/msg/detail/ready__builder.hpp
-- Installing: /home/strathvoyager/new_ws/src/install/extra_interfaces/include/extra_interfaces/extra_interfaces/msg/detail/detection__type_support.hpp
-- Installing: /home/strathvoyager/new_ws/src/install/extra_interfaces/include/extra_interfaces/extra_interfaces/msg/detail/ready__traits.hpp
-- Installing: /home/strathvoyager/new_ws/src/install/extra_interfaces/include/extra_interfaces/extra_interfaces/msg/detail/ready__struct.hpp
-- Installing: /home/strathvoyager/new_ws/src/install/extra_interfaces/include/extra_interfaces/extra_interfaces/msg/detail/detection__traits.hpp
-- Installing: /home/strathvoyager/new_ws/src/install/extra_interfaces/include/extra_interfaces/extra_interfaces/msg/detail/photo__struct.hpp
-- Installing: /home/strathvoyager/new_ws/src/install/extra_interfaces/include/extra_interfaces/extra_interfaces/msg/ready.hpp
-- Installing: /home/strathvoyager/new_ws/src/install/extra_interfaces/include/extra_interfaces/extra_interfaces/msg/detection.hpp
-- Up-to-date: /home/strathvoyager/new_ws/src/install/extra_interfaces/include/extra_interfaces/extra_interfaces
-- Up-to-date: /home/strathvoyager/new_ws/src/install/extra_interfaces/include/extra_interfaces/extra_interfaces/msg
-- Up-to-date: /home/strathvoyager/new_ws/src/install/extra_interfaces/include/extra_interfaces/extra_interfaces/msg/detail
-- Installing: /home/strathvoyager/new_ws/src/install/extra_interfaces/include/extra_interfaces/extra_interfaces/msg/detail/dds_fastrtps
-- Installing: /home/strathvoyager/new_ws/src/install/extra_interfaces/include/extra_interfaces/extra_interfaces/msg/detail/detection__rosidl_typesupport_fastrtps_cpp.hpp
-- Installing: /home/strathvoyager/new_ws/src/install/extra_interfaces/include/extra_interfaces/extra_interfaces/msg/detail/ready__rosidl_typesupport_fastrtps_cpp.hpp
-- Installing: /home/strathvoyager/new_ws/src/install/extra_interfaces/include/extra_interfaces/extra_interfaces/msg/detail/photo__rosidl_typesupport_fastrtps_cpp.hpp
-- Installing: /home/strathvoyager/new_ws/src/install/extra_interfaces/include/extra_interfaces/extra_interfaces/msg/rosidl_typesupport_fastrtps_cpp__visibility_control.h
-- Installing: /home/strathvoyager/new_ws/src/install/extra_interfaces/lib/libextra_interfaces__rosidl_typesupport_fastrtps_cpp.so
-- Set runtime path of "/home/strathvoyager/new_ws/src/install/extra_interfaces/lib/libextra_interfaces__rosidl_typesupport_fastrtps_cpp.so" to ""
-- Up-to-date: /home/strathvoyager/new_ws/src/install/extra_interfaces/include/extra_interfaces/extra_interfaces
-- Up-to-date: /home/strathvoyager/new_ws/src/install/extra_interfaces/include/extra_interfaces/extra_interfaces/msg
-- Up-to-date: /home/strathvoyager/new_ws/src/install/extra_interfaces/include/extra_interfaces/extra_interfaces/msg/detail
-- Installing: /home/strathvoyager/new_ws/src/install/extra_interfaces/include/extra_interfaces/extra_interfaces/msg/detail/photo__type_support.cpp
-- Installing: /home/strathvoyager/new_ws/src/install/extra_interfaces/include/extra_interfaces/extra_interfaces/msg/detail/detection__type_support.cpp
-- Installing: /home/strathvoyager/new_ws/src/install/extra_interfaces/include/extra_interfaces/extra_interfaces/msg/detail/ready__type_support.cpp
-- Installing: /home/strathvoyager/new_ws/src/install/extra_interfaces/include/extra_interfaces/extra_interfaces/msg/detail/ready__rosidl_typesupport_introspection_cpp.hpp
-- Installing: /home/strathvoyager/new_ws/src/install/extra_interfaces/include/extra_interfaces/extra_interfaces/msg/detail/detection__rosidl_typesupport_introspection_cpp.hpp
-- Installing: /home/strathvoyager/new_ws/src/install/extra_interfaces/include/extra_interfaces/extra_interfaces/msg/detail/photo__rosidl_typesupport_introspection_cpp.hpp
-- Installing: /home/strathvoyager/new_ws/src/install/extra_interfaces/lib/libextra_interfaces__rosidl_typesupport_introspection_cpp.so
-- Set runtime path of "/home/strathvoyager/new_ws/src/install/extra_interfaces/lib/libextra_interfaces__rosidl_typesupport_introspection_cpp.so" to ""
-- Installing: /home/strathvoyager/new_ws/src/install/extra_interfaces/lib/libextra_interfaces__rosidl_typesupport_cpp.so
-- Set runtime path of "/home/strathvoyager/new_ws/src/install/extra_interfaces/lib/libextra_interfaces__rosidl_typesupport_cpp.so" to ""
-- Installing: /home/strathvoyager/new_ws/src/install/extra_interfaces/share/extra_interfaces/environment/pythonpath.sh
-- Installing: /home/strathvoyager/new_ws/src/install/extra_interfaces/share/extra_interfaces/environment/pythonpath.dsv
-- Installing: /home/strathvoyager/new_ws/src/install/extra_interfaces/local/lib/python3.10/dist-packages/extra_interfaces-0.0.0-py3.10.egg-info
-- Installing: /home/strathvoyager/new_ws/src/install/extra_interfaces/local/lib/python3.10/dist-packages/extra_interfaces-0.0.0-py3.10.egg-info/SOURCES.txt
-- Installing: /home/strathvoyager/new_ws/src/install/extra_interfaces/local/lib/python3.10/dist-packages/extra_interfaces-0.0.0-py3.10.egg-info/PKG-INFO
-- Installing: /home/strathvoyager/new_ws/src/install/extra_interfaces/local/lib/python3.10/dist-packages/extra_interfaces-0.0.0-py3.10.egg-info/dependency_links.txt
-- Installing: /home/strathvoyager/new_ws/src/install/extra_interfaces/local/lib/python3.10/dist-packages/extra_interfaces-0.0.0-py3.10.egg-info/top_level.txt
-- Installing: /home/strathvoyager/new_ws/src/install/extra_interfaces/local/lib/python3.10/dist-packages/extra_interfaces
-- Installing: /home/strathvoyager/new_ws/src/install/extra_interfaces/local/lib/python3.10/dist-packages/extra_interfaces/libextra_interfaces__rosidl_generator_py.so
-- Installing: /home/strathvoyager/new_ws/src/install/extra_interfaces/local/lib/python3.10/dist-packages/extra_interfaces/extra_interfaces_s__rosidl_typesupport_fastrtps_c.cpython-310-aarch64-linux-gnu.so
-- Installing: /home/strathvoyager/new_ws/src/install/extra_interfaces/local/lib/python3.10/dist-packages/extra_interfaces/_extra_interfaces_s.ep.rosidl_typesupport_introspection_c.c
-- Installing: /home/strathvoyager/new_ws/src/install/extra_interfaces/local/lib/python3.10/dist-packages/extra_interfaces/msg
-- Installing: /home/strathvoyager/new_ws/src/install/extra_interfaces/local/lib/python3.10/dist-packages/extra_interfaces/msg/_detection.py
-- Installing: /home/strathvoyager/new_ws/src/install/extra_interfaces/local/lib/python3.10/dist-packages/extra_interfaces/msg/_detection_s.c
-- Installing: /home/strathvoyager/new_ws/src/install/extra_interfaces/local/lib/python3.10/dist-packages/extra_interfaces/msg/__init__.py
-- Installing: /home/strathvoyager/new_ws/src/install/extra_interfaces/local/lib/python3.10/dist-packages/extra_interfaces/msg/_ready.py
-- Installing: /home/strathvoyager/new_ws/src/install/extra_interfaces/local/lib/python3.10/dist-packages/extra_interfaces/msg/_photo.py
-- Installing: /home/strathvoyager/new_ws/src/install/extra_interfaces/local/lib/python3.10/dist-packages/extra_interfaces/msg/_photo_s.c
-- Installing: /home/strathvoyager/new_ws/src/install/extra_interfaces/local/lib/python3.10/dist-packages/extra_interfaces/msg/_ready_s.c
-- Installing: /home/strathvoyager/new_ws/src/install/extra_interfaces/local/lib/python3.10/dist-packages/extra_interfaces/extra_interfaces_s__rosidl_typesupport_c.cpython-310-aarch64-linux-gnu.so
-- Installing: /home/strathvoyager/new_ws/src/install/extra_interfaces/local/lib/python3.10/dist-packages/extra_interfaces/__init__.py
-- Installing: /home/strathvoyager/new_ws/src/install/extra_interfaces/local/lib/python3.10/dist-packages/extra_interfaces/_extra_interfaces_s.ep.rosidl_typesupport_fastrtps_c.c
-- Installing: /home/strathvoyager/new_ws/src/install/extra_interfaces/local/lib/python3.10/dist-packages/extra_interfaces/extra_interfaces_s__rosidl_typesupport_introspection_c.cpython-310-aarch64-linux-gnu.so
-- Installing: /home/strathvoyager/new_ws/src/install/extra_interfaces/local/lib/python3.10/dist-packages/extra_interfaces/_extra_interfaces_s.ep.rosidl_typesupport_c.c
Listing '/home/strathvoyager/new_ws/src/install/extra_interfaces/local/lib/python3.10/dist-packages/extra_interfaces'...
Compiling '/home/strathvoyager/new_ws/src/install/extra_interfaces/local/lib/python3.10/dist-packages/extra_interfaces/__init__.py'...
Listing '/home/strathvoyager/new_ws/src/install/extra_interfaces/local/lib/python3.10/dist-packages/extra_interfaces/msg'...
Compiling '/home/strathvoyager/new_ws/src/install/extra_interfaces/local/lib/python3.10/dist-packages/extra_interfaces/msg/__init__.py'...
Compiling '/home/strathvoyager/new_ws/src/install/extra_interfaces/local/lib/python3.10/dist-packages/extra_interfaces/msg/_detection.py'...
Compiling '/home/strathvoyager/new_ws/src/install/extra_interfaces/local/lib/python3.10/dist-packages/extra_interfaces/msg/_photo.py'...
Compiling '/home/strathvoyager/new_ws/src/install/extra_interfaces/local/lib/python3.10/dist-packages/extra_interfaces/msg/_ready.py'...
-- Installing: /home/strathvoyager/new_ws/src/install/extra_interfaces/local/lib/python3.10/dist-packages/extra_interfaces/extra_interfaces_s__rosidl_typesupport_fastrtps_c.cpython-310-aarch64-linux-gnu.so
-- Set runtime path of "/home/strathvoyager/new_ws/src/install/extra_interfaces/local/lib/python3.10/dist-packages/extra_interfaces/extra_interfaces_s__rosidl_typesupport_fastrtps_c.cpython-310-aarch64-linux-gnu.so" to ""
-- Installing: /home/strathvoyager/new_ws/src/install/extra_interfaces/local/lib/python3.10/dist-packages/extra_interfaces/extra_interfaces_s__rosidl_typesupport_introspection_c.cpython-310-aarch64-linux-gnu.so
-- Set runtime path of "/home/strathvoyager/new_ws/src/install/extra_interfaces/local/lib/python3.10/dist-packages/extra_interfaces/extra_interfaces_s__rosidl_typesupport_introspection_c.cpython-310-aarch64-linux-gnu.so" to ""
-- Installing: /home/strathvoyager/new_ws/src/install/extra_interfaces/local/lib/python3.10/dist-packages/extra_interfaces/extra_interfaces_s__rosidl_typesupport_c.cpython-310-aarch64-linux-gnu.so
-- Set runtime path of "/home/strathvoyager/new_ws/src/install/extra_interfaces/local/lib/python3.10/dist-packages/extra_interfaces/extra_interfaces_s__rosidl_typesupport_c.cpython-310-aarch64-linux-gnu.so" to ""
-- Installing: /home/strathvoyager/new_ws/src/install/extra_interfaces/lib/libextra_interfaces__rosidl_generator_py.so
-- Set runtime path of "/home/strathvoyager/new_ws/src/install/extra_interfaces/lib/libextra_interfaces__rosidl_generator_py.so" to ""
-- Installing: /home/strathvoyager/new_ws/src/install/extra_interfaces/share/extra_interfaces/msg/Photo.idl
-- Installing: /home/strathvoyager/new_ws/src/install/extra_interfaces/share/extra_interfaces/msg/Ready.idl
-- Installing: /home/strathvoyager/new_ws/src/install/extra_interfaces/share/extra_interfaces/msg/Detection.idl
-- Installing: /home/strathvoyager/new_ws/src/install/extra_interfaces/share/extra_interfaces/msg/Photo.msg
-- Installing: /home/strathvoyager/new_ws/src/install/extra_interfaces/share/extra_interfaces/msg/Ready.msg
-- Installing: /home/strathvoyager/new_ws/src/install/extra_interfaces/share/extra_interfaces/msg/Detection.msg
-- Installing: /home/strathvoyager/new_ws/src/install/extra_interfaces/share/ament_index/resource_index/package_run_dependencies/extra_interfaces
-- Installing: /home/strathvoyager/new_ws/src/install/extra_interfaces/share/ament_index/resource_index/parent_prefix_path/extra_interfaces
-- Installing: /home/strathvoyager/new_ws/src/install/extra_interfaces/share/extra_interfaces/environment/ament_prefix_path.sh
-- Installing: /home/strathvoyager/new_ws/src/install/extra_interfaces/share/extra_interfaces/environment/ament_prefix_path.dsv
-- Installing: /home/strathvoyager/new_ws/src/install/extra_interfaces/share/extra_interfaces/environment/path.sh
-- Installing: /home/strathvoyager/new_ws/src/install/extra_interfaces/share/extra_interfaces/environment/path.dsv
-- Installing: /home/strathvoyager/new_ws/src/install/extra_interfaces/share/extra_interfaces/local_setup.bash
-- Installing: /home/strathvoyager/new_ws/src/install/extra_interfaces/share/extra_interfaces/local_setup.sh
-- Installing: /home/strathvoyager/new_ws/src/install/extra_interfaces/share/extra_interfaces/local_setup.zsh
-- Installing: /home/strathvoyager/new_ws/src/install/extra_interfaces/share/extra_interfaces/local_setup.dsv
-- Installing: /home/strathvoyager/new_ws/src/install/extra_interfaces/share/extra_interfaces/package.dsv
-- Installing: /home/strathvoyager/new_ws/src/install/extra_interfaces/share/ament_index/resource_index/packages/extra_interfaces
-- Installing: /home/strathvoyager/new_ws/src/install/extra_interfaces/share/extra_interfaces/cmake/export_extra_interfaces__rosidl_generator_cExport.cmake
-- Installing: /home/strathvoyager/new_ws/src/install/extra_interfaces/share/extra_interfaces/cmake/export_extra_interfaces__rosidl_generator_cExport-noconfig.cmake
-- Installing: /home/strathvoyager/new_ws/src/install/extra_interfaces/share/extra_interfaces/cmake/export_extra_interfaces__rosidl_typesupport_fastrtps_cExport.cmake
-- Installing: /home/strathvoyager/new_ws/src/install/extra_interfaces/share/extra_interfaces/cmake/export_extra_interfaces__rosidl_typesupport_fastrtps_cExport-noconfig.cmake
-- Installing: /home/strathvoyager/new_ws/src/install/extra_interfaces/share/extra_interfaces/cmake/extra_interfaces__rosidl_typesupport_introspection_cExport.cmake
-- Installing: /home/strathvoyager/new_ws/src/install/extra_interfaces/share/extra_interfaces/cmake/extra_interfaces__rosidl_typesupport_introspection_cExport-noconfig.cmake
-- Installing: /home/strathvoyager/new_ws/src/install/extra_interfaces/share/extra_interfaces/cmake/extra_interfaces__rosidl_typesupport_cExport.cmake
-- Installing: /home/strathvoyager/new_ws/src/install/extra_interfaces/share/extra_interfaces/cmake/extra_interfaces__rosidl_typesupport_cExport-noconfig.cmake
-- Installing: /home/strathvoyager/new_ws/src/install/extra_interfaces/share/extra_interfaces/cmake/export_extra_interfaces__rosidl_generator_cppExport.cmake
-- Installing: /home/strathvoyager/new_ws/src/install/extra_interfaces/share/extra_interfaces/cmake/export_extra_interfaces__rosidl_typesupport_fastrtps_cppExport.cmake
-- Installing: /home/strathvoyager/new_ws/src/install/extra_interfaces/share/extra_interfaces/cmake/export_extra_interfaces__rosidl_typesupport_fastrtps_cppExport-noconfig.cmake
-- Installing: /home/strathvoyager/new_ws/src/install/extra_interfaces/share/extra_interfaces/cmake/extra_interfaces__rosidl_typesupport_introspection_cppExport.cmake
-- Installing: /home/strathvoyager/new_ws/src/install/extra_interfaces/share/extra_interfaces/cmake/extra_interfaces__rosidl_typesupport_introspection_cppExport-noconfig.cmake
-- Installing: /home/strathvoyager/new_ws/src/install/extra_interfaces/share/extra_interfaces/cmake/extra_interfaces__rosidl_typesupport_cppExport.cmake
-- Installing: /home/strathvoyager/new_ws/src/install/extra_interfaces/share/extra_interfaces/cmake/extra_interfaces__rosidl_typesupport_cppExport-noconfig.cmake
-- Installing: /home/strathvoyager/new_ws/src/install/extra_interfaces/share/extra_interfaces/cmake/export_extra_interfaces__rosidl_generator_pyExport.cmake
-- Installing: /home/strathvoyager/new_ws/src/install/extra_interfaces/share/extra_interfaces/cmake/export_extra_interfaces__rosidl_generator_pyExport-noconfig.cmake
-- Installing: /home/strathvoyager/new_ws/src/install/extra_interfaces/share/extra_interfaces/cmake/rosidl_cmake-extras.cmake
-- Installing: /home/strathvoyager/new_ws/src/install/extra_interfaces/share/extra_interfaces/cmake/ament_cmake_export_include_directories-extras.cmake
-- Installing: /home/strathvoyager/new_ws/src/install/extra_interfaces/share/extra_interfaces/cmake/ament_cmake_export_libraries-extras.cmake
-- Installing: /home/strathvoyager/new_ws/src/install/extra_interfaces/share/extra_interfaces/cmake/ament_cmake_export_targets-extras.cmake
-- Installing: /home/strathvoyager/new_ws/src/install/extra_interfaces/share/extra_interfaces/cmake/rosidl_cmake_export_typesupport_targets-extras.cmake
-- Installing: /home/strathvoyager/new_ws/src/install/extra_interfaces/share/extra_interfaces/cmake/ament_cmake_export_dependencies-extras.cmake
-- Installing: /home/strathvoyager/new_ws/src/install/extra_interfaces/share/extra_interfaces/cmake/rosidl_cmake_export_typesupport_libraries-extras.cmake
-- Installing: /home/strathvoyager/new_ws/src/install/extra_interfaces/share/extra_interfaces/cmake/extra_interfacesConfig.cmake
-- Installing: /home/strathvoyager/new_ws/src/install/extra_interfaces/share/extra_interfaces/cmake/extra_interfacesConfig-version.cmake
-- Installing: /home/strathvoyager/new_ws/src/install/extra_interfaces/share/extra_interfaces/package.xml
