[0.396s] Invoking command in '/home/strathvoyager/new_ws/build/extra_interfaces': CMAKE_PREFIX_PATH=${CMAKE_PREFIX_PATH}:/home/strathvoyager/new_ws/install/computer_vision:/opt/ros/humble /usr/bin/cmake --build /home/strathvoyager/new_ws/build/extra_interfaces -- -j12 -l12
[0.444s] -- Found ament_cmake: 1.3.11 (/opt/ros/humble/share/ament_cmake/cmake)
[0.649s] -- Found ament_lint_auto: 0.12.11 (/opt/ros/humble/share/ament_lint_auto/cmake)
[0.759s] -- Found rosidl_default_generators: 1.2.0 (/opt/ros/humble/share/rosidl_default_generators/cmake)
[0.764s] -- Using all available rosidl_typesupport_c: rosidl_typesupport_fastrtps_c;rosidl_typesupport_introspection_c
[0.773s] -- Found rosidl_adapter: 3.1.6 (/opt/ros/humble/share/rosidl_adapter/cmake)
[0.843s] -- Using all available rosidl_typesupport_cpp: rosidl_typesupport_fastrtps_cpp;rosidl_typesupport_introspection_cpp
[1.197s] -- Found ament_cmake_ros: 0.10.0 (/opt/ros/humble/share/ament_cmake_ros/cmake)
[1.535s] -- Using all available rosidl_typesupport_c: rosidl_typesupport_fastrtps_c;rosidl_typesupport_introspection_c
[1.979s] -- Using all available rosidl_typesupport_cpp: rosidl_typesupport_fastrtps_cpp;rosidl_typesupport_introspection_cpp
[2.021s] -- Found python_cmake_module: 0.10.0 (/opt/ros/humble/share/python_cmake_module/cmake)
[2.061s] -- Using PYTHON_EXECUTABLE: /usr/bin/python3
[2.061s] -- Using PYTHON_INCLUDE_DIRS: /usr/include/python3.10
[2.061s] -- Using PYTHON_LIBRARIES: /usr/lib/aarch64-linux-gnu/libpython3.10.so
[2.101s] -- Added test 'lint_cmake' to check CMake code style
[2.104s] -- Added test 'xmllint' to check XML markup files
[2.112s] -- Configuring done
[2.166s] -- Generating done
[2.171s] -- Build files have been written to: /home/strathvoyager/new_ws/build/extra_interfaces
[2.217s] [35m[1mConsolidate compiler generated dependencies of target extra_interfaces__rosidl_generator_c[0m
[2.234s] [  2%] Built target extra_interfaces__cpp
[2.237s] [ 12%] Built target extra_interfaces__rosidl_generator_c
[2.247s] [ 12%] Built target ament_cmake_python_copy_extra_interfaces
[2.250s] [35m[1mConsolidate compiler generated dependencies of target extra_interfaces__rosidl_typesupport_introspection_cpp[0m
[2.250s] [35m[1mConsolidate compiler generated dependencies of target extra_interfaces__rosidl_typesupport_cpp[0m
[2.250s] [35m[1mConsolidate compiler generated dependencies of target extra_interfaces__rosidl_typesupport_introspection_c[0m
[2.250s] [35m[1mConsolidate compiler generated dependencies of target extra_interfaces__rosidl_typesupport_c[0m
[2.250s] [35m[1mConsolidate compiler generated dependencies of target extra_interfaces__rosidl_typesupport_fastrtps_cpp[0m
[2.251s] [35m[1mConsolidate compiler generated dependencies of target extra_interfaces__rosidl_typesupport_fastrtps_c[0m
[2.268s] [ 23%] Built target extra_interfaces__rosidl_typesupport_c
[2.269s] [ 34%] Built target extra_interfaces__rosidl_typesupport_introspection_c
[2.272s] [ 53%] Built target extra_interfaces__rosidl_typesupport_fastrtps_c
[2.272s] [ 55%] Built target extra_interfaces__rosidl_typesupport_introspection_cpp
[2.273s] [ 76%] Built target extra_interfaces__rosidl_typesupport_fastrtps_cpp
[2.273s] [ 76%] Built target extra_interfaces__rosidl_typesupport_cpp
[2.309s] [ 76%] Built target extra_interfaces
[2.343s] [ 78%] Built target extra_interfaces__py
[2.360s] [35m[1mConsolidate compiler generated dependencies of target extra_interfaces__rosidl_generator_py[0m
[2.384s] [ 87%] Built target extra_interfaces__rosidl_generator_py
[2.401s] [35m[1mConsolidate compiler generated dependencies of target extra_interfaces__rosidl_typesupport_introspection_c__pyext[0m
[2.401s] [35m[1mConsolidate compiler generated dependencies of target extra_interfaces__rosidl_typesupport_c__pyext[0m
[2.402s] [35m[1mConsolidate compiler generated dependencies of target extra_interfaces__rosidl_typesupport_fastrtps_c__pyext[0m
[2.421s] [ 91%] Built target extra_interfaces__rosidl_typesupport_introspection_c__pyext
[2.422s] [ 95%] Built target extra_interfaces__rosidl_typesupport_c__pyext
[2.424s] [100%] Built target extra_interfaces__rosidl_typesupport_fastrtps_c__pyext
[2.615s] running egg_info
[2.615s] writing extra_interfaces.egg-info/PKG-INFO
[2.616s] writing dependency_links to extra_interfaces.egg-info/dependency_links.txt
[2.616s] writing top-level names to extra_interfaces.egg-info/top_level.txt
[2.619s] reading manifest file 'extra_interfaces.egg-info/SOURCES.txt'
[2.620s] writing manifest file 'extra_interfaces.egg-info/SOURCES.txt'
[2.670s] [100%] Built target ament_cmake_python_build_extra_interfaces_egg
[2.695s] Invoked command in '/home/strathvoyager/new_ws/build/extra_interfaces' returned '0': CMAKE_PREFIX_PATH=${CMAKE_PREFIX_PATH}:/home/strathvoyager/new_ws/install/computer_vision:/opt/ros/humble /usr/bin/cmake --build /home/strathvoyager/new_ws/build/extra_interfaces -- -j12 -l12
[2.888s] Invoking command in '/home/strathvoyager/new_ws/build/extra_interfaces': CMAKE_PREFIX_PATH=${CMAKE_PREFIX_PATH}:/home/strathvoyager/new_ws/install/computer_vision:/opt/ros/humble /usr/bin/cmake --install /home/strathvoyager/new_ws/build/extra_interfaces
[2.903s] -- Install configuration: ""
[2.904s] -- Up-to-date: /home/strathvoyager/new_ws/install/extra_interfaces/share/ament_index/resource_index/rosidl_interfaces/extra_interfaces
[2.904s] -- Up-to-date: /home/strathvoyager/new_ws/install/extra_interfaces/include/extra_interfaces/extra_interfaces
[2.905s] -- Up-to-date: /home/strathvoyager/new_ws/install/extra_interfaces/include/extra_interfaces/extra_interfaces/msg
[2.905s] -- Up-to-date: /home/strathvoyager/new_ws/install/extra_interfaces/include/extra_interfaces/extra_interfaces/msg/detail
[2.905s] -- Up-to-date: /home/strathvoyager/new_ws/install/extra_interfaces/include/extra_interfaces/extra_interfaces/msg/detail/photo__functions.c
[2.906s] -- Up-to-date: /home/strathvoyager/new_ws/install/extra_interfaces/include/extra_interfaces/extra_interfaces/msg/detail/ready__type_support.h
[2.906s] -- Up-to-date: /home/strathvoyager/new_ws/install/extra_interfaces/include/extra_interfaces/extra_interfaces/msg/detail/detection__functions.c
[2.906s] -- Up-to-date: /home/strathvoyager/new_ws/install/extra_interfaces/include/extra_interfaces/extra_interfaces/msg/detail/photo__type_support.h
[2.907s] -- Up-to-date: /home/strathvoyager/new_ws/install/extra_interfaces/include/extra_interfaces/extra_interfaces/msg/detail/detection__type_support.h
[2.907s] -- Up-to-date: /home/strathvoyager/new_ws/install/extra_interfaces/include/extra_interfaces/extra_interfaces/msg/detail/photo__functions.h
[2.907s] -- Up-to-date: /home/strathvoyager/new_ws/install/extra_interfaces/include/extra_interfaces/extra_interfaces/msg/detail/detection__struct.h
[2.908s] -- Up-to-date: /home/strathvoyager/new_ws/install/extra_interfaces/include/extra_interfaces/extra_interfaces/msg/detail/ready__functions.h
[2.908s] -- Up-to-date: /home/strathvoyager/new_ws/install/extra_interfaces/include/extra_interfaces/extra_interfaces/msg/detail/detection__functions.h
[2.908s] -- Up-to-date: /home/strathvoyager/new_ws/install/extra_interfaces/include/extra_interfaces/extra_interfaces/msg/detail/ready__functions.c
[2.909s] -- Up-to-date: /home/strathvoyager/new_ws/install/extra_interfaces/include/extra_interfaces/extra_interfaces/msg/detail/photo__struct.h
[2.909s] -- Up-to-date: /home/strathvoyager/new_ws/install/extra_interfaces/include/extra_interfaces/extra_interfaces/msg/detail/ready__struct.h
[2.909s] -- Up-to-date: /home/strathvoyager/new_ws/install/extra_interfaces/include/extra_interfaces/extra_interfaces/msg/photo.h
[2.910s] -- Up-to-date: /home/strathvoyager/new_ws/install/extra_interfaces/include/extra_interfaces/extra_interfaces/msg/detection.h
[2.910s] -- Up-to-date: /home/strathvoyager/new_ws/install/extra_interfaces/include/extra_interfaces/extra_interfaces/msg/rosidl_generator_c__visibility_control.h
[2.910s] -- Up-to-date: /home/strathvoyager/new_ws/install/extra_interfaces/include/extra_interfaces/extra_interfaces/msg/ready.h
[2.911s] -- Up-to-date: /home/strathvoyager/new_ws/install/extra_interfaces/share/extra_interfaces/environment/library_path.sh
[2.911s] -- Installing: /home/strathvoyager/new_ws/install/extra_interfaces/share/extra_interfaces/environment/library_path.dsv
[2.911s] -- Up-to-date: /home/strathvoyager/new_ws/install/extra_interfaces/lib/libextra_interfaces__rosidl_generator_c.so
[2.911s] -- Up-to-date: /home/strathvoyager/new_ws/install/extra_interfaces/include/extra_interfaces/extra_interfaces
[2.912s] -- Up-to-date: /home/strathvoyager/new_ws/install/extra_interfaces/include/extra_interfaces/extra_interfaces/msg
[2.912s] -- Up-to-date: /home/strathvoyager/new_ws/install/extra_interfaces/include/extra_interfaces/extra_interfaces/msg/detail
[2.913s] -- Up-to-date: /home/strathvoyager/new_ws/install/extra_interfaces/include/extra_interfaces/extra_interfaces/msg/detail/detection__rosidl_typesupport_fastrtps_c.h
[2.913s] -- Up-to-date: /home/strathvoyager/new_ws/install/extra_interfaces/include/extra_interfaces/extra_interfaces/msg/detail/photo__rosidl_typesupport_fastrtps_c.h
[2.913s] -- Up-to-date: /home/strathvoyager/new_ws/install/extra_interfaces/include/extra_interfaces/extra_interfaces/msg/detail/ready__rosidl_typesupport_fastrtps_c.h
[2.913s] -- Up-to-date: /home/strathvoyager/new_ws/install/extra_interfaces/include/extra_interfaces/extra_interfaces/msg/rosidl_typesupport_fastrtps_c__visibility_control.h
[2.913s] -- Up-to-date: /home/strathvoyager/new_ws/install/extra_interfaces/lib/libextra_interfaces__rosidl_typesupport_fastrtps_c.so
[2.914s] -- Up-to-date: /home/strathvoyager/new_ws/install/extra_interfaces/include/extra_interfaces/extra_interfaces
[2.914s] -- Up-to-date: /home/strathvoyager/new_ws/install/extra_interfaces/include/extra_interfaces/extra_interfaces/msg
[2.914s] -- Up-to-date: /home/strathvoyager/new_ws/install/extra_interfaces/include/extra_interfaces/extra_interfaces/msg/detail
[2.914s] -- Up-to-date: /home/strathvoyager/new_ws/install/extra_interfaces/include/extra_interfaces/extra_interfaces/msg/detail/detection__rosidl_typesupport_introspection_c.h
[2.915s] -- Up-to-date: /home/strathvoyager/new_ws/install/extra_interfaces/include/extra_interfaces/extra_interfaces/msg/detail/photo__type_support.c
[2.915s] -- Up-to-date: /home/strathvoyager/new_ws/install/extra_interfaces/include/extra_interfaces/extra_interfaces/msg/detail/photo__rosidl_typesupport_introspection_c.h
[2.915s] -- Up-to-date: /home/strathvoyager/new_ws/install/extra_interfaces/include/extra_interfaces/extra_interfaces/msg/detail/ready__type_support.c
[2.915s] -- Up-to-date: /home/strathvoyager/new_ws/install/extra_interfaces/include/extra_interfaces/extra_interfaces/msg/detail/ready__rosidl_typesupport_introspection_c.h
[2.915s] -- Up-to-date: /home/strathvoyager/new_ws/install/extra_interfaces/include/extra_interfaces/extra_interfaces/msg/detail/detection__type_support.c
[2.916s] -- Up-to-date: /home/strathvoyager/new_ws/install/extra_interfaces/include/extra_interfaces/extra_interfaces/msg/rosidl_typesupport_introspection_c__visibility_control.h
[2.916s] -- Up-to-date: /home/strathvoyager/new_ws/install/extra_interfaces/lib/libextra_interfaces__rosidl_typesupport_introspection_c.so
[2.916s] -- Up-to-date: /home/strathvoyager/new_ws/install/extra_interfaces/lib/libextra_interfaces__rosidl_typesupport_c.so
[2.916s] -- Up-to-date: /home/strathvoyager/new_ws/install/extra_interfaces/include/extra_interfaces/extra_interfaces
[2.917s] -- Up-to-date: /home/strathvoyager/new_ws/install/extra_interfaces/include/extra_interfaces/extra_interfaces/msg
[2.917s] -- Up-to-date: /home/strathvoyager/new_ws/install/extra_interfaces/include/extra_interfaces/extra_interfaces/msg/photo.hpp
[2.917s] -- Up-to-date: /home/strathvoyager/new_ws/install/extra_interfaces/include/extra_interfaces/extra_interfaces/msg/rosidl_generator_cpp__visibility_control.hpp
[2.917s] -- Up-to-date: /home/strathvoyager/new_ws/install/extra_interfaces/include/extra_interfaces/extra_interfaces/msg/detail
[2.917s] -- Up-to-date: /home/strathvoyager/new_ws/install/extra_interfaces/include/extra_interfaces/extra_interfaces/msg/detail/detection__builder.hpp
[2.918s] -- Up-to-date: /home/strathvoyager/new_ws/install/extra_interfaces/include/extra_interfaces/extra_interfaces/msg/detail/photo__traits.hpp
[2.918s] -- Up-to-date: /home/strathvoyager/new_ws/install/extra_interfaces/include/extra_interfaces/extra_interfaces/msg/detail/photo__builder.hpp
[2.918s] -- Up-to-date: /home/strathvoyager/new_ws/install/extra_interfaces/include/extra_interfaces/extra_interfaces/msg/detail/ready__type_support.hpp
[2.918s] -- Up-to-date: /home/strathvoyager/new_ws/install/extra_interfaces/include/extra_interfaces/extra_interfaces/msg/detail/detection__struct.hpp
[2.918s] -- Up-to-date: /home/strathvoyager/new_ws/install/extra_interfaces/include/extra_interfaces/extra_interfaces/msg/detail/photo__type_support.hpp
[2.919s] -- Up-to-date: /home/strathvoyager/new_ws/install/extra_interfaces/include/extra_interfaces/extra_interfaces/msg/detail/ready__builder.hpp
[2.919s] -- Up-to-date: /home/strathvoyager/new_ws/install/extra_interfaces/include/extra_interfaces/extra_interfaces/msg/detail/detection__type_support.hpp
[2.919s] -- Up-to-date: /home/strathvoyager/new_ws/install/extra_interfaces/include/extra_interfaces/extra_interfaces/msg/detail/ready__traits.hpp
[2.919s] -- Up-to-date: /home/strathvoyager/new_ws/install/extra_interfaces/include/extra_interfaces/extra_interfaces/msg/detail/ready__struct.hpp
[2.920s] -- Up-to-date: /home/strathvoyager/new_ws/install/extra_interfaces/include/extra_interfaces/extra_interfaces/msg/detail/detection__traits.hpp
[2.920s] -- Up-to-date: /home/strathvoyager/new_ws/install/extra_interfaces/include/extra_interfaces/extra_interfaces/msg/detail/photo__struct.hpp
[2.920s] -- Up-to-date: /home/strathvoyager/new_ws/install/extra_interfaces/include/extra_interfaces/extra_interfaces/msg/ready.hpp
[2.920s] -- Up-to-date: /home/strathvoyager/new_ws/install/extra_interfaces/include/extra_interfaces/extra_interfaces/msg/detection.hpp
[2.920s] -- Up-to-date: /home/strathvoyager/new_ws/install/extra_interfaces/include/extra_interfaces/extra_interfaces
[2.921s] -- Up-to-date: /home/strathvoyager/new_ws/install/extra_interfaces/include/extra_interfaces/extra_interfaces/msg
[2.921s] -- Up-to-date: /home/strathvoyager/new_ws/install/extra_interfaces/include/extra_interfaces/extra_interfaces/msg/detail
[2.921s] -- Up-to-date: /home/strathvoyager/new_ws/install/extra_interfaces/include/extra_interfaces/extra_interfaces/msg/detail/dds_fastrtps
[2.921s] -- Up-to-date: /home/strathvoyager/new_ws/install/extra_interfaces/include/extra_interfaces/extra_interfaces/msg/detail/detection__rosidl_typesupport_fastrtps_cpp.hpp
[2.921s] -- Up-to-date: /home/strathvoyager/new_ws/install/extra_interfaces/include/extra_interfaces/extra_interfaces/msg/detail/ready__rosidl_typesupport_fastrtps_cpp.hpp
[2.922s] -- Up-to-date: /home/strathvoyager/new_ws/install/extra_interfaces/include/extra_interfaces/extra_interfaces/msg/detail/photo__rosidl_typesupport_fastrtps_cpp.hpp
[2.922s] -- Up-to-date: /home/strathvoyager/new_ws/install/extra_interfaces/include/extra_interfaces/extra_interfaces/msg/rosidl_typesupport_fastrtps_cpp__visibility_control.h
[2.922s] -- Up-to-date: /home/strathvoyager/new_ws/install/extra_interfaces/lib/libextra_interfaces__rosidl_typesupport_fastrtps_cpp.so
[2.922s] -- Up-to-date: /home/strathvoyager/new_ws/install/extra_interfaces/include/extra_interfaces/extra_interfaces
[2.923s] -- Up-to-date: /home/strathvoyager/new_ws/install/extra_interfaces/include/extra_interfaces/extra_interfaces/msg
[2.923s] -- Up-to-date: /home/strathvoyager/new_ws/install/extra_interfaces/include/extra_interfaces/extra_interfaces/msg/detail
[2.923s] -- Up-to-date: /home/strathvoyager/new_ws/install/extra_interfaces/include/extra_interfaces/extra_interfaces/msg/detail/photo__type_support.cpp
[2.923s] -- Up-to-date: /home/strathvoyager/new_ws/install/extra_interfaces/include/extra_interfaces/extra_interfaces/msg/detail/detection__type_support.cpp
[2.923s] -- Up-to-date: /home/strathvoyager/new_ws/install/extra_interfaces/include/extra_interfaces/extra_interfaces/msg/detail/ready__type_support.cpp
[2.924s] -- Up-to-date: /home/strathvoyager/new_ws/install/extra_interfaces/include/extra_interfaces/extra_interfaces/msg/detail/ready__rosidl_typesupport_introspection_cpp.hpp
[2.924s] -- Up-to-date: /home/strathvoyager/new_ws/install/extra_interfaces/include/extra_interfaces/extra_interfaces/msg/detail/detection__rosidl_typesupport_introspection_cpp.hpp
[2.924s] -- Up-to-date: /home/strathvoyager/new_ws/install/extra_interfaces/include/extra_interfaces/extra_interfaces/msg/detail/photo__rosidl_typesupport_introspection_cpp.hpp
[2.924s] -- Up-to-date: /home/strathvoyager/new_ws/install/extra_interfaces/lib/libextra_interfaces__rosidl_typesupport_introspection_cpp.so
[2.925s] -- Up-to-date: /home/strathvoyager/new_ws/install/extra_interfaces/lib/libextra_interfaces__rosidl_typesupport_cpp.so
[2.925s] -- Up-to-date: /home/strathvoyager/new_ws/install/extra_interfaces/share/extra_interfaces/environment/pythonpath.sh
[2.925s] -- Installing: /home/strathvoyager/new_ws/install/extra_interfaces/share/extra_interfaces/environment/pythonpath.dsv
[2.925s] -- Up-to-date: /home/strathvoyager/new_ws/install/extra_interfaces/local/lib/python3.10/dist-packages/extra_interfaces-0.0.0-py3.10.egg-info
[2.925s] -- Installing: /home/strathvoyager/new_ws/install/extra_interfaces/local/lib/python3.10/dist-packages/extra_interfaces-0.0.0-py3.10.egg-info/SOURCES.txt
[2.926s] -- Installing: /home/strathvoyager/new_ws/install/extra_interfaces/local/lib/python3.10/dist-packages/extra_interfaces-0.0.0-py3.10.egg-info/PKG-INFO
[2.926s] -- Installing: /home/strathvoyager/new_ws/install/extra_interfaces/local/lib/python3.10/dist-packages/extra_interfaces-0.0.0-py3.10.egg-info/dependency_links.txt
[2.926s] -- Installing: /home/strathvoyager/new_ws/install/extra_interfaces/local/lib/python3.10/dist-packages/extra_interfaces-0.0.0-py3.10.egg-info/top_level.txt
[2.926s] -- Up-to-date: /home/strathvoyager/new_ws/install/extra_interfaces/local/lib/python3.10/dist-packages/extra_interfaces
[2.926s] -- Up-to-date: /home/strathvoyager/new_ws/install/extra_interfaces/local/lib/python3.10/dist-packages/extra_interfaces/libextra_interfaces__rosidl_generator_py.so
[2.927s] -- Up-to-date: /home/strathvoyager/new_ws/install/extra_interfaces/local/lib/python3.10/dist-packages/extra_interfaces/extra_interfaces_s__rosidl_typesupport_fastrtps_c.cpython-310-aarch64-linux-gnu.so
[2.927s] -- Up-to-date: /home/strathvoyager/new_ws/install/extra_interfaces/local/lib/python3.10/dist-packages/extra_interfaces/_extra_interfaces_s.ep.rosidl_typesupport_introspection_c.c
[2.927s] -- Up-to-date: /home/strathvoyager/new_ws/install/extra_interfaces/local/lib/python3.10/dist-packages/extra_interfaces/msg
[2.927s] -- Up-to-date: /home/strathvoyager/new_ws/install/extra_interfaces/local/lib/python3.10/dist-packages/extra_interfaces/msg/_detection.py
[2.928s] -- Up-to-date: /home/strathvoyager/new_ws/install/extra_interfaces/local/lib/python3.10/dist-packages/extra_interfaces/msg/_detection_s.c
[2.928s] -- Up-to-date: /home/strathvoyager/new_ws/install/extra_interfaces/local/lib/python3.10/dist-packages/extra_interfaces/msg/__init__.py
[2.928s] -- Up-to-date: /home/strathvoyager/new_ws/install/extra_interfaces/local/lib/python3.10/dist-packages/extra_interfaces/msg/_ready.py
[2.928s] -- Up-to-date: /home/strathvoyager/new_ws/install/extra_interfaces/local/lib/python3.10/dist-packages/extra_interfaces/msg/_photo.py
[2.928s] -- Up-to-date: /home/strathvoyager/new_ws/install/extra_interfaces/local/lib/python3.10/dist-packages/extra_interfaces/msg/_photo_s.c
[2.929s] -- Up-to-date: /home/strathvoyager/new_ws/install/extra_interfaces/local/lib/python3.10/dist-packages/extra_interfaces/msg/_ready_s.c
[2.929s] -- Up-to-date: /home/strathvoyager/new_ws/install/extra_interfaces/local/lib/python3.10/dist-packages/extra_interfaces/extra_interfaces_s__rosidl_typesupport_c.cpython-310-aarch64-linux-gnu.so
[2.929s] -- Installing: /home/strathvoyager/new_ws/install/extra_interfaces/local/lib/python3.10/dist-packages/extra_interfaces/__init__.py
[2.929s] -- Up-to-date: /home/strathvoyager/new_ws/install/extra_interfaces/local/lib/python3.10/dist-packages/extra_interfaces/_extra_interfaces_s.ep.rosidl_typesupport_fastrtps_c.c
[2.929s] -- Up-to-date: /home/strathvoyager/new_ws/install/extra_interfaces/local/lib/python3.10/dist-packages/extra_interfaces/extra_interfaces_s__rosidl_typesupport_introspection_c.cpython-310-aarch64-linux-gnu.so
[2.930s] -- Up-to-date: /home/strathvoyager/new_ws/install/extra_interfaces/local/lib/python3.10/dist-packages/extra_interfaces/_extra_interfaces_s.ep.rosidl_typesupport_c.c
[2.965s] Listing '/home/strathvoyager/new_ws/install/extra_interfaces/local/lib/python3.10/dist-packages/extra_interfaces'...
[2.966s] Compiling '/home/strathvoyager/new_ws/install/extra_interfaces/local/lib/python3.10/dist-packages/extra_interfaces/__init__.py'...
[2.966s] Listing '/home/strathvoyager/new_ws/install/extra_interfaces/local/lib/python3.10/dist-packages/extra_interfaces/msg'...
[2.973s] -- Up-to-date: /home/strathvoyager/new_ws/install/extra_interfaces/local/lib/python3.10/dist-packages/extra_interfaces/extra_interfaces_s__rosidl_typesupport_fastrtps_c.cpython-310-aarch64-linux-gnu.so
[2.973s] -- Up-to-date: /home/strathvoyager/new_ws/install/extra_interfaces/local/lib/python3.10/dist-packages/extra_interfaces/extra_interfaces_s__rosidl_typesupport_introspection_c.cpython-310-aarch64-linux-gnu.so
[2.973s] -- Up-to-date: /home/strathvoyager/new_ws/install/extra_interfaces/local/lib/python3.10/dist-packages/extra_interfaces/extra_interfaces_s__rosidl_typesupport_c.cpython-310-aarch64-linux-gnu.so
[2.974s] -- Up-to-date: /home/strathvoyager/new_ws/install/extra_interfaces/lib/libextra_interfaces__rosidl_generator_py.so
[2.974s] -- Up-to-date: /home/strathvoyager/new_ws/install/extra_interfaces/share/extra_interfaces/msg/Photo.idl
[2.975s] -- Up-to-date: /home/strathvoyager/new_ws/install/extra_interfaces/share/extra_interfaces/msg/Ready.idl
[2.975s] -- Up-to-date: /home/strathvoyager/new_ws/install/extra_interfaces/share/extra_interfaces/msg/Detection.idl
[2.975s] -- Up-to-date: /home/strathvoyager/new_ws/install/extra_interfaces/share/extra_interfaces/msg/Photo.msg
[2.975s] -- Up-to-date: /home/strathvoyager/new_ws/install/extra_interfaces/share/extra_interfaces/msg/Ready.msg
[2.976s] -- Up-to-date: /home/strathvoyager/new_ws/install/extra_interfaces/share/extra_interfaces/msg/Detection.msg
[2.976s] -- Up-to-date: /home/strathvoyager/new_ws/install/extra_interfaces/share/ament_index/resource_index/package_run_dependencies/extra_interfaces
[2.976s] -- Up-to-date: /home/strathvoyager/new_ws/install/extra_interfaces/share/ament_index/resource_index/parent_prefix_path/extra_interfaces
[2.977s] -- Up-to-date: /home/strathvoyager/new_ws/install/extra_interfaces/share/extra_interfaces/environment/ament_prefix_path.sh
[2.977s] -- Installing: /home/strathvoyager/new_ws/install/extra_interfaces/share/extra_interfaces/environment/ament_prefix_path.dsv
[2.977s] -- Up-to-date: /home/strathvoyager/new_ws/install/extra_interfaces/share/extra_interfaces/environment/path.sh
[2.977s] -- Installing: /home/strathvoyager/new_ws/install/extra_interfaces/share/extra_interfaces/environment/path.dsv
[2.977s] -- Up-to-date: /home/strathvoyager/new_ws/install/extra_interfaces/share/extra_interfaces/local_setup.bash
[2.977s] -- Up-to-date: /home/strathvoyager/new_ws/install/extra_interfaces/share/extra_interfaces/local_setup.sh
[2.978s] -- Up-to-date: /home/strathvoyager/new_ws/install/extra_interfaces/share/extra_interfaces/local_setup.zsh
[2.978s] -- Installing: /home/strathvoyager/new_ws/install/extra_interfaces/share/extra_interfaces/local_setup.dsv
[2.978s] -- Installing: /home/strathvoyager/new_ws/install/extra_interfaces/share/extra_interfaces/package.dsv
[2.978s] -- Up-to-date: /home/strathvoyager/new_ws/install/extra_interfaces/share/ament_index/resource_index/packages/extra_interfaces
[2.978s] -- Up-to-date: /home/strathvoyager/new_ws/install/extra_interfaces/share/extra_interfaces/cmake/export_extra_interfaces__rosidl_generator_cExport.cmake
[2.978s] -- Up-to-date: /home/strathvoyager/new_ws/install/extra_interfaces/share/extra_interfaces/cmake/export_extra_interfaces__rosidl_generator_cExport-noconfig.cmake
[2.978s] -- Up-to-date: /home/strathvoyager/new_ws/install/extra_interfaces/share/extra_interfaces/cmake/export_extra_interfaces__rosidl_typesupport_fastrtps_cExport.cmake
[2.978s] -- Up-to-date: /home/strathvoyager/new_ws/install/extra_interfaces/share/extra_interfaces/cmake/export_extra_interfaces__rosidl_typesupport_fastrtps_cExport-noconfig.cmake
[2.978s] -- Up-to-date: /home/strathvoyager/new_ws/install/extra_interfaces/share/extra_interfaces/cmake/extra_interfaces__rosidl_typesupport_introspection_cExport.cmake
[2.979s] -- Up-to-date: /home/strathvoyager/new_ws/install/extra_interfaces/share/extra_interfaces/cmake/extra_interfaces__rosidl_typesupport_introspection_cExport-noconfig.cmake
[2.979s] -- Up-to-date: /home/strathvoyager/new_ws/install/extra_interfaces/share/extra_interfaces/cmake/extra_interfaces__rosidl_typesupport_cExport.cmake
[2.979s] -- Up-to-date: /home/strathvoyager/new_ws/install/extra_interfaces/share/extra_interfaces/cmake/extra_interfaces__rosidl_typesupport_cExport-noconfig.cmake
[2.979s] -- Up-to-date: /home/strathvoyager/new_ws/install/extra_interfaces/share/extra_interfaces/cmake/export_extra_interfaces__rosidl_generator_cppExport.cmake
[2.979s] -- Up-to-date: /home/strathvoyager/new_ws/install/extra_interfaces/share/extra_interfaces/cmake/export_extra_interfaces__rosidl_typesupport_fastrtps_cppExport.cmake
[2.979s] -- Up-to-date: /home/strathvoyager/new_ws/install/extra_interfaces/share/extra_interfaces/cmake/export_extra_interfaces__rosidl_typesupport_fastrtps_cppExport-noconfig.cmake
[2.980s] -- Up-to-date: /home/strathvoyager/new_ws/install/extra_interfaces/share/extra_interfaces/cmake/extra_interfaces__rosidl_typesupport_introspection_cppExport.cmake
[2.980s] -- Up-to-date: /home/strathvoyager/new_ws/install/extra_interfaces/share/extra_interfaces/cmake/extra_interfaces__rosidl_typesupport_introspection_cppExport-noconfig.cmake
[2.980s] -- Up-to-date: /home/strathvoyager/new_ws/install/extra_interfaces/share/extra_interfaces/cmake/extra_interfaces__rosidl_typesupport_cppExport.cmake
[2.981s] -- Up-to-date: /home/strathvoyager/new_ws/install/extra_interfaces/share/extra_interfaces/cmake/extra_interfaces__rosidl_typesupport_cppExport-noconfig.cmake
[2.981s] -- Up-to-date: /home/strathvoyager/new_ws/install/extra_interfaces/share/extra_interfaces/cmake/export_extra_interfaces__rosidl_generator_pyExport.cmake
[2.981s] -- Up-to-date: /home/strathvoyager/new_ws/install/extra_interfaces/share/extra_interfaces/cmake/export_extra_interfaces__rosidl_generator_pyExport-noconfig.cmake
[2.981s] -- Up-to-date: /home/strathvoyager/new_ws/install/extra_interfaces/share/extra_interfaces/cmake/rosidl_cmake-extras.cmake
[2.981s] -- Up-to-date: /home/strathvoyager/new_ws/install/extra_interfaces/share/extra_interfaces/cmake/ament_cmake_export_include_directories-extras.cmake
[2.982s] -- Up-to-date: /home/strathvoyager/new_ws/install/extra_interfaces/share/extra_interfaces/cmake/ament_cmake_export_libraries-extras.cmake
[2.982s] -- Up-to-date: /home/strathvoyager/new_ws/install/extra_interfaces/share/extra_interfaces/cmake/ament_cmake_export_targets-extras.cmake
[2.982s] -- Up-to-date: /home/strathvoyager/new_ws/install/extra_interfaces/share/extra_interfaces/cmake/rosidl_cmake_export_typesupport_targets-extras.cmake
[2.982s] -- Up-to-date: /home/strathvoyager/new_ws/install/extra_interfaces/share/extra_interfaces/cmake/ament_cmake_export_dependencies-extras.cmake
[2.983s] -- Up-to-date: /home/strathvoyager/new_ws/install/extra_interfaces/share/extra_interfaces/cmake/rosidl_cmake_export_typesupport_libraries-extras.cmake
[2.984s] -- Up-to-date: /home/strathvoyager/new_ws/install/extra_interfaces/share/extra_interfaces/cmake/extra_interfacesConfig.cmake
[2.985s] -- Up-to-date: /home/strathvoyager/new_ws/install/extra_interfaces/share/extra_interfaces/cmake/extra_interfacesConfig-version.cmake
[2.986s] -- Installing: /home/strathvoyager/new_ws/install/extra_interfaces/share/extra_interfaces/package.xml
[2.987s] Invoked command in '/home/strathvoyager/new_ws/build/extra_interfaces' returned '0': CMAKE_PREFIX_PATH=${CMAKE_PREFIX_PATH}:/home/strathvoyager/new_ws/install/computer_vision:/opt/ros/humble /usr/bin/cmake --install /home/strathvoyager/new_ws/build/extra_interfaces
