[0.214s] DEBUG:colcon:Command line arguments: ['/usr/bin/colcon', 'build']
[0.214s] DEBUG:colcon:Parsed command line arguments: Namespace(log_base=None, log_level=None, verb_name='build', build_base='build', install_base='install', merge_install=False, symlink_install=False, test_result_base=None, continue_on_error=False, executor='parallel', parallel_workers=12, event_handlers=None, ignore_user_meta=False, metas=['./colcon.meta'], base_paths=['.'], packages_ignore=None, packages_ignore_regex=None, paths=None, packages_up_to=None, packages_up_to_regex=None, packages_above=None, packages_above_and_dependencies=None, packages_above_depth=None, packages_select_by_dep=None, packages_skip_by_dep=None, packages_skip_up_to=None, packages_select_build_failed=False, packages_skip_build_finished=False, packages_select_test_failures=False, packages_skip_test_passed=False, packages_select=None, packages_skip=None, packages_select_regex=None, packages_skip_regex=None, packages_start=None, packages_end=None, allow_overriding=[], cmake_args=None, cmake_target=None, cmake_target_skip_unavailable=False, cmake_clean_cache=False, cmake_clean_first=False, cmake_force_configure=False, ament_cmake_args=None, catkin_cmake_args=None, catkin_skip_building_tests=False, mixin_files=None, mixin=None, verb_parser=<colcon_mixin.mixin.mixin_argument.MixinArgumentDecorator object at 0xffffbb0231c0>, verb_extension=<colcon_core.verb.build.BuildVerb object at 0xffffbb022560>, main=<bound method BuildVerb.main of <colcon_core.verb.build.BuildVerb object at 0xffffbb022560>>, mixin_verb=('build',))
[0.496s] Level 1:colcon.colcon_core.package_discovery:discover_packages(colcon_meta) check parameters
[0.496s] Level 1:colcon.colcon_core.package_discovery:discover_packages(recursive) check parameters
[0.496s] Level 1:colcon.colcon_core.package_discovery:discover_packages(ignore) check parameters
[0.496s] Level 1:colcon.colcon_core.package_discovery:discover_packages(path) check parameters
[0.496s] Level 1:colcon.colcon_core.package_discovery:discover_packages(colcon_meta) discover
[0.496s] Level 1:colcon.colcon_core.package_discovery:discover_packages(recursive) discover
[0.496s] INFO:colcon.colcon_core.package_discovery:Crawling recursively for packages in '/home/strathvoyager/new_ws/src'
[0.496s] Level 1:colcon.colcon_core.package_identification:_identify(.) by extensions ['ignore', 'ignore_ament_install']
[0.497s] Level 1:colcon.colcon_core.package_identification:_identify(.) by extension 'ignore'
[0.497s] Level 1:colcon.colcon_core.package_identification:_identify(.) by extension 'ignore_ament_install'
[0.497s] Level 1:colcon.colcon_core.package_identification:_identify(.) by extensions ['colcon_pkg']
[0.497s] Level 1:colcon.colcon_core.package_identification:_identify(.) by extension 'colcon_pkg'
[0.497s] Level 1:colcon.colcon_core.package_identification:_identify(.) by extensions ['colcon_meta']
[0.497s] Level 1:colcon.colcon_core.package_identification:_identify(.) by extension 'colcon_meta'
[0.497s] Level 1:colcon.colcon_core.package_identification:_identify(.) by extensions ['ros']
[0.497s] Level 1:colcon.colcon_core.package_identification:_identify(.) by extension 'ros'
[0.513s] Level 1:colcon.colcon_core.package_identification:_identify(.) by extensions ['cmake', 'python']
[0.513s] Level 1:colcon.colcon_core.package_identification:_identify(.) by extension 'cmake'
[0.513s] Level 1:colcon.colcon_core.package_identification:_identify(.) by extension 'python'
[0.513s] Level 1:colcon.colcon_core.package_identification:_identify(.) by extensions ['python_setup_py']
[0.513s] Level 1:colcon.colcon_core.package_identification:_identify(.) by extension 'python_setup_py'
[0.513s] Level 1:colcon.colcon_core.package_identification:_identify(__pycache__) by extensions ['ignore', 'ignore_ament_install']
[0.514s] Level 1:colcon.colcon_core.package_identification:_identify(__pycache__) by extension 'ignore'
[0.514s] Level 1:colcon.colcon_core.package_identification:_identify(__pycache__) by extension 'ignore_ament_install'
[0.514s] Level 1:colcon.colcon_core.package_identification:_identify(__pycache__) by extensions ['colcon_pkg']
[0.514s] Level 1:colcon.colcon_core.package_identification:_identify(__pycache__) by extension 'colcon_pkg'
[0.514s] Level 1:colcon.colcon_core.package_identification:_identify(__pycache__) by extensions ['colcon_meta']
[0.514s] Level 1:colcon.colcon_core.package_identification:_identify(__pycache__) by extension 'colcon_meta'
[0.514s] Level 1:colcon.colcon_core.package_identification:_identify(__pycache__) by extensions ['ros']
[0.514s] Level 1:colcon.colcon_core.package_identification:_identify(__pycache__) by extension 'ros'
[0.514s] Level 1:colcon.colcon_core.package_identification:_identify(__pycache__) by extensions ['cmake', 'python']
[0.514s] Level 1:colcon.colcon_core.package_identification:_identify(__pycache__) by extension 'cmake'
[0.514s] Level 1:colcon.colcon_core.package_identification:_identify(__pycache__) by extension 'python'
[0.514s] Level 1:colcon.colcon_core.package_identification:_identify(__pycache__) by extensions ['python_setup_py']
[0.514s] Level 1:colcon.colcon_core.package_identification:_identify(__pycache__) by extension 'python_setup_py'
[0.515s] Level 1:colcon.colcon_core.package_identification:_identify(build) by extensions ['ignore', 'ignore_ament_install']
[0.515s] Level 1:colcon.colcon_core.package_identification:_identify(build) by extension 'ignore'
[0.515s] Level 1:colcon.colcon_core.package_identification:_identify(build) ignored
[0.515s] Level 1:colcon.colcon_core.package_identification:_identify(computer_vision) by extensions ['ignore', 'ignore_ament_install']
[0.515s] Level 1:colcon.colcon_core.package_identification:_identify(computer_vision) by extension 'ignore'
[0.515s] Level 1:colcon.colcon_core.package_identification:_identify(computer_vision) by extension 'ignore_ament_install'
[0.515s] Level 1:colcon.colcon_core.package_identification:_identify(computer_vision) by extensions ['colcon_pkg']
[0.515s] Level 1:colcon.colcon_core.package_identification:_identify(computer_vision) by extension 'colcon_pkg'
[0.515s] Level 1:colcon.colcon_core.package_identification:_identify(computer_vision) by extensions ['colcon_meta']
[0.515s] Level 1:colcon.colcon_core.package_identification:_identify(computer_vision) by extension 'colcon_meta'
[0.516s] Level 1:colcon.colcon_core.package_identification:_identify(computer_vision) by extensions ['ros']
[0.516s] Level 1:colcon.colcon_core.package_identification:_identify(computer_vision) by extension 'ros'
[0.520s] DEBUG:colcon.colcon_core.package_identification:Package 'computer_vision' with type 'ros.ament_python' and name 'computer_vision'
[0.520s] Level 1:colcon.colcon_core.package_identification:_identify(extra_interfaces) by extensions ['ignore', 'ignore_ament_install']
[0.520s] Level 1:colcon.colcon_core.package_identification:_identify(extra_interfaces) by extension 'ignore'
[0.520s] Level 1:colcon.colcon_core.package_identification:_identify(extra_interfaces) by extension 'ignore_ament_install'
[0.520s] Level 1:colcon.colcon_core.package_identification:_identify(extra_interfaces) by extensions ['colcon_pkg']
[0.520s] Level 1:colcon.colcon_core.package_identification:_identify(extra_interfaces) by extension 'colcon_pkg'
[0.520s] Level 1:colcon.colcon_core.package_identification:_identify(extra_interfaces) by extensions ['colcon_meta']
[0.520s] Level 1:colcon.colcon_core.package_identification:_identify(extra_interfaces) by extension 'colcon_meta'
[0.521s] Level 1:colcon.colcon_core.package_identification:_identify(extra_interfaces) by extensions ['ros']
[0.521s] Level 1:colcon.colcon_core.package_identification:_identify(extra_interfaces) by extension 'ros'
[0.521s] DEBUG:colcon.colcon_core.package_identification:Package 'extra_interfaces' with type 'ros.ament_cmake' and name 'extra_interfaces'
[0.521s] Level 1:colcon.colcon_core.package_identification:_identify(install) by extensions ['ignore', 'ignore_ament_install']
[0.522s] Level 1:colcon.colcon_core.package_identification:_identify(install) by extension 'ignore'
[0.522s] Level 1:colcon.colcon_core.package_identification:_identify(install) ignored
[0.522s] Level 1:colcon.colcon_core.package_identification:_identify(log) by extensions ['ignore', 'ignore_ament_install']
[0.522s] Level 1:colcon.colcon_core.package_identification:_identify(log) by extension 'ignore'
[0.522s] Level 1:colcon.colcon_core.package_identification:_identify(log) ignored
[0.522s] Level 1:colcon.colcon_core.package_discovery:discover_packages(recursive) using defaults
[0.522s] Level 1:colcon.colcon_core.package_discovery:discover_packages(ignore) discover
[0.522s] Level 1:colcon.colcon_core.package_discovery:discover_packages(ignore) using defaults
[0.522s] Level 1:colcon.colcon_core.package_discovery:discover_packages(path) discover
[0.522s] Level 1:colcon.colcon_core.package_discovery:discover_packages(path) using defaults
[0.576s] Level 1:colcon.colcon_core.package_discovery:discover_packages(prefix_path) check parameters
[0.576s] Level 1:colcon.colcon_core.package_discovery:discover_packages(prefix_path) discover
[0.581s] DEBUG:colcon.colcon_installed_package_information.package_discovery:Found 2 installed packages in /home/strathvoyager/new_ws/install
[0.582s] DEBUG:colcon.colcon_installed_package_information.package_discovery:Found 180 installed packages in /opt/ros/humble
[0.583s] Level 1:colcon.colcon_core.package_discovery:discover_packages(prefix_path) using defaults
[0.618s] Level 5:colcon.colcon_core.verb:set package 'computer_vision' build argument 'cmake_args' from command line to 'None'
[0.618s] Level 5:colcon.colcon_core.verb:set package 'computer_vision' build argument 'cmake_target' from command line to 'None'
[0.618s] Level 5:colcon.colcon_core.verb:set package 'computer_vision' build argument 'cmake_target_skip_unavailable' from command line to 'False'
[0.618s] Level 5:colcon.colcon_core.verb:set package 'computer_vision' build argument 'cmake_clean_cache' from command line to 'False'
[0.618s] Level 5:colcon.colcon_core.verb:set package 'computer_vision' build argument 'cmake_clean_first' from command line to 'False'
[0.618s] Level 5:colcon.colcon_core.verb:set package 'computer_vision' build argument 'cmake_force_configure' from command line to 'False'
[0.618s] Level 5:colcon.colcon_core.verb:set package 'computer_vision' build argument 'ament_cmake_args' from command line to 'None'
[0.618s] Level 5:colcon.colcon_core.verb:set package 'computer_vision' build argument 'catkin_cmake_args' from command line to 'None'
[0.618s] Level 5:colcon.colcon_core.verb:set package 'computer_vision' build argument 'catkin_skip_building_tests' from command line to 'False'
[0.618s] DEBUG:colcon.colcon_core.verb:Building package 'computer_vision' with the following arguments: {'ament_cmake_args': None, 'build_base': '/home/strathvoyager/new_ws/src/build/computer_vision', 'catkin_cmake_args': None, 'catkin_skip_building_tests': False, 'cmake_args': None, 'cmake_clean_cache': False, 'cmake_clean_first': False, 'cmake_force_configure': False, 'cmake_target': None, 'cmake_target_skip_unavailable': False, 'install_base': '/home/strathvoyager/new_ws/src/install/computer_vision', 'merge_install': False, 'path': '/home/strathvoyager/new_ws/src/computer_vision', 'symlink_install': False, 'test_result_base': None}
[0.618s] Level 5:colcon.colcon_core.verb:set package 'extra_interfaces' build argument 'cmake_args' from command line to 'None'
[0.619s] Level 5:colcon.colcon_core.verb:set package 'extra_interfaces' build argument 'cmake_target' from command line to 'None'
[0.619s] Level 5:colcon.colcon_core.verb:set package 'extra_interfaces' build argument 'cmake_target_skip_unavailable' from command line to 'False'
[0.619s] Level 5:colcon.colcon_core.verb:set package 'extra_interfaces' build argument 'cmake_clean_cache' from command line to 'False'
[0.619s] Level 5:colcon.colcon_core.verb:set package 'extra_interfaces' build argument 'cmake_clean_first' from command line to 'False'
[0.619s] Level 5:colcon.colcon_core.verb:set package 'extra_interfaces' build argument 'cmake_force_configure' from command line to 'False'
[0.619s] Level 5:colcon.colcon_core.verb:set package 'extra_interfaces' build argument 'ament_cmake_args' from command line to 'None'
[0.619s] Level 5:colcon.colcon_core.verb:set package 'extra_interfaces' build argument 'catkin_cmake_args' from command line to 'None'
[0.619s] Level 5:colcon.colcon_core.verb:set package 'extra_interfaces' build argument 'catkin_skip_building_tests' from command line to 'False'
[0.619s] DEBUG:colcon.colcon_core.verb:Building package 'extra_interfaces' with the following arguments: {'ament_cmake_args': None, 'build_base': '/home/strathvoyager/new_ws/src/build/extra_interfaces', 'catkin_cmake_args': None, 'catkin_skip_building_tests': False, 'cmake_args': None, 'cmake_clean_cache': False, 'cmake_clean_first': False, 'cmake_force_configure': False, 'cmake_target': None, 'cmake_target_skip_unavailable': False, 'install_base': '/home/strathvoyager/new_ws/src/install/extra_interfaces', 'merge_install': False, 'path': '/home/strathvoyager/new_ws/src/extra_interfaces', 'symlink_install': False, 'test_result_base': None}
[0.619s] INFO:colcon.colcon_core.executor:Executing jobs using 'parallel' executor
[0.621s] DEBUG:colcon.colcon_parallel_executor.executor.parallel:run_until_complete
[0.621s] INFO:colcon.colcon_ros.task.ament_python.build:Building ROS package in '/home/strathvoyager/new_ws/src/computer_vision' with build type 'ament_python'
[0.621s] Level 1:colcon.colcon_core.shell:create_environment_hook('computer_vision', 'ament_prefix_path')
[0.627s] INFO:colcon.colcon_core.plugin_system:Skipping extension 'colcon_core.shell.bat': Not used on non-Windows systems
[0.627s] INFO:colcon.colcon_core.shell:Creating environment hook '/home/strathvoyager/new_ws/src/install/computer_vision/share/computer_vision/hook/ament_prefix_path.ps1'
[0.629s] INFO:colcon.colcon_core.shell:Creating environment descriptor '/home/strathvoyager/new_ws/src/install/computer_vision/share/computer_vision/hook/ament_prefix_path.dsv'
[0.630s] INFO:colcon.colcon_core.shell:Creating environment hook '/home/strathvoyager/new_ws/src/install/computer_vision/share/computer_vision/hook/ament_prefix_path.sh'
[0.632s] INFO:colcon.colcon_core.shell:Skip shell extension 'powershell' for command environment: Not usable outside of PowerShell
[0.632s] DEBUG:colcon.colcon_core.shell:Skip shell extension 'dsv' for command environment
[0.636s] INFO:colcon.colcon_ros.task.ament_cmake.build:Building ROS package in '/home/strathvoyager/new_ws/src/extra_interfaces' with build type 'ament_cmake'
[0.636s] INFO:colcon.colcon_cmake.task.cmake.build:Building CMake package in '/home/strathvoyager/new_ws/src/extra_interfaces'
[0.637s] INFO:colcon.colcon_core.shell:Skip shell extension 'powershell' for command environment: Not usable outside of PowerShell
[0.637s] DEBUG:colcon.colcon_core.shell:Skip shell extension 'dsv' for command environment
[1.023s] INFO:colcon.colcon_core.task.python.build:Building Python package in '/home/strathvoyager/new_ws/src/computer_vision'
[1.024s] INFO:colcon.colcon_core.shell:Skip shell extension 'powershell' for command environment: Not usable outside of PowerShell
[1.024s] DEBUG:colcon.colcon_core.shell:Skip shell extension 'dsv' for command environment
[1.039s] DEBUG:colcon.colcon_core.event_handler.log_command:Invoking command in '/home/strathvoyager/new_ws/src/build/extra_interfaces': CMAKE_PREFIX_PATH=${CMAKE_PREFIX_PATH}:/home/strathvoyager/new_ws/install/computer_vision:/opt/ros/humble /usr/bin/cmake /home/strathvoyager/new_ws/src/extra_interfaces -DCMAKE_INSTALL_PREFIX=/home/strathvoyager/new_ws/src/install/extra_interfaces
[1.786s] DEBUG:colcon.colcon_core.event_handler.log_command:Invoking command in '/home/strathvoyager/new_ws/src/computer_vision': PYTHONPATH=/home/strathvoyager/new_ws/src/build/computer_vision/prefix_override:/usr/lib/python3/dist-packages/colcon_core/task/python/colcon_distutils_commands:/home/strathvoyager/new_ws/src/install/computer_vision/lib/python3.10/site-packages:${PYTHONPATH} /usr/bin/python3 -W ignore:setup.py install is deprecated -W ignore:easy_install command is deprecated setup.py egg_info --egg-base ../build/computer_vision build --build-base /home/strathvoyager/new_ws/src/build/computer_vision/build install --record /home/strathvoyager/new_ws/src/build/computer_vision/install.log --single-version-externally-managed install_data
[2.239s] DEBUG:colcon.colcon_core.event_handler.log_command:Invoked command in '/home/strathvoyager/new_ws/src/computer_vision' returned '0': PYTHONPATH=/home/strathvoyager/new_ws/src/build/computer_vision/prefix_override:/usr/lib/python3/dist-packages/colcon_core/task/python/colcon_distutils_commands:/home/strathvoyager/new_ws/src/install/computer_vision/lib/python3.10/site-packages:${PYTHONPATH} /usr/bin/python3 -W ignore:setup.py install is deprecated -W ignore:easy_install command is deprecated setup.py egg_info --egg-base ../build/computer_vision build --build-base /home/strathvoyager/new_ws/src/build/computer_vision/build install --record /home/strathvoyager/new_ws/src/build/computer_vision/install.log --single-version-externally-managed install_data
[2.253s] Level 1:colcon.colcon_core.environment:checking '/home/strathvoyager/new_ws/src/install/computer_vision' for CMake module files
[2.255s] Level 1:colcon.colcon_core.environment:checking '/home/strathvoyager/new_ws/src/install/computer_vision' for CMake config files
[2.257s] Level 1:colcon.colcon_core.environment:checking '/home/strathvoyager/new_ws/src/install/computer_vision/lib'
[2.257s] Level 1:colcon.colcon_core.environment:checking '/home/strathvoyager/new_ws/src/install/computer_vision/bin'
[2.258s] Level 1:colcon.colcon_core.environment:checking '/home/strathvoyager/new_ws/src/install/computer_vision/lib/pkgconfig/computer_vision.pc'
[2.259s] Level 1:colcon.colcon_core.environment:checking '/home/strathvoyager/new_ws/src/install/computer_vision/lib/python3.10/site-packages'
[2.259s] Level 1:colcon.colcon_core.shell:create_environment_hook('computer_vision', 'pythonpath')
[2.260s] INFO:colcon.colcon_core.shell:Creating environment hook '/home/strathvoyager/new_ws/src/install/computer_vision/share/computer_vision/hook/pythonpath.ps1'
[2.261s] INFO:colcon.colcon_core.shell:Creating environment descriptor '/home/strathvoyager/new_ws/src/install/computer_vision/share/computer_vision/hook/pythonpath.dsv'
[2.262s] INFO:colcon.colcon_core.shell:Creating environment hook '/home/strathvoyager/new_ws/src/install/computer_vision/share/computer_vision/hook/pythonpath.sh'
[2.264s] Level 1:colcon.colcon_core.environment:checking '/home/strathvoyager/new_ws/src/install/computer_vision/bin'
[2.264s] Level 1:colcon.colcon_core.environment:create_environment_scripts_only(computer_vision)
[2.265s] INFO:colcon.colcon_core.shell:Creating package script '/home/strathvoyager/new_ws/src/install/computer_vision/share/computer_vision/package.ps1'
[2.269s] INFO:colcon.colcon_core.shell:Creating package descriptor '/home/strathvoyager/new_ws/src/install/computer_vision/share/computer_vision/package.dsv'
[2.271s] INFO:colcon.colcon_core.shell:Creating package script '/home/strathvoyager/new_ws/src/install/computer_vision/share/computer_vision/package.sh'
[2.274s] INFO:colcon.colcon_core.shell:Creating package script '/home/strathvoyager/new_ws/src/install/computer_vision/share/computer_vision/package.bash'
[2.278s] INFO:colcon.colcon_core.shell:Creating package script '/home/strathvoyager/new_ws/src/install/computer_vision/share/computer_vision/package.zsh'
[2.281s] Level 1:colcon.colcon_core.environment:create_file_with_runtime_dependencies(/home/strathvoyager/new_ws/src/install/computer_vision/share/colcon-core/packages/computer_vision)
[4.020s] DEBUG:colcon.colcon_core.event_handler.log_command:Invoked command in '/home/strathvoyager/new_ws/src/build/extra_interfaces' returned '0': CMAKE_PREFIX_PATH=${CMAKE_PREFIX_PATH}:/home/strathvoyager/new_ws/install/computer_vision:/opt/ros/humble /usr/bin/cmake /home/strathvoyager/new_ws/src/extra_interfaces -DCMAKE_INSTALL_PREFIX=/home/strathvoyager/new_ws/src/install/extra_interfaces
[4.026s] DEBUG:colcon.colcon_core.event_handler.log_command:Invoking command in '/home/strathvoyager/new_ws/src/build/extra_interfaces': CMAKE_PREFIX_PATH=${CMAKE_PREFIX_PATH}:/home/strathvoyager/new_ws/install/computer_vision:/opt/ros/humble /usr/bin/cmake --build /home/strathvoyager/new_ws/src/build/extra_interfaces -- -j12 -l12
[7.391s] DEBUG:colcon.colcon_core.event_handler.log_command:Invoked command in '/home/strathvoyager/new_ws/src/build/extra_interfaces' returned '0': CMAKE_PREFIX_PATH=${CMAKE_PREFIX_PATH}:/home/strathvoyager/new_ws/install/computer_vision:/opt/ros/humble /usr/bin/cmake --build /home/strathvoyager/new_ws/src/build/extra_interfaces -- -j12 -l12
[7.412s] DEBUG:colcon.colcon_core.event_handler.log_command:Invoking command in '/home/strathvoyager/new_ws/src/build/extra_interfaces': CMAKE_PREFIX_PATH=${CMAKE_PREFIX_PATH}:/home/strathvoyager/new_ws/install/computer_vision:/opt/ros/humble /usr/bin/cmake --install /home/strathvoyager/new_ws/src/build/extra_interfaces
[7.532s] Level 1:colcon.colcon_core.environment:create_environment_scripts_only(extra_interfaces)
[7.533s] Level 1:colcon.colcon_core.environment:checking '/home/strathvoyager/new_ws/src/install/extra_interfaces' for CMake module files
[7.535s] DEBUG:colcon.colcon_core.event_handler.log_command:Invoked command in '/home/strathvoyager/new_ws/src/build/extra_interfaces' returned '0': CMAKE_PREFIX_PATH=${CMAKE_PREFIX_PATH}:/home/strathvoyager/new_ws/install/computer_vision:/opt/ros/humble /usr/bin/cmake --install /home/strathvoyager/new_ws/src/build/extra_interfaces
[7.536s] Level 1:colcon.colcon_core.environment:checking '/home/strathvoyager/new_ws/src/install/extra_interfaces' for CMake config files
[7.537s] Level 1:colcon.colcon_core.shell:create_environment_hook('extra_interfaces', 'cmake_prefix_path')
[7.538s] INFO:colcon.colcon_core.shell:Creating environment hook '/home/strathvoyager/new_ws/src/install/extra_interfaces/share/extra_interfaces/hook/cmake_prefix_path.ps1'
[7.540s] INFO:colcon.colcon_core.shell:Creating environment descriptor '/home/strathvoyager/new_ws/src/install/extra_interfaces/share/extra_interfaces/hook/cmake_prefix_path.dsv'
[7.541s] INFO:colcon.colcon_core.shell:Creating environment hook '/home/strathvoyager/new_ws/src/install/extra_interfaces/share/extra_interfaces/hook/cmake_prefix_path.sh'
[7.543s] Level 1:colcon.colcon_core.environment:checking '/home/strathvoyager/new_ws/src/install/extra_interfaces/lib'
[7.544s] Level 1:colcon.colcon_core.shell:create_environment_hook('extra_interfaces', 'ld_library_path_lib')
[7.544s] INFO:colcon.colcon_core.shell:Creating environment hook '/home/strathvoyager/new_ws/src/install/extra_interfaces/share/extra_interfaces/hook/ld_library_path_lib.ps1'
[7.546s] INFO:colcon.colcon_core.shell:Creating environment descriptor '/home/strathvoyager/new_ws/src/install/extra_interfaces/share/extra_interfaces/hook/ld_library_path_lib.dsv'
[7.547s] INFO:colcon.colcon_core.shell:Creating environment hook '/home/strathvoyager/new_ws/src/install/extra_interfaces/share/extra_interfaces/hook/ld_library_path_lib.sh'
[7.548s] Level 1:colcon.colcon_core.environment:checking '/home/strathvoyager/new_ws/src/install/extra_interfaces/bin'
[7.549s] Level 1:colcon.colcon_core.environment:checking '/home/strathvoyager/new_ws/src/install/extra_interfaces/lib/pkgconfig/extra_interfaces.pc'
[7.549s] Level 1:colcon.colcon_core.environment:checking '/home/strathvoyager/new_ws/src/install/extra_interfaces/lib/python3.10/site-packages'
[7.550s] Level 1:colcon.colcon_core.environment:checking '/home/strathvoyager/new_ws/src/install/extra_interfaces/bin'
[7.551s] INFO:colcon.colcon_core.shell:Creating package script '/home/strathvoyager/new_ws/src/install/extra_interfaces/share/extra_interfaces/package.ps1'
[7.553s] INFO:colcon.colcon_core.shell:Creating package descriptor '/home/strathvoyager/new_ws/src/install/extra_interfaces/share/extra_interfaces/package.dsv'
[7.555s] INFO:colcon.colcon_core.shell:Creating package script '/home/strathvoyager/new_ws/src/install/extra_interfaces/share/extra_interfaces/package.sh'
[7.556s] INFO:colcon.colcon_core.shell:Creating package script '/home/strathvoyager/new_ws/src/install/extra_interfaces/share/extra_interfaces/package.bash'
[7.558s] INFO:colcon.colcon_core.shell:Creating package script '/home/strathvoyager/new_ws/src/install/extra_interfaces/share/extra_interfaces/package.zsh'
[7.559s] Level 1:colcon.colcon_core.environment:create_file_with_runtime_dependencies(/home/strathvoyager/new_ws/src/install/extra_interfaces/share/colcon-core/packages/extra_interfaces)
[7.561s] Level 1:colcon.colcon_core.environment:create_environment_scripts_only(extra_interfaces)
[7.562s] Level 1:colcon.colcon_core.environment:checking '/home/strathvoyager/new_ws/src/install/extra_interfaces' for CMake module files
[7.564s] Level 1:colcon.colcon_core.environment:checking '/home/strathvoyager/new_ws/src/install/extra_interfaces' for CMake config files
[7.565s] Level 1:colcon.colcon_core.shell:create_environment_hook('extra_interfaces', 'cmake_prefix_path')
[7.566s] INFO:colcon.colcon_core.shell:Creating environment hook '/home/strathvoyager/new_ws/src/install/extra_interfaces/share/extra_interfaces/hook/cmake_prefix_path.ps1'
[7.567s] INFO:colcon.colcon_core.shell:Creating environment descriptor '/home/strathvoyager/new_ws/src/install/extra_interfaces/share/extra_interfaces/hook/cmake_prefix_path.dsv'
[7.569s] INFO:colcon.colcon_core.shell:Creating environment hook '/home/strathvoyager/new_ws/src/install/extra_interfaces/share/extra_interfaces/hook/cmake_prefix_path.sh'
[7.571s] Level 1:colcon.colcon_core.environment:checking '/home/strathvoyager/new_ws/src/install/extra_interfaces/lib'
[7.572s] Level 1:colcon.colcon_core.shell:create_environment_hook('extra_interfaces', 'ld_library_path_lib')
[7.572s] INFO:colcon.colcon_core.shell:Creating environment hook '/home/strathvoyager/new_ws/src/install/extra_interfaces/share/extra_interfaces/hook/ld_library_path_lib.ps1'
[7.574s] INFO:colcon.colcon_core.shell:Creating environment descriptor '/home/strathvoyager/new_ws/src/install/extra_interfaces/share/extra_interfaces/hook/ld_library_path_lib.dsv'
[7.575s] INFO:colcon.colcon_core.shell:Creating environment hook '/home/strathvoyager/new_ws/src/install/extra_interfaces/share/extra_interfaces/hook/ld_library_path_lib.sh'
[7.576s] Level 1:colcon.colcon_core.environment:checking '/home/strathvoyager/new_ws/src/install/extra_interfaces/bin'
[7.577s] Level 1:colcon.colcon_core.environment:checking '/home/strathvoyager/new_ws/src/install/extra_interfaces/lib/pkgconfig/extra_interfaces.pc'
[7.578s] Level 1:colcon.colcon_core.environment:checking '/home/strathvoyager/new_ws/src/install/extra_interfaces/lib/python3.10/site-packages'
[7.578s] Level 1:colcon.colcon_core.environment:checking '/home/strathvoyager/new_ws/src/install/extra_interfaces/bin'
[7.579s] INFO:colcon.colcon_core.shell:Creating package script '/home/strathvoyager/new_ws/src/install/extra_interfaces/share/extra_interfaces/package.ps1'
[7.581s] INFO:colcon.colcon_core.shell:Creating package descriptor '/home/strathvoyager/new_ws/src/install/extra_interfaces/share/extra_interfaces/package.dsv'
[7.583s] INFO:colcon.colcon_core.shell:Creating package script '/home/strathvoyager/new_ws/src/install/extra_interfaces/share/extra_interfaces/package.sh'
[7.585s] INFO:colcon.colcon_core.shell:Creating package script '/home/strathvoyager/new_ws/src/install/extra_interfaces/share/extra_interfaces/package.bash'
[7.586s] INFO:colcon.colcon_core.shell:Creating package script '/home/strathvoyager/new_ws/src/install/extra_interfaces/share/extra_interfaces/package.zsh'
[7.587s] Level 1:colcon.colcon_core.environment:create_file_with_runtime_dependencies(/home/strathvoyager/new_ws/src/install/extra_interfaces/share/colcon-core/packages/extra_interfaces)
[7.588s] DEBUG:colcon.colcon_parallel_executor.executor.parallel:closing loop
[7.589s] DEBUG:colcon.colcon_parallel_executor.executor.parallel:loop closed
[7.590s] DEBUG:colcon.colcon_parallel_executor.executor.parallel:run_until_complete finished with '0'
[7.590s] DEBUG:colcon.colcon_core.event_reactor:joining thread
[7.610s] INFO:colcon.colcon_core.plugin_system:Skipping extension 'colcon_notification.desktop_notification.terminal_notifier': Not used on non-Darwin systems
[7.610s] INFO:colcon.colcon_core.plugin_system:Skipping extension 'colcon_notification.desktop_notification.win32': Not used on non-Windows systems
[7.611s] INFO:colcon.colcon_notification.desktop_notification:Sending desktop notification using 'notify2'
[7.658s] DEBUG:colcon.colcon_core.event_reactor:joined thread
[7.659s] INFO:colcon.colcon_core.shell:Creating prefix script '/home/strathvoyager/new_ws/src/install/local_setup.ps1'
[7.662s] INFO:colcon.colcon_core.shell:Creating prefix util module '/home/strathvoyager/new_ws/src/install/_local_setup_util_ps1.py'
[7.665s] INFO:colcon.colcon_core.shell:Creating prefix chain script '/home/strathvoyager/new_ws/src/install/setup.ps1'
[7.668s] INFO:colcon.colcon_core.shell:Creating prefix script '/home/strathvoyager/new_ws/src/install/local_setup.sh'
[7.670s] INFO:colcon.colcon_core.shell:Creating prefix util module '/home/strathvoyager/new_ws/src/install/_local_setup_util_sh.py'
[7.671s] INFO:colcon.colcon_core.shell:Creating prefix chain script '/home/strathvoyager/new_ws/src/install/setup.sh'
[7.675s] INFO:colcon.colcon_core.shell:Creating prefix script '/home/strathvoyager/new_ws/src/install/local_setup.bash'
[7.677s] INFO:colcon.colcon_core.shell:Creating prefix chain script '/home/strathvoyager/new_ws/src/install/setup.bash'
[7.680s] INFO:colcon.colcon_core.shell:Creating prefix script '/home/strathvoyager/new_ws/src/install/local_setup.zsh'
[7.681s] INFO:colcon.colcon_core.shell:Creating prefix chain script '/home/strathvoyager/new_ws/src/install/setup.zsh'
